[2025-10-10T02:04:15.912+0000] {processor.py:153} INFO - Started process (PID=251) to work on /opt/airflow/dags/dag1.py
[2025-10-10T02:04:15.912+0000] {processor.py:743} INFO - Processing file /opt/airflow/dags/dag1.py for tasks to queue
[2025-10-10T02:04:15.913+0000] {logging_mixin.py:137} INFO - [2025-10-10T02:04:15.912+0000] {dagbag.py:538} INFO - Filling up the DagBag from /opt/airflow/dags/dag1.py
[2025-10-10T02:04:15.926+0000] {processor.py:753} INFO - DAG(s) dict_keys(['dag1']) retrieved from /opt/airflow/dags/dag1.py
[2025-10-10T02:04:15.947+0000] {logging_mixin.py:137} INFO - [2025-10-10T02:04:15.947+0000] {dag.py:2676} INFO - Sync 1 DAGs
[2025-10-10T02:04:15.971+0000] {logging_mixin.py:137} INFO - [2025-10-10T02:04:15.971+0000] {dag.py:3427} INFO - Setting next_dagrun for dag1 to 2025-10-09T00:00:00+00:00, run_after=2025-10-10T00:00:00+00:00
[2025-10-10T02:04:16.001+0000] {processor.py:175} INFO - Processing /opt/airflow/dags/dag1.py took 0.091 seconds
[2025-10-10T02:04:46.879+0000] {processor.py:153} INFO - Started process (PID=271) to work on /opt/airflow/dags/dag1.py
[2025-10-10T02:04:46.880+0000] {processor.py:743} INFO - Processing file /opt/airflow/dags/dag1.py for tasks to queue
[2025-10-10T02:04:46.880+0000] {logging_mixin.py:137} INFO - [2025-10-10T02:04:46.880+0000] {dagbag.py:538} INFO - Filling up the DagBag from /opt/airflow/dags/dag1.py
[2025-10-10T02:04:46.895+0000] {processor.py:753} INFO - DAG(s) dict_keys(['dag1']) retrieved from /opt/airflow/dags/dag1.py
[2025-10-10T02:04:46.912+0000] {logging_mixin.py:137} INFO - [2025-10-10T02:04:46.912+0000] {dag.py:2676} INFO - Sync 1 DAGs
[2025-10-10T02:04:46.928+0000] {logging_mixin.py:137} INFO - [2025-10-10T02:04:46.928+0000] {dag.py:3427} INFO - Setting next_dagrun for dag1 to 2025-10-09T00:00:00+00:00, run_after=2025-10-10T00:00:00+00:00
[2025-10-10T02:04:46.951+0000] {processor.py:175} INFO - Processing /opt/airflow/dags/dag1.py took 0.074 seconds
[2025-10-10T02:05:17.805+0000] {processor.py:153} INFO - Started process (PID=291) to work on /opt/airflow/dags/dag1.py
[2025-10-10T02:05:17.806+0000] {processor.py:743} INFO - Processing file /opt/airflow/dags/dag1.py for tasks to queue
[2025-10-10T02:05:17.807+0000] {logging_mixin.py:137} INFO - [2025-10-10T02:05:17.807+0000] {dagbag.py:538} INFO - Filling up the DagBag from /opt/airflow/dags/dag1.py
[2025-10-10T02:05:17.821+0000] {processor.py:753} INFO - DAG(s) dict_keys(['dag1']) retrieved from /opt/airflow/dags/dag1.py
[2025-10-10T02:05:17.845+0000] {logging_mixin.py:137} INFO - [2025-10-10T02:05:17.845+0000] {dag.py:2676} INFO - Sync 1 DAGs
[2025-10-10T02:05:17.863+0000] {logging_mixin.py:137} INFO - [2025-10-10T02:05:17.863+0000] {dag.py:3427} INFO - Setting next_dagrun for dag1 to 2025-10-09T00:00:00+00:00, run_after=2025-10-10T00:00:00+00:00
[2025-10-10T02:05:17.887+0000] {processor.py:175} INFO - Processing /opt/airflow/dags/dag1.py took 0.084 seconds
[2025-10-10T02:05:48.709+0000] {processor.py:153} INFO - Started process (PID=311) to work on /opt/airflow/dags/dag1.py
[2025-10-10T02:05:48.710+0000] {processor.py:743} INFO - Processing file /opt/airflow/dags/dag1.py for tasks to queue
[2025-10-10T02:05:48.711+0000] {logging_mixin.py:137} INFO - [2025-10-10T02:05:48.711+0000] {dagbag.py:538} INFO - Filling up the DagBag from /opt/airflow/dags/dag1.py
[2025-10-10T02:05:48.725+0000] {processor.py:753} INFO - DAG(s) dict_keys(['dag1']) retrieved from /opt/airflow/dags/dag1.py
[2025-10-10T02:05:48.751+0000] {logging_mixin.py:137} INFO - [2025-10-10T02:05:48.751+0000] {dag.py:2676} INFO - Sync 1 DAGs
[2025-10-10T02:05:48.770+0000] {logging_mixin.py:137} INFO - [2025-10-10T02:05:48.770+0000] {dag.py:3427} INFO - Setting next_dagrun for dag1 to 2025-10-09T00:00:00+00:00, run_after=2025-10-10T00:00:00+00:00
[2025-10-10T02:05:48.792+0000] {processor.py:175} INFO - Processing /opt/airflow/dags/dag1.py took 0.085 seconds
[2025-10-10T02:06:19.640+0000] {processor.py:153} INFO - Started process (PID=331) to work on /opt/airflow/dags/dag1.py
[2025-10-10T02:06:19.641+0000] {processor.py:743} INFO - Processing file /opt/airflow/dags/dag1.py for tasks to queue
[2025-10-10T02:06:19.642+0000] {logging_mixin.py:137} INFO - [2025-10-10T02:06:19.642+0000] {dagbag.py:538} INFO - Filling up the DagBag from /opt/airflow/dags/dag1.py
[2025-10-10T02:06:19.656+0000] {processor.py:753} INFO - DAG(s) dict_keys(['dag1']) retrieved from /opt/airflow/dags/dag1.py
[2025-10-10T02:06:19.680+0000] {logging_mixin.py:137} INFO - [2025-10-10T02:06:19.680+0000] {dag.py:2676} INFO - Sync 1 DAGs
[2025-10-10T02:06:19.697+0000] {logging_mixin.py:137} INFO - [2025-10-10T02:06:19.697+0000] {dag.py:3427} INFO - Setting next_dagrun for dag1 to 2025-10-09T00:00:00+00:00, run_after=2025-10-10T00:00:00+00:00
[2025-10-10T02:06:19.717+0000] {processor.py:175} INFO - Processing /opt/airflow/dags/dag1.py took 0.079 seconds
[2025-10-10T02:06:50.522+0000] {processor.py:153} INFO - Started process (PID=351) to work on /opt/airflow/dags/dag1.py
[2025-10-10T02:06:50.523+0000] {processor.py:743} INFO - Processing file /opt/airflow/dags/dag1.py for tasks to queue
[2025-10-10T02:06:50.524+0000] {logging_mixin.py:137} INFO - [2025-10-10T02:06:50.524+0000] {dagbag.py:538} INFO - Filling up the DagBag from /opt/airflow/dags/dag1.py
[2025-10-10T02:06:50.538+0000] {processor.py:753} INFO - DAG(s) dict_keys(['dag1']) retrieved from /opt/airflow/dags/dag1.py
[2025-10-10T02:06:50.561+0000] {logging_mixin.py:137} INFO - [2025-10-10T02:06:50.561+0000] {dag.py:2676} INFO - Sync 1 DAGs
[2025-10-10T02:06:50.578+0000] {logging_mixin.py:137} INFO - [2025-10-10T02:06:50.578+0000] {dag.py:3427} INFO - Setting next_dagrun for dag1 to 2025-10-09T00:00:00+00:00, run_after=2025-10-10T00:00:00+00:00
[2025-10-10T02:06:50.602+0000] {processor.py:175} INFO - Processing /opt/airflow/dags/dag1.py took 0.082 seconds
[2025-10-10T02:07:21.390+0000] {processor.py:153} INFO - Started process (PID=369) to work on /opt/airflow/dags/dag1.py
[2025-10-10T02:07:21.391+0000] {processor.py:743} INFO - Processing file /opt/airflow/dags/dag1.py for tasks to queue
[2025-10-10T02:07:21.392+0000] {logging_mixin.py:137} INFO - [2025-10-10T02:07:21.392+0000] {dagbag.py:538} INFO - Filling up the DagBag from /opt/airflow/dags/dag1.py
[2025-10-10T02:07:21.406+0000] {processor.py:753} INFO - DAG(s) dict_keys(['dag1']) retrieved from /opt/airflow/dags/dag1.py
[2025-10-10T02:07:21.430+0000] {logging_mixin.py:137} INFO - [2025-10-10T02:07:21.429+0000] {dag.py:2676} INFO - Sync 1 DAGs
[2025-10-10T02:07:21.445+0000] {logging_mixin.py:137} INFO - [2025-10-10T02:07:21.445+0000] {dag.py:3427} INFO - Setting next_dagrun for dag1 to 2025-10-09T00:00:00+00:00, run_after=2025-10-10T00:00:00+00:00
[2025-10-10T02:07:21.465+0000] {processor.py:175} INFO - Processing /opt/airflow/dags/dag1.py took 0.078 seconds
[2025-10-10T02:07:52.317+0000] {processor.py:153} INFO - Started process (PID=391) to work on /opt/airflow/dags/dag1.py
[2025-10-10T02:07:52.318+0000] {processor.py:743} INFO - Processing file /opt/airflow/dags/dag1.py for tasks to queue
[2025-10-10T02:07:52.319+0000] {logging_mixin.py:137} INFO - [2025-10-10T02:07:52.319+0000] {dagbag.py:538} INFO - Filling up the DagBag from /opt/airflow/dags/dag1.py
[2025-10-10T02:07:52.333+0000] {processor.py:753} INFO - DAG(s) dict_keys(['dag1']) retrieved from /opt/airflow/dags/dag1.py
[2025-10-10T02:07:52.358+0000] {logging_mixin.py:137} INFO - [2025-10-10T02:07:52.358+0000] {dag.py:2676} INFO - Sync 1 DAGs
[2025-10-10T02:07:52.374+0000] {logging_mixin.py:137} INFO - [2025-10-10T02:07:52.374+0000] {dag.py:3427} INFO - Setting next_dagrun for dag1 to 2025-10-09T00:00:00+00:00, run_after=2025-10-10T00:00:00+00:00
[2025-10-10T02:07:52.394+0000] {processor.py:175} INFO - Processing /opt/airflow/dags/dag1.py took 0.079 seconds
[2025-10-10T02:08:23.182+0000] {processor.py:153} INFO - Started process (PID=411) to work on /opt/airflow/dags/dag1.py
[2025-10-10T02:08:23.183+0000] {processor.py:743} INFO - Processing file /opt/airflow/dags/dag1.py for tasks to queue
[2025-10-10T02:08:23.183+0000] {logging_mixin.py:137} INFO - [2025-10-10T02:08:23.183+0000] {dagbag.py:538} INFO - Filling up the DagBag from /opt/airflow/dags/dag1.py
[2025-10-10T02:08:23.197+0000] {processor.py:753} INFO - DAG(s) dict_keys(['dag1']) retrieved from /opt/airflow/dags/dag1.py
[2025-10-10T02:08:23.221+0000] {logging_mixin.py:137} INFO - [2025-10-10T02:08:23.221+0000] {dag.py:2676} INFO - Sync 1 DAGs
[2025-10-10T02:08:23.238+0000] {logging_mixin.py:137} INFO - [2025-10-10T02:08:23.238+0000] {dag.py:3427} INFO - Setting next_dagrun for dag1 to 2025-10-09T00:00:00+00:00, run_after=2025-10-10T00:00:00+00:00
[2025-10-10T02:08:23.258+0000] {processor.py:175} INFO - Processing /opt/airflow/dags/dag1.py took 0.078 seconds
[2025-10-10T02:08:54.020+0000] {processor.py:153} INFO - Started process (PID=431) to work on /opt/airflow/dags/dag1.py
[2025-10-10T02:08:54.021+0000] {processor.py:743} INFO - Processing file /opt/airflow/dags/dag1.py for tasks to queue
[2025-10-10T02:08:54.021+0000] {logging_mixin.py:137} INFO - [2025-10-10T02:08:54.021+0000] {dagbag.py:538} INFO - Filling up the DagBag from /opt/airflow/dags/dag1.py
[2025-10-10T02:08:54.034+0000] {processor.py:753} INFO - DAG(s) dict_keys(['dag1']) retrieved from /opt/airflow/dags/dag1.py
[2025-10-10T02:08:54.063+0000] {logging_mixin.py:137} INFO - [2025-10-10T02:08:54.063+0000] {dag.py:2676} INFO - Sync 1 DAGs
[2025-10-10T02:08:54.092+0000] {logging_mixin.py:137} INFO - [2025-10-10T02:08:54.091+0000] {dag.py:3427} INFO - Setting next_dagrun for dag1 to 2025-10-09T00:00:00+00:00, run_after=2025-10-10T00:00:00+00:00
[2025-10-10T02:08:54.120+0000] {processor.py:175} INFO - Processing /opt/airflow/dags/dag1.py took 0.103 seconds
[2025-10-10T02:09:24.995+0000] {processor.py:153} INFO - Started process (PID=451) to work on /opt/airflow/dags/dag1.py
[2025-10-10T02:09:24.996+0000] {processor.py:743} INFO - Processing file /opt/airflow/dags/dag1.py for tasks to queue
[2025-10-10T02:09:24.996+0000] {logging_mixin.py:137} INFO - [2025-10-10T02:09:24.996+0000] {dagbag.py:538} INFO - Filling up the DagBag from /opt/airflow/dags/dag1.py
[2025-10-10T02:09:25.011+0000] {processor.py:753} INFO - DAG(s) dict_keys(['dag1']) retrieved from /opt/airflow/dags/dag1.py
[2025-10-10T02:09:25.039+0000] {logging_mixin.py:137} INFO - [2025-10-10T02:09:25.038+0000] {dag.py:2676} INFO - Sync 1 DAGs
[2025-10-10T02:09:25.056+0000] {logging_mixin.py:137} INFO - [2025-10-10T02:09:25.056+0000] {dag.py:3427} INFO - Setting next_dagrun for dag1 to 2025-10-09T00:00:00+00:00, run_after=2025-10-10T00:00:00+00:00
[2025-10-10T02:09:25.077+0000] {processor.py:175} INFO - Processing /opt/airflow/dags/dag1.py took 0.084 seconds
[2025-10-10T02:09:55.102+0000] {processor.py:153} INFO - Started process (PID=469) to work on /opt/airflow/dags/dag1.py
[2025-10-10T02:09:55.103+0000] {processor.py:743} INFO - Processing file /opt/airflow/dags/dag1.py for tasks to queue
[2025-10-10T02:09:55.104+0000] {logging_mixin.py:137} INFO - [2025-10-10T02:09:55.104+0000] {dagbag.py:538} INFO - Filling up the DagBag from /opt/airflow/dags/dag1.py
[2025-10-10T02:09:55.118+0000] {processor.py:753} INFO - DAG(s) dict_keys(['dag1']) retrieved from /opt/airflow/dags/dag1.py
[2025-10-10T02:09:55.145+0000] {logging_mixin.py:137} INFO - [2025-10-10T02:09:55.145+0000] {dag.py:2676} INFO - Sync 1 DAGs
[2025-10-10T02:09:55.163+0000] {logging_mixin.py:137} INFO - [2025-10-10T02:09:55.163+0000] {dag.py:3427} INFO - Setting next_dagrun for dag1 to 2025-10-09T00:00:00+00:00, run_after=2025-10-10T00:00:00+00:00
[2025-10-10T02:09:55.184+0000] {processor.py:175} INFO - Processing /opt/airflow/dags/dag1.py took 0.085 seconds
[2025-10-10T02:10:25.521+0000] {processor.py:153} INFO - Started process (PID=491) to work on /opt/airflow/dags/dag1.py
[2025-10-10T02:10:25.522+0000] {processor.py:743} INFO - Processing file /opt/airflow/dags/dag1.py for tasks to queue
[2025-10-10T02:10:25.523+0000] {logging_mixin.py:137} INFO - [2025-10-10T02:10:25.523+0000] {dagbag.py:538} INFO - Filling up the DagBag from /opt/airflow/dags/dag1.py
[2025-10-10T02:10:25.537+0000] {processor.py:753} INFO - DAG(s) dict_keys(['dag1']) retrieved from /opt/airflow/dags/dag1.py
[2025-10-10T02:10:25.564+0000] {logging_mixin.py:137} INFO - [2025-10-10T02:10:25.564+0000] {dag.py:2676} INFO - Sync 1 DAGs
[2025-10-10T02:10:25.580+0000] {logging_mixin.py:137} INFO - [2025-10-10T02:10:25.580+0000] {dag.py:3427} INFO - Setting next_dagrun for dag1 to 2025-10-09T00:00:00+00:00, run_after=2025-10-10T00:00:00+00:00
[2025-10-10T02:10:25.602+0000] {processor.py:175} INFO - Processing /opt/airflow/dags/dag1.py took 0.083 seconds
[2025-10-10T02:10:56.505+0000] {processor.py:153} INFO - Started process (PID=511) to work on /opt/airflow/dags/dag1.py
[2025-10-10T02:10:56.506+0000] {processor.py:743} INFO - Processing file /opt/airflow/dags/dag1.py for tasks to queue
[2025-10-10T02:10:56.506+0000] {logging_mixin.py:137} INFO - [2025-10-10T02:10:56.506+0000] {dagbag.py:538} INFO - Filling up the DagBag from /opt/airflow/dags/dag1.py
[2025-10-10T02:10:56.520+0000] {processor.py:753} INFO - DAG(s) dict_keys(['dag1']) retrieved from /opt/airflow/dags/dag1.py
[2025-10-10T02:10:56.545+0000] {logging_mixin.py:137} INFO - [2025-10-10T02:10:56.545+0000] {dag.py:2676} INFO - Sync 1 DAGs
[2025-10-10T02:10:56.560+0000] {logging_mixin.py:137} INFO - [2025-10-10T02:10:56.560+0000] {dag.py:3427} INFO - Setting next_dagrun for dag1 to 2025-10-09T00:00:00+00:00, run_after=2025-10-10T00:00:00+00:00
[2025-10-10T02:10:56.581+0000] {processor.py:175} INFO - Processing /opt/airflow/dags/dag1.py took 0.079 seconds
[2025-10-10T02:11:27.332+0000] {processor.py:153} INFO - Started process (PID=531) to work on /opt/airflow/dags/dag1.py
[2025-10-10T02:11:27.333+0000] {processor.py:743} INFO - Processing file /opt/airflow/dags/dag1.py for tasks to queue
[2025-10-10T02:11:27.333+0000] {logging_mixin.py:137} INFO - [2025-10-10T02:11:27.333+0000] {dagbag.py:538} INFO - Filling up the DagBag from /opt/airflow/dags/dag1.py
[2025-10-10T02:11:27.347+0000] {processor.py:753} INFO - DAG(s) dict_keys(['dag1']) retrieved from /opt/airflow/dags/dag1.py
[2025-10-10T02:11:27.374+0000] {logging_mixin.py:137} INFO - [2025-10-10T02:11:27.374+0000] {dag.py:2676} INFO - Sync 1 DAGs
[2025-10-10T02:11:27.395+0000] {logging_mixin.py:137} INFO - [2025-10-10T02:11:27.394+0000] {dag.py:3427} INFO - Setting next_dagrun for dag1 to 2025-10-09T00:00:00+00:00, run_after=2025-10-10T00:00:00+00:00
[2025-10-10T02:11:27.421+0000] {processor.py:175} INFO - Processing /opt/airflow/dags/dag1.py took 0.092 seconds
[2025-10-10T02:11:58.200+0000] {processor.py:153} INFO - Started process (PID=551) to work on /opt/airflow/dags/dag1.py
[2025-10-10T02:11:58.201+0000] {processor.py:743} INFO - Processing file /opt/airflow/dags/dag1.py for tasks to queue
[2025-10-10T02:11:58.201+0000] {logging_mixin.py:137} INFO - [2025-10-10T02:11:58.201+0000] {dagbag.py:538} INFO - Filling up the DagBag from /opt/airflow/dags/dag1.py
[2025-10-10T02:11:58.216+0000] {processor.py:753} INFO - DAG(s) dict_keys(['dag1']) retrieved from /opt/airflow/dags/dag1.py
[2025-10-10T02:11:58.244+0000] {logging_mixin.py:137} INFO - [2025-10-10T02:11:58.244+0000] {dag.py:2676} INFO - Sync 1 DAGs
[2025-10-10T02:11:58.263+0000] {logging_mixin.py:137} INFO - [2025-10-10T02:11:58.263+0000] {dag.py:3427} INFO - Setting next_dagrun for dag1 to 2025-10-09T00:00:00+00:00, run_after=2025-10-10T00:00:00+00:00
[2025-10-10T02:11:58.288+0000] {processor.py:175} INFO - Processing /opt/airflow/dags/dag1.py took 0.090 seconds
[2025-10-10T02:12:29.092+0000] {processor.py:153} INFO - Started process (PID=571) to work on /opt/airflow/dags/dag1.py
[2025-10-10T02:12:29.093+0000] {processor.py:743} INFO - Processing file /opt/airflow/dags/dag1.py for tasks to queue
[2025-10-10T02:12:29.093+0000] {logging_mixin.py:137} INFO - [2025-10-10T02:12:29.093+0000] {dagbag.py:538} INFO - Filling up the DagBag from /opt/airflow/dags/dag1.py
[2025-10-10T02:12:29.107+0000] {processor.py:753} INFO - DAG(s) dict_keys(['dag1']) retrieved from /opt/airflow/dags/dag1.py
[2025-10-10T02:12:29.136+0000] {logging_mixin.py:137} INFO - [2025-10-10T02:12:29.135+0000] {dag.py:2676} INFO - Sync 1 DAGs
[2025-10-10T02:12:29.152+0000] {logging_mixin.py:137} INFO - [2025-10-10T02:12:29.152+0000] {dag.py:3427} INFO - Setting next_dagrun for dag1 to 2025-10-09T00:00:00+00:00, run_after=2025-10-10T00:00:00+00:00
[2025-10-10T02:12:29.175+0000] {processor.py:175} INFO - Processing /opt/airflow/dags/dag1.py took 0.086 seconds
[2025-10-10T02:12:59.798+0000] {processor.py:153} INFO - Started process (PID=591) to work on /opt/airflow/dags/dag1.py
[2025-10-10T02:12:59.799+0000] {processor.py:743} INFO - Processing file /opt/airflow/dags/dag1.py for tasks to queue
[2025-10-10T02:12:59.800+0000] {logging_mixin.py:137} INFO - [2025-10-10T02:12:59.800+0000] {dagbag.py:538} INFO - Filling up the DagBag from /opt/airflow/dags/dag1.py
[2025-10-10T02:12:59.816+0000] {processor.py:753} INFO - DAG(s) dict_keys(['dag1']) retrieved from /opt/airflow/dags/dag1.py
[2025-10-10T02:12:59.846+0000] {logging_mixin.py:137} INFO - [2025-10-10T02:12:59.846+0000] {dag.py:2676} INFO - Sync 1 DAGs
[2025-10-10T02:12:59.865+0000] {logging_mixin.py:137} INFO - [2025-10-10T02:12:59.865+0000] {dag.py:3427} INFO - Setting next_dagrun for dag1 to 2025-10-09T00:00:00+00:00, run_after=2025-10-10T00:00:00+00:00
[2025-10-10T02:12:59.895+0000] {processor.py:175} INFO - Processing /opt/airflow/dags/dag1.py took 0.099 seconds
[2025-10-10T02:13:30.547+0000] {processor.py:153} INFO - Started process (PID=611) to work on /opt/airflow/dags/dag1.py
[2025-10-10T02:13:30.548+0000] {processor.py:743} INFO - Processing file /opt/airflow/dags/dag1.py for tasks to queue
[2025-10-10T02:13:30.548+0000] {logging_mixin.py:137} INFO - [2025-10-10T02:13:30.548+0000] {dagbag.py:538} INFO - Filling up the DagBag from /opt/airflow/dags/dag1.py
[2025-10-10T02:13:30.563+0000] {processor.py:753} INFO - DAG(s) dict_keys(['dag1']) retrieved from /opt/airflow/dags/dag1.py
[2025-10-10T02:13:30.592+0000] {logging_mixin.py:137} INFO - [2025-10-10T02:13:30.592+0000] {dag.py:2676} INFO - Sync 1 DAGs
[2025-10-10T02:13:30.610+0000] {logging_mixin.py:137} INFO - [2025-10-10T02:13:30.610+0000] {dag.py:3427} INFO - Setting next_dagrun for dag1 to 2025-10-09T00:00:00+00:00, run_after=2025-10-10T00:00:00+00:00
[2025-10-10T02:13:30.640+0000] {processor.py:175} INFO - Processing /opt/airflow/dags/dag1.py took 0.096 seconds
[2025-10-10T02:14:00.734+0000] {processor.py:153} INFO - Started process (PID=631) to work on /opt/airflow/dags/dag1.py
[2025-10-10T02:14:00.735+0000] {processor.py:743} INFO - Processing file /opt/airflow/dags/dag1.py for tasks to queue
[2025-10-10T02:14:00.735+0000] {logging_mixin.py:137} INFO - [2025-10-10T02:14:00.735+0000] {dagbag.py:538} INFO - Filling up the DagBag from /opt/airflow/dags/dag1.py
[2025-10-10T02:14:00.749+0000] {processor.py:753} INFO - DAG(s) dict_keys(['dag1']) retrieved from /opt/airflow/dags/dag1.py
[2025-10-10T02:14:00.775+0000] {logging_mixin.py:137} INFO - [2025-10-10T02:14:00.774+0000] {dag.py:2676} INFO - Sync 1 DAGs
[2025-10-10T02:14:00.790+0000] {logging_mixin.py:137} INFO - [2025-10-10T02:14:00.790+0000] {dag.py:3427} INFO - Setting next_dagrun for dag1 to 2025-10-09T00:00:00+00:00, run_after=2025-10-10T00:00:00+00:00
[2025-10-10T02:14:00.815+0000] {processor.py:175} INFO - Processing /opt/airflow/dags/dag1.py took 0.084 seconds
[2025-10-10T02:14:31.522+0000] {processor.py:153} INFO - Started process (PID=651) to work on /opt/airflow/dags/dag1.py
[2025-10-10T02:14:31.523+0000] {processor.py:743} INFO - Processing file /opt/airflow/dags/dag1.py for tasks to queue
[2025-10-10T02:14:31.523+0000] {logging_mixin.py:137} INFO - [2025-10-10T02:14:31.523+0000] {dagbag.py:538} INFO - Filling up the DagBag from /opt/airflow/dags/dag1.py
[2025-10-10T02:14:31.538+0000] {processor.py:753} INFO - DAG(s) dict_keys(['dag1']) retrieved from /opt/airflow/dags/dag1.py
[2025-10-10T02:14:31.564+0000] {logging_mixin.py:137} INFO - [2025-10-10T02:14:31.564+0000] {dag.py:2676} INFO - Sync 1 DAGs
[2025-10-10T02:14:31.584+0000] {logging_mixin.py:137} INFO - [2025-10-10T02:14:31.584+0000] {dag.py:3427} INFO - Setting next_dagrun for dag1 to 2025-10-09T00:00:00+00:00, run_after=2025-10-10T00:00:00+00:00
[2025-10-10T02:14:31.605+0000] {processor.py:175} INFO - Processing /opt/airflow/dags/dag1.py took 0.085 seconds
[2025-10-10T02:15:02.254+0000] {processor.py:153} INFO - Started process (PID=671) to work on /opt/airflow/dags/dag1.py
[2025-10-10T02:15:02.255+0000] {processor.py:743} INFO - Processing file /opt/airflow/dags/dag1.py for tasks to queue
[2025-10-10T02:15:02.256+0000] {logging_mixin.py:137} INFO - [2025-10-10T02:15:02.256+0000] {dagbag.py:538} INFO - Filling up the DagBag from /opt/airflow/dags/dag1.py
[2025-10-10T02:15:02.269+0000] {processor.py:753} INFO - DAG(s) dict_keys(['dag1']) retrieved from /opt/airflow/dags/dag1.py
[2025-10-10T02:15:02.295+0000] {logging_mixin.py:137} INFO - [2025-10-10T02:15:02.295+0000] {dag.py:2676} INFO - Sync 1 DAGs
[2025-10-10T02:15:02.312+0000] {logging_mixin.py:137} INFO - [2025-10-10T02:15:02.312+0000] {dag.py:3427} INFO - Setting next_dagrun for dag1 to 2025-10-09T00:00:00+00:00, run_after=2025-10-10T00:00:00+00:00
[2025-10-10T02:15:02.337+0000] {processor.py:175} INFO - Processing /opt/airflow/dags/dag1.py took 0.086 seconds
[2025-10-10T02:15:32.925+0000] {processor.py:153} INFO - Started process (PID=691) to work on /opt/airflow/dags/dag1.py
[2025-10-10T02:15:32.926+0000] {processor.py:743} INFO - Processing file /opt/airflow/dags/dag1.py for tasks to queue
[2025-10-10T02:15:32.926+0000] {logging_mixin.py:137} INFO - [2025-10-10T02:15:32.926+0000] {dagbag.py:538} INFO - Filling up the DagBag from /opt/airflow/dags/dag1.py
[2025-10-10T02:15:32.940+0000] {processor.py:753} INFO - DAG(s) dict_keys(['dag1']) retrieved from /opt/airflow/dags/dag1.py
[2025-10-10T02:15:32.967+0000] {logging_mixin.py:137} INFO - [2025-10-10T02:15:32.967+0000] {dag.py:2676} INFO - Sync 1 DAGs
[2025-10-10T02:15:32.982+0000] {logging_mixin.py:137} INFO - [2025-10-10T02:15:32.982+0000] {dag.py:3427} INFO - Setting next_dagrun for dag1 to 2025-10-09T00:00:00+00:00, run_after=2025-10-10T00:00:00+00:00
[2025-10-10T02:15:33.009+0000] {processor.py:175} INFO - Processing /opt/airflow/dags/dag1.py took 0.087 seconds
[2025-10-10T02:16:03.660+0000] {processor.py:153} INFO - Started process (PID=711) to work on /opt/airflow/dags/dag1.py
[2025-10-10T02:16:03.660+0000] {processor.py:743} INFO - Processing file /opt/airflow/dags/dag1.py for tasks to queue
[2025-10-10T02:16:03.661+0000] {logging_mixin.py:137} INFO - [2025-10-10T02:16:03.661+0000] {dagbag.py:538} INFO - Filling up the DagBag from /opt/airflow/dags/dag1.py
[2025-10-10T02:16:03.675+0000] {processor.py:753} INFO - DAG(s) dict_keys(['dag1']) retrieved from /opt/airflow/dags/dag1.py
[2025-10-10T02:16:03.699+0000] {logging_mixin.py:137} INFO - [2025-10-10T02:16:03.699+0000] {dag.py:2676} INFO - Sync 1 DAGs
[2025-10-10T02:16:03.715+0000] {logging_mixin.py:137} INFO - [2025-10-10T02:16:03.715+0000] {dag.py:3427} INFO - Setting next_dagrun for dag1 to 2025-10-09T00:00:00+00:00, run_after=2025-10-10T00:00:00+00:00
[2025-10-10T02:16:03.736+0000] {processor.py:175} INFO - Processing /opt/airflow/dags/dag1.py took 0.079 seconds
[2025-10-10T02:16:34.356+0000] {processor.py:153} INFO - Started process (PID=731) to work on /opt/airflow/dags/dag1.py
[2025-10-10T02:16:34.356+0000] {processor.py:743} INFO - Processing file /opt/airflow/dags/dag1.py for tasks to queue
[2025-10-10T02:16:34.357+0000] {logging_mixin.py:137} INFO - [2025-10-10T02:16:34.357+0000] {dagbag.py:538} INFO - Filling up the DagBag from /opt/airflow/dags/dag1.py
[2025-10-10T02:16:34.374+0000] {processor.py:753} INFO - DAG(s) dict_keys(['dag1']) retrieved from /opt/airflow/dags/dag1.py
[2025-10-10T02:16:34.399+0000] {logging_mixin.py:137} INFO - [2025-10-10T02:16:34.398+0000] {dag.py:2676} INFO - Sync 1 DAGs
[2025-10-10T02:16:34.415+0000] {logging_mixin.py:137} INFO - [2025-10-10T02:16:34.415+0000] {dag.py:3427} INFO - Setting next_dagrun for dag1 to 2025-10-09T00:00:00+00:00, run_after=2025-10-10T00:00:00+00:00
[2025-10-10T02:16:34.439+0000] {processor.py:175} INFO - Processing /opt/airflow/dags/dag1.py took 0.085 seconds
[2025-10-10T02:17:05.030+0000] {processor.py:153} INFO - Started process (PID=751) to work on /opt/airflow/dags/dag1.py
[2025-10-10T02:17:05.031+0000] {processor.py:743} INFO - Processing file /opt/airflow/dags/dag1.py for tasks to queue
[2025-10-10T02:17:05.031+0000] {logging_mixin.py:137} INFO - [2025-10-10T02:17:05.031+0000] {dagbag.py:538} INFO - Filling up the DagBag from /opt/airflow/dags/dag1.py
[2025-10-10T02:17:05.045+0000] {processor.py:753} INFO - DAG(s) dict_keys(['dag1']) retrieved from /opt/airflow/dags/dag1.py
[2025-10-10T02:17:05.068+0000] {logging_mixin.py:137} INFO - [2025-10-10T02:17:05.068+0000] {dag.py:2676} INFO - Sync 1 DAGs
[2025-10-10T02:17:05.083+0000] {logging_mixin.py:137} INFO - [2025-10-10T02:17:05.083+0000] {dag.py:3427} INFO - Setting next_dagrun for dag1 to 2025-10-09T00:00:00+00:00, run_after=2025-10-10T00:00:00+00:00
[2025-10-10T02:17:05.103+0000] {processor.py:175} INFO - Processing /opt/airflow/dags/dag1.py took 0.075 seconds
[2025-10-10T02:17:35.734+0000] {processor.py:153} INFO - Started process (PID=769) to work on /opt/airflow/dags/dag1.py
[2025-10-10T02:17:35.735+0000] {processor.py:743} INFO - Processing file /opt/airflow/dags/dag1.py for tasks to queue
[2025-10-10T02:17:35.736+0000] {logging_mixin.py:137} INFO - [2025-10-10T02:17:35.736+0000] {dagbag.py:538} INFO - Filling up the DagBag from /opt/airflow/dags/dag1.py
[2025-10-10T02:17:35.751+0000] {processor.py:753} INFO - DAG(s) dict_keys(['dag1']) retrieved from /opt/airflow/dags/dag1.py
[2025-10-10T02:17:35.780+0000] {logging_mixin.py:137} INFO - [2025-10-10T02:17:35.779+0000] {dag.py:2676} INFO - Sync 1 DAGs
[2025-10-10T02:17:35.798+0000] {logging_mixin.py:137} INFO - [2025-10-10T02:17:35.798+0000] {dag.py:3427} INFO - Setting next_dagrun for dag1 to 2025-10-09T00:00:00+00:00, run_after=2025-10-10T00:00:00+00:00
[2025-10-10T02:17:35.823+0000] {processor.py:175} INFO - Processing /opt/airflow/dags/dag1.py took 0.091 seconds
[2025-10-10T02:18:06.438+0000] {processor.py:153} INFO - Started process (PID=791) to work on /opt/airflow/dags/dag1.py
[2025-10-10T02:18:06.439+0000] {processor.py:743} INFO - Processing file /opt/airflow/dags/dag1.py for tasks to queue
[2025-10-10T02:18:06.440+0000] {logging_mixin.py:137} INFO - [2025-10-10T02:18:06.440+0000] {dagbag.py:538} INFO - Filling up the DagBag from /opt/airflow/dags/dag1.py
[2025-10-10T02:18:06.453+0000] {processor.py:753} INFO - DAG(s) dict_keys(['dag1']) retrieved from /opt/airflow/dags/dag1.py
[2025-10-10T02:18:06.477+0000] {logging_mixin.py:137} INFO - [2025-10-10T02:18:06.477+0000] {dag.py:2676} INFO - Sync 1 DAGs
[2025-10-10T02:18:06.496+0000] {logging_mixin.py:137} INFO - [2025-10-10T02:18:06.496+0000] {dag.py:3427} INFO - Setting next_dagrun for dag1 to 2025-10-09T00:00:00+00:00, run_after=2025-10-10T00:00:00+00:00
[2025-10-10T02:18:06.516+0000] {processor.py:175} INFO - Processing /opt/airflow/dags/dag1.py took 0.080 seconds
[2025-10-10T02:18:37.109+0000] {processor.py:153} INFO - Started process (PID=811) to work on /opt/airflow/dags/dag1.py
[2025-10-10T02:18:37.109+0000] {processor.py:743} INFO - Processing file /opt/airflow/dags/dag1.py for tasks to queue
[2025-10-10T02:18:37.110+0000] {logging_mixin.py:137} INFO - [2025-10-10T02:18:37.110+0000] {dagbag.py:538} INFO - Filling up the DagBag from /opt/airflow/dags/dag1.py
[2025-10-10T02:18:37.123+0000] {processor.py:753} INFO - DAG(s) dict_keys(['dag1']) retrieved from /opt/airflow/dags/dag1.py
[2025-10-10T02:18:37.148+0000] {logging_mixin.py:137} INFO - [2025-10-10T02:18:37.148+0000] {dag.py:2676} INFO - Sync 1 DAGs
[2025-10-10T02:18:37.167+0000] {logging_mixin.py:137} INFO - [2025-10-10T02:18:37.167+0000] {dag.py:3427} INFO - Setting next_dagrun for dag1 to 2025-10-09T00:00:00+00:00, run_after=2025-10-10T00:00:00+00:00
[2025-10-10T02:18:37.192+0000] {processor.py:175} INFO - Processing /opt/airflow/dags/dag1.py took 0.086 seconds
[2025-10-10T02:19:07.789+0000] {processor.py:153} INFO - Started process (PID=831) to work on /opt/airflow/dags/dag1.py
[2025-10-10T02:19:07.791+0000] {processor.py:743} INFO - Processing file /opt/airflow/dags/dag1.py for tasks to queue
[2025-10-10T02:19:07.791+0000] {logging_mixin.py:137} INFO - [2025-10-10T02:19:07.791+0000] {dagbag.py:538} INFO - Filling up the DagBag from /opt/airflow/dags/dag1.py
[2025-10-10T02:19:07.805+0000] {processor.py:753} INFO - DAG(s) dict_keys(['dag1']) retrieved from /opt/airflow/dags/dag1.py
[2025-10-10T02:19:07.831+0000] {logging_mixin.py:137} INFO - [2025-10-10T02:19:07.831+0000] {dag.py:2676} INFO - Sync 1 DAGs
[2025-10-10T02:19:07.849+0000] {logging_mixin.py:137} INFO - [2025-10-10T02:19:07.849+0000] {dag.py:3427} INFO - Setting next_dagrun for dag1 to 2025-10-09T00:00:00+00:00, run_after=2025-10-10T00:00:00+00:00
[2025-10-10T02:19:07.869+0000] {processor.py:175} INFO - Processing /opt/airflow/dags/dag1.py took 0.082 seconds
[2025-10-10T02:19:38.497+0000] {processor.py:153} INFO - Started process (PID=851) to work on /opt/airflow/dags/dag1.py
[2025-10-10T02:19:38.498+0000] {processor.py:743} INFO - Processing file /opt/airflow/dags/dag1.py for tasks to queue
[2025-10-10T02:19:38.498+0000] {logging_mixin.py:137} INFO - [2025-10-10T02:19:38.498+0000] {dagbag.py:538} INFO - Filling up the DagBag from /opt/airflow/dags/dag1.py
[2025-10-10T02:19:38.511+0000] {processor.py:753} INFO - DAG(s) dict_keys(['dag1']) retrieved from /opt/airflow/dags/dag1.py
[2025-10-10T02:19:38.537+0000] {logging_mixin.py:137} INFO - [2025-10-10T02:19:38.537+0000] {dag.py:2676} INFO - Sync 1 DAGs
[2025-10-10T02:19:38.554+0000] {logging_mixin.py:137} INFO - [2025-10-10T02:19:38.554+0000] {dag.py:3427} INFO - Setting next_dagrun for dag1 to 2025-10-09T00:00:00+00:00, run_after=2025-10-10T00:00:00+00:00
[2025-10-10T02:19:38.576+0000] {processor.py:175} INFO - Processing /opt/airflow/dags/dag1.py took 0.082 seconds
[2025-10-10T02:20:09.177+0000] {processor.py:153} INFO - Started process (PID=871) to work on /opt/airflow/dags/dag1.py
[2025-10-10T02:20:09.178+0000] {processor.py:743} INFO - Processing file /opt/airflow/dags/dag1.py for tasks to queue
[2025-10-10T02:20:09.179+0000] {logging_mixin.py:137} INFO - [2025-10-10T02:20:09.179+0000] {dagbag.py:538} INFO - Filling up the DagBag from /opt/airflow/dags/dag1.py
[2025-10-10T02:20:09.193+0000] {processor.py:753} INFO - DAG(s) dict_keys(['dag1']) retrieved from /opt/airflow/dags/dag1.py
[2025-10-10T02:20:09.218+0000] {logging_mixin.py:137} INFO - [2025-10-10T02:20:09.218+0000] {dag.py:2676} INFO - Sync 1 DAGs
[2025-10-10T02:20:09.235+0000] {logging_mixin.py:137} INFO - [2025-10-10T02:20:09.235+0000] {dag.py:3427} INFO - Setting next_dagrun for dag1 to 2025-10-09T00:00:00+00:00, run_after=2025-10-10T00:00:00+00:00
[2025-10-10T02:20:09.259+0000] {processor.py:175} INFO - Processing /opt/airflow/dags/dag1.py took 0.086 seconds
[2025-10-10T02:20:39.803+0000] {processor.py:153} INFO - Started process (PID=891) to work on /opt/airflow/dags/dag1.py
[2025-10-10T02:20:39.804+0000] {processor.py:743} INFO - Processing file /opt/airflow/dags/dag1.py for tasks to queue
[2025-10-10T02:20:39.804+0000] {logging_mixin.py:137} INFO - [2025-10-10T02:20:39.804+0000] {dagbag.py:538} INFO - Filling up the DagBag from /opt/airflow/dags/dag1.py
[2025-10-10T02:20:39.818+0000] {processor.py:753} INFO - DAG(s) dict_keys(['dag1']) retrieved from /opt/airflow/dags/dag1.py
[2025-10-10T02:20:39.841+0000] {logging_mixin.py:137} INFO - [2025-10-10T02:20:39.841+0000] {dag.py:2676} INFO - Sync 1 DAGs
[2025-10-10T02:20:39.858+0000] {logging_mixin.py:137} INFO - [2025-10-10T02:20:39.858+0000] {dag.py:3427} INFO - Setting next_dagrun for dag1 to 2025-10-09T00:00:00+00:00, run_after=2025-10-10T00:00:00+00:00
[2025-10-10T02:20:39.881+0000] {processor.py:175} INFO - Processing /opt/airflow/dags/dag1.py took 0.081 seconds
[2025-10-10T02:21:10.434+0000] {processor.py:153} INFO - Started process (PID=911) to work on /opt/airflow/dags/dag1.py
[2025-10-10T02:21:10.435+0000] {processor.py:743} INFO - Processing file /opt/airflow/dags/dag1.py for tasks to queue
[2025-10-10T02:21:10.435+0000] {logging_mixin.py:137} INFO - [2025-10-10T02:21:10.435+0000] {dagbag.py:538} INFO - Filling up the DagBag from /opt/airflow/dags/dag1.py
[2025-10-10T02:21:10.448+0000] {processor.py:753} INFO - DAG(s) dict_keys(['dag1']) retrieved from /opt/airflow/dags/dag1.py
[2025-10-10T02:21:10.472+0000] {logging_mixin.py:137} INFO - [2025-10-10T02:21:10.471+0000] {dag.py:2676} INFO - Sync 1 DAGs
[2025-10-10T02:21:10.489+0000] {logging_mixin.py:137} INFO - [2025-10-10T02:21:10.489+0000] {dag.py:3427} INFO - Setting next_dagrun for dag1 to 2025-10-09T00:00:00+00:00, run_after=2025-10-10T00:00:00+00:00
[2025-10-10T02:21:10.511+0000] {processor.py:175} INFO - Processing /opt/airflow/dags/dag1.py took 0.080 seconds
[2025-10-10T02:21:40.993+0000] {processor.py:153} INFO - Started process (PID=931) to work on /opt/airflow/dags/dag1.py
[2025-10-10T02:21:40.994+0000] {processor.py:743} INFO - Processing file /opt/airflow/dags/dag1.py for tasks to queue
[2025-10-10T02:21:40.994+0000] {logging_mixin.py:137} INFO - [2025-10-10T02:21:40.994+0000] {dagbag.py:538} INFO - Filling up the DagBag from /opt/airflow/dags/dag1.py
[2025-10-10T02:21:41.007+0000] {processor.py:753} INFO - DAG(s) dict_keys(['dag1']) retrieved from /opt/airflow/dags/dag1.py
[2025-10-10T02:21:41.031+0000] {logging_mixin.py:137} INFO - [2025-10-10T02:21:41.031+0000] {dag.py:2676} INFO - Sync 1 DAGs
[2025-10-10T02:21:41.049+0000] {logging_mixin.py:137} INFO - [2025-10-10T02:21:41.049+0000] {dag.py:3427} INFO - Setting next_dagrun for dag1 to 2025-10-09T00:00:00+00:00, run_after=2025-10-10T00:00:00+00:00
[2025-10-10T02:21:41.070+0000] {processor.py:175} INFO - Processing /opt/airflow/dags/dag1.py took 0.079 seconds
[2025-10-10T02:22:11.699+0000] {processor.py:153} INFO - Started process (PID=951) to work on /opt/airflow/dags/dag1.py
[2025-10-10T02:22:11.700+0000] {processor.py:743} INFO - Processing file /opt/airflow/dags/dag1.py for tasks to queue
[2025-10-10T02:22:11.700+0000] {logging_mixin.py:137} INFO - [2025-10-10T02:22:11.700+0000] {dagbag.py:538} INFO - Filling up the DagBag from /opt/airflow/dags/dag1.py
[2025-10-10T02:22:11.713+0000] {processor.py:753} INFO - DAG(s) dict_keys(['dag1']) retrieved from /opt/airflow/dags/dag1.py
[2025-10-10T02:22:11.738+0000] {logging_mixin.py:137} INFO - [2025-10-10T02:22:11.738+0000] {dag.py:2676} INFO - Sync 1 DAGs
[2025-10-10T02:22:11.754+0000] {logging_mixin.py:137} INFO - [2025-10-10T02:22:11.753+0000] {dag.py:3427} INFO - Setting next_dagrun for dag1 to 2025-10-09T00:00:00+00:00, run_after=2025-10-10T00:00:00+00:00
[2025-10-10T02:22:11.774+0000] {processor.py:175} INFO - Processing /opt/airflow/dags/dag1.py took 0.078 seconds
[2025-10-10T02:22:42.299+0000] {processor.py:153} INFO - Started process (PID=971) to work on /opt/airflow/dags/dag1.py
[2025-10-10T02:22:42.300+0000] {processor.py:743} INFO - Processing file /opt/airflow/dags/dag1.py for tasks to queue
[2025-10-10T02:22:42.300+0000] {logging_mixin.py:137} INFO - [2025-10-10T02:22:42.300+0000] {dagbag.py:538} INFO - Filling up the DagBag from /opt/airflow/dags/dag1.py
[2025-10-10T02:22:42.313+0000] {processor.py:753} INFO - DAG(s) dict_keys(['dag1']) retrieved from /opt/airflow/dags/dag1.py
[2025-10-10T02:22:42.337+0000] {logging_mixin.py:137} INFO - [2025-10-10T02:22:42.337+0000] {dag.py:2676} INFO - Sync 1 DAGs
[2025-10-10T02:22:42.357+0000] {logging_mixin.py:137} INFO - [2025-10-10T02:22:42.356+0000] {dag.py:3427} INFO - Setting next_dagrun for dag1 to 2025-10-09T00:00:00+00:00, run_after=2025-10-10T00:00:00+00:00
[2025-10-10T02:22:42.382+0000] {processor.py:175} INFO - Processing /opt/airflow/dags/dag1.py took 0.086 seconds
[2025-10-10T02:23:12.940+0000] {processor.py:153} INFO - Started process (PID=991) to work on /opt/airflow/dags/dag1.py
[2025-10-10T02:23:12.940+0000] {processor.py:743} INFO - Processing file /opt/airflow/dags/dag1.py for tasks to queue
[2025-10-10T02:23:12.941+0000] {logging_mixin.py:137} INFO - [2025-10-10T02:23:12.941+0000] {dagbag.py:538} INFO - Filling up the DagBag from /opt/airflow/dags/dag1.py
[2025-10-10T02:23:12.954+0000] {processor.py:753} INFO - DAG(s) dict_keys(['dag1']) retrieved from /opt/airflow/dags/dag1.py
[2025-10-10T02:23:12.977+0000] {logging_mixin.py:137} INFO - [2025-10-10T02:23:12.977+0000] {dag.py:2676} INFO - Sync 1 DAGs
[2025-10-10T02:23:12.995+0000] {logging_mixin.py:137} INFO - [2025-10-10T02:23:12.995+0000] {dag.py:3427} INFO - Setting next_dagrun for dag1 to 2025-10-09T00:00:00+00:00, run_after=2025-10-10T00:00:00+00:00
[2025-10-10T02:23:13.021+0000] {processor.py:175} INFO - Processing /opt/airflow/dags/dag1.py took 0.085 seconds
[2025-10-10T02:23:43.607+0000] {processor.py:153} INFO - Started process (PID=1011) to work on /opt/airflow/dags/dag1.py
[2025-10-10T02:23:43.608+0000] {processor.py:743} INFO - Processing file /opt/airflow/dags/dag1.py for tasks to queue
[2025-10-10T02:23:43.608+0000] {logging_mixin.py:137} INFO - [2025-10-10T02:23:43.608+0000] {dagbag.py:538} INFO - Filling up the DagBag from /opt/airflow/dags/dag1.py
[2025-10-10T02:23:43.622+0000] {processor.py:753} INFO - DAG(s) dict_keys(['dag1']) retrieved from /opt/airflow/dags/dag1.py
[2025-10-10T02:23:43.646+0000] {logging_mixin.py:137} INFO - [2025-10-10T02:23:43.646+0000] {dag.py:2676} INFO - Sync 1 DAGs
[2025-10-10T02:23:43.667+0000] {logging_mixin.py:137} INFO - [2025-10-10T02:23:43.666+0000] {dag.py:3427} INFO - Setting next_dagrun for dag1 to 2025-10-09T00:00:00+00:00, run_after=2025-10-10T00:00:00+00:00
[2025-10-10T02:23:43.691+0000] {processor.py:175} INFO - Processing /opt/airflow/dags/dag1.py took 0.088 seconds
[2025-10-10T02:24:14.128+0000] {processor.py:153} INFO - Started process (PID=1031) to work on /opt/airflow/dags/dag1.py
[2025-10-10T02:24:14.128+0000] {processor.py:743} INFO - Processing file /opt/airflow/dags/dag1.py for tasks to queue
[2025-10-10T02:24:14.129+0000] {logging_mixin.py:137} INFO - [2025-10-10T02:24:14.129+0000] {dagbag.py:538} INFO - Filling up the DagBag from /opt/airflow/dags/dag1.py
[2025-10-10T02:24:14.141+0000] {processor.py:753} INFO - DAG(s) dict_keys(['dag1']) retrieved from /opt/airflow/dags/dag1.py
[2025-10-10T02:24:14.164+0000] {logging_mixin.py:137} INFO - [2025-10-10T02:24:14.164+0000] {dag.py:2676} INFO - Sync 1 DAGs
[2025-10-10T02:24:14.181+0000] {logging_mixin.py:137} INFO - [2025-10-10T02:24:14.181+0000] {dag.py:3427} INFO - Setting next_dagrun for dag1 to 2025-10-09T00:00:00+00:00, run_after=2025-10-10T00:00:00+00:00
[2025-10-10T02:24:14.203+0000] {processor.py:175} INFO - Processing /opt/airflow/dags/dag1.py took 0.078 seconds
[2025-10-10T02:24:44.843+0000] {processor.py:153} INFO - Started process (PID=1051) to work on /opt/airflow/dags/dag1.py
[2025-10-10T02:24:44.844+0000] {processor.py:743} INFO - Processing file /opt/airflow/dags/dag1.py for tasks to queue
[2025-10-10T02:24:44.845+0000] {logging_mixin.py:137} INFO - [2025-10-10T02:24:44.844+0000] {dagbag.py:538} INFO - Filling up the DagBag from /opt/airflow/dags/dag1.py
[2025-10-10T02:24:44.858+0000] {processor.py:753} INFO - DAG(s) dict_keys(['dag1']) retrieved from /opt/airflow/dags/dag1.py
[2025-10-10T02:24:44.885+0000] {logging_mixin.py:137} INFO - [2025-10-10T02:24:44.885+0000] {dag.py:2676} INFO - Sync 1 DAGs
[2025-10-10T02:24:44.901+0000] {logging_mixin.py:137} INFO - [2025-10-10T02:24:44.901+0000] {dag.py:3427} INFO - Setting next_dagrun for dag1 to 2025-10-09T00:00:00+00:00, run_after=2025-10-10T00:00:00+00:00
[2025-10-10T02:24:44.925+0000] {processor.py:175} INFO - Processing /opt/airflow/dags/dag1.py took 0.084 seconds
[2025-10-10T02:25:15.669+0000] {processor.py:153} INFO - Started process (PID=1071) to work on /opt/airflow/dags/dag1.py
[2025-10-10T02:25:15.670+0000] {processor.py:743} INFO - Processing file /opt/airflow/dags/dag1.py for tasks to queue
[2025-10-10T02:25:15.670+0000] {logging_mixin.py:137} INFO - [2025-10-10T02:25:15.670+0000] {dagbag.py:538} INFO - Filling up the DagBag from /opt/airflow/dags/dag1.py
[2025-10-10T02:25:15.683+0000] {processor.py:753} INFO - DAG(s) dict_keys(['dag1']) retrieved from /opt/airflow/dags/dag1.py
[2025-10-10T02:25:15.707+0000] {logging_mixin.py:137} INFO - [2025-10-10T02:25:15.707+0000] {dag.py:2676} INFO - Sync 1 DAGs
[2025-10-10T02:25:15.723+0000] {logging_mixin.py:137} INFO - [2025-10-10T02:25:15.723+0000] {dag.py:3427} INFO - Setting next_dagrun for dag1 to 2025-10-09T00:00:00+00:00, run_after=2025-10-10T00:00:00+00:00
[2025-10-10T02:25:15.741+0000] {processor.py:175} INFO - Processing /opt/airflow/dags/dag1.py took 0.075 seconds
[2025-10-10T02:25:46.281+0000] {processor.py:153} INFO - Started process (PID=1091) to work on /opt/airflow/dags/dag1.py
[2025-10-10T02:25:46.282+0000] {processor.py:743} INFO - Processing file /opt/airflow/dags/dag1.py for tasks to queue
[2025-10-10T02:25:46.282+0000] {logging_mixin.py:137} INFO - [2025-10-10T02:25:46.282+0000] {dagbag.py:538} INFO - Filling up the DagBag from /opt/airflow/dags/dag1.py
[2025-10-10T02:25:46.296+0000] {processor.py:753} INFO - DAG(s) dict_keys(['dag1']) retrieved from /opt/airflow/dags/dag1.py
[2025-10-10T02:25:46.322+0000] {logging_mixin.py:137} INFO - [2025-10-10T02:25:46.322+0000] {dag.py:2676} INFO - Sync 1 DAGs
[2025-10-10T02:25:46.338+0000] {logging_mixin.py:137} INFO - [2025-10-10T02:25:46.337+0000] {dag.py:3427} INFO - Setting next_dagrun for dag1 to 2025-10-09T00:00:00+00:00, run_after=2025-10-10T00:00:00+00:00
[2025-10-10T02:25:46.362+0000] {processor.py:175} INFO - Processing /opt/airflow/dags/dag1.py took 0.083 seconds
[2025-10-10T02:26:16.923+0000] {processor.py:153} INFO - Started process (PID=1111) to work on /opt/airflow/dags/dag1.py
[2025-10-10T02:26:16.924+0000] {processor.py:743} INFO - Processing file /opt/airflow/dags/dag1.py for tasks to queue
[2025-10-10T02:26:16.925+0000] {logging_mixin.py:137} INFO - [2025-10-10T02:26:16.925+0000] {dagbag.py:538} INFO - Filling up the DagBag from /opt/airflow/dags/dag1.py
[2025-10-10T02:26:16.938+0000] {processor.py:753} INFO - DAG(s) dict_keys(['dag1']) retrieved from /opt/airflow/dags/dag1.py
[2025-10-10T02:26:16.964+0000] {logging_mixin.py:137} INFO - [2025-10-10T02:26:16.964+0000] {dag.py:2676} INFO - Sync 1 DAGs
[2025-10-10T02:26:16.979+0000] {logging_mixin.py:137} INFO - [2025-10-10T02:26:16.979+0000] {dag.py:3427} INFO - Setting next_dagrun for dag1 to 2025-10-09T00:00:00+00:00, run_after=2025-10-10T00:00:00+00:00
[2025-10-10T02:26:17.000+0000] {processor.py:175} INFO - Processing /opt/airflow/dags/dag1.py took 0.080 seconds
[2025-10-10T02:26:47.506+0000] {processor.py:153} INFO - Started process (PID=1131) to work on /opt/airflow/dags/dag1.py
[2025-10-10T02:26:47.508+0000] {processor.py:743} INFO - Processing file /opt/airflow/dags/dag1.py for tasks to queue
[2025-10-10T02:26:47.508+0000] {logging_mixin.py:137} INFO - [2025-10-10T02:26:47.508+0000] {dagbag.py:538} INFO - Filling up the DagBag from /opt/airflow/dags/dag1.py
[2025-10-10T02:26:47.524+0000] {processor.py:753} INFO - DAG(s) dict_keys(['dag1']) retrieved from /opt/airflow/dags/dag1.py
[2025-10-10T02:26:47.550+0000] {logging_mixin.py:137} INFO - [2025-10-10T02:26:47.550+0000] {dag.py:2676} INFO - Sync 1 DAGs
[2025-10-10T02:26:47.567+0000] {logging_mixin.py:137} INFO - [2025-10-10T02:26:47.566+0000] {dag.py:3427} INFO - Setting next_dagrun for dag1 to 2025-10-09T00:00:00+00:00, run_after=2025-10-10T00:00:00+00:00
[2025-10-10T02:26:47.587+0000] {processor.py:175} INFO - Processing /opt/airflow/dags/dag1.py took 0.085 seconds
[2025-10-10T02:27:18.092+0000] {processor.py:153} INFO - Started process (PID=1151) to work on /opt/airflow/dags/dag1.py
[2025-10-10T02:27:18.093+0000] {processor.py:743} INFO - Processing file /opt/airflow/dags/dag1.py for tasks to queue
[2025-10-10T02:27:18.094+0000] {logging_mixin.py:137} INFO - [2025-10-10T02:27:18.093+0000] {dagbag.py:538} INFO - Filling up the DagBag from /opt/airflow/dags/dag1.py
[2025-10-10T02:27:18.107+0000] {processor.py:753} INFO - DAG(s) dict_keys(['dag1']) retrieved from /opt/airflow/dags/dag1.py
[2025-10-10T02:27:18.142+0000] {logging_mixin.py:137} INFO - [2025-10-10T02:27:18.141+0000] {dag.py:2676} INFO - Sync 1 DAGs
[2025-10-10T02:27:18.164+0000] {logging_mixin.py:137} INFO - [2025-10-10T02:27:18.164+0000] {dag.py:3427} INFO - Setting next_dagrun for dag1 to 2025-10-09T00:00:00+00:00, run_after=2025-10-10T00:00:00+00:00
[2025-10-10T02:27:18.190+0000] {processor.py:175} INFO - Processing /opt/airflow/dags/dag1.py took 0.100 seconds
[2025-10-10T02:27:48.665+0000] {processor.py:153} INFO - Started process (PID=1171) to work on /opt/airflow/dags/dag1.py
[2025-10-10T02:27:48.666+0000] {processor.py:743} INFO - Processing file /opt/airflow/dags/dag1.py for tasks to queue
[2025-10-10T02:27:48.666+0000] {logging_mixin.py:137} INFO - [2025-10-10T02:27:48.666+0000] {dagbag.py:538} INFO - Filling up the DagBag from /opt/airflow/dags/dag1.py
[2025-10-10T02:27:48.679+0000] {processor.py:753} INFO - DAG(s) dict_keys(['dag1']) retrieved from /opt/airflow/dags/dag1.py
[2025-10-10T02:27:48.704+0000] {logging_mixin.py:137} INFO - [2025-10-10T02:27:48.704+0000] {dag.py:2676} INFO - Sync 1 DAGs
[2025-10-10T02:27:48.719+0000] {logging_mixin.py:137} INFO - [2025-10-10T02:27:48.719+0000] {dag.py:3427} INFO - Setting next_dagrun for dag1 to 2025-10-09T00:00:00+00:00, run_after=2025-10-10T00:00:00+00:00
[2025-10-10T02:27:48.741+0000] {processor.py:175} INFO - Processing /opt/airflow/dags/dag1.py took 0.078 seconds
[2025-10-10T02:28:19.296+0000] {processor.py:153} INFO - Started process (PID=1191) to work on /opt/airflow/dags/dag1.py
[2025-10-10T02:28:19.297+0000] {processor.py:743} INFO - Processing file /opt/airflow/dags/dag1.py for tasks to queue
[2025-10-10T02:28:19.298+0000] {logging_mixin.py:137} INFO - [2025-10-10T02:28:19.297+0000] {dagbag.py:538} INFO - Filling up the DagBag from /opt/airflow/dags/dag1.py
[2025-10-10T02:28:19.311+0000] {processor.py:753} INFO - DAG(s) dict_keys(['dag1']) retrieved from /opt/airflow/dags/dag1.py
[2025-10-10T02:28:19.336+0000] {logging_mixin.py:137} INFO - [2025-10-10T02:28:19.336+0000] {dag.py:2676} INFO - Sync 1 DAGs
[2025-10-10T02:28:19.352+0000] {logging_mixin.py:137} INFO - [2025-10-10T02:28:19.352+0000] {dag.py:3427} INFO - Setting next_dagrun for dag1 to 2025-10-09T00:00:00+00:00, run_after=2025-10-10T00:00:00+00:00
[2025-10-10T02:28:19.372+0000] {processor.py:175} INFO - Processing /opt/airflow/dags/dag1.py took 0.080 seconds
[2025-10-10T02:28:49.921+0000] {processor.py:153} INFO - Started process (PID=1211) to work on /opt/airflow/dags/dag1.py
[2025-10-10T02:28:49.922+0000] {processor.py:743} INFO - Processing file /opt/airflow/dags/dag1.py for tasks to queue
[2025-10-10T02:28:49.922+0000] {logging_mixin.py:137} INFO - [2025-10-10T02:28:49.922+0000] {dagbag.py:538} INFO - Filling up the DagBag from /opt/airflow/dags/dag1.py
[2025-10-10T02:28:49.937+0000] {processor.py:753} INFO - DAG(s) dict_keys(['dag1']) retrieved from /opt/airflow/dags/dag1.py
[2025-10-10T02:28:49.962+0000] {logging_mixin.py:137} INFO - [2025-10-10T02:28:49.961+0000] {dag.py:2676} INFO - Sync 1 DAGs
[2025-10-10T02:28:49.977+0000] {logging_mixin.py:137} INFO - [2025-10-10T02:28:49.977+0000] {dag.py:3427} INFO - Setting next_dagrun for dag1 to 2025-10-09T00:00:00+00:00, run_after=2025-10-10T00:00:00+00:00
[2025-10-10T02:28:49.997+0000] {processor.py:175} INFO - Processing /opt/airflow/dags/dag1.py took 0.079 seconds
[2025-10-10T02:29:20.499+0000] {processor.py:153} INFO - Started process (PID=1231) to work on /opt/airflow/dags/dag1.py
[2025-10-10T02:29:20.500+0000] {processor.py:743} INFO - Processing file /opt/airflow/dags/dag1.py for tasks to queue
[2025-10-10T02:29:20.501+0000] {logging_mixin.py:137} INFO - [2025-10-10T02:29:20.501+0000] {dagbag.py:538} INFO - Filling up the DagBag from /opt/airflow/dags/dag1.py
[2025-10-10T02:29:20.514+0000] {processor.py:753} INFO - DAG(s) dict_keys(['dag1']) retrieved from /opt/airflow/dags/dag1.py
[2025-10-10T02:29:20.538+0000] {logging_mixin.py:137} INFO - [2025-10-10T02:29:20.538+0000] {dag.py:2676} INFO - Sync 1 DAGs
[2025-10-10T02:29:20.559+0000] {logging_mixin.py:137} INFO - [2025-10-10T02:29:20.559+0000] {dag.py:3427} INFO - Setting next_dagrun for dag1 to 2025-10-09T00:00:00+00:00, run_after=2025-10-10T00:00:00+00:00
[2025-10-10T02:29:20.582+0000] {processor.py:175} INFO - Processing /opt/airflow/dags/dag1.py took 0.085 seconds
[2025-10-10T02:29:51.096+0000] {processor.py:153} INFO - Started process (PID=1251) to work on /opt/airflow/dags/dag1.py
[2025-10-10T02:29:51.096+0000] {processor.py:743} INFO - Processing file /opt/airflow/dags/dag1.py for tasks to queue
[2025-10-10T02:29:51.097+0000] {logging_mixin.py:137} INFO - [2025-10-10T02:29:51.097+0000] {dagbag.py:538} INFO - Filling up the DagBag from /opt/airflow/dags/dag1.py
[2025-10-10T02:29:51.110+0000] {processor.py:753} INFO - DAG(s) dict_keys(['dag1']) retrieved from /opt/airflow/dags/dag1.py
[2025-10-10T02:29:51.136+0000] {logging_mixin.py:137} INFO - [2025-10-10T02:29:51.136+0000] {dag.py:2676} INFO - Sync 1 DAGs
[2025-10-10T02:29:51.155+0000] {logging_mixin.py:137} INFO - [2025-10-10T02:29:51.155+0000] {dag.py:3427} INFO - Setting next_dagrun for dag1 to 2025-10-09T00:00:00+00:00, run_after=2025-10-10T00:00:00+00:00
[2025-10-10T02:29:51.175+0000] {processor.py:175} INFO - Processing /opt/airflow/dags/dag1.py took 0.081 seconds
[2025-10-10T02:30:21.705+0000] {processor.py:153} INFO - Started process (PID=1271) to work on /opt/airflow/dags/dag1.py
[2025-10-10T02:30:21.706+0000] {processor.py:743} INFO - Processing file /opt/airflow/dags/dag1.py for tasks to queue
[2025-10-10T02:30:21.707+0000] {logging_mixin.py:137} INFO - [2025-10-10T02:30:21.707+0000] {dagbag.py:538} INFO - Filling up the DagBag from /opt/airflow/dags/dag1.py
[2025-10-10T02:30:21.721+0000] {processor.py:753} INFO - DAG(s) dict_keys(['dag1']) retrieved from /opt/airflow/dags/dag1.py
[2025-10-10T02:30:21.747+0000] {logging_mixin.py:137} INFO - [2025-10-10T02:30:21.747+0000] {dag.py:2676} INFO - Sync 1 DAGs
[2025-10-10T02:30:21.765+0000] {logging_mixin.py:137} INFO - [2025-10-10T02:30:21.765+0000] {dag.py:3427} INFO - Setting next_dagrun for dag1 to 2025-10-09T00:00:00+00:00, run_after=2025-10-10T00:00:00+00:00
[2025-10-10T02:30:21.785+0000] {processor.py:175} INFO - Processing /opt/airflow/dags/dag1.py took 0.082 seconds
[2025-10-10T02:30:52.277+0000] {processor.py:153} INFO - Started process (PID=1291) to work on /opt/airflow/dags/dag1.py
[2025-10-10T02:30:52.278+0000] {processor.py:743} INFO - Processing file /opt/airflow/dags/dag1.py for tasks to queue
[2025-10-10T02:30:52.278+0000] {logging_mixin.py:137} INFO - [2025-10-10T02:30:52.278+0000] {dagbag.py:538} INFO - Filling up the DagBag from /opt/airflow/dags/dag1.py
[2025-10-10T02:30:52.292+0000] {processor.py:753} INFO - DAG(s) dict_keys(['dag1']) retrieved from /opt/airflow/dags/dag1.py
[2025-10-10T02:30:52.321+0000] {logging_mixin.py:137} INFO - [2025-10-10T02:30:52.321+0000] {dag.py:2676} INFO - Sync 1 DAGs
[2025-10-10T02:30:52.342+0000] {logging_mixin.py:137} INFO - [2025-10-10T02:30:52.342+0000] {dag.py:3427} INFO - Setting next_dagrun for dag1 to 2025-10-09T00:00:00+00:00, run_after=2025-10-10T00:00:00+00:00
[2025-10-10T02:30:52.365+0000] {processor.py:175} INFO - Processing /opt/airflow/dags/dag1.py took 0.091 seconds
[2025-10-10T02:31:22.800+0000] {processor.py:153} INFO - Started process (PID=1311) to work on /opt/airflow/dags/dag1.py
[2025-10-10T02:31:22.801+0000] {processor.py:743} INFO - Processing file /opt/airflow/dags/dag1.py for tasks to queue
[2025-10-10T02:31:22.801+0000] {logging_mixin.py:137} INFO - [2025-10-10T02:31:22.801+0000] {dagbag.py:538} INFO - Filling up the DagBag from /opt/airflow/dags/dag1.py
[2025-10-10T02:31:22.814+0000] {processor.py:753} INFO - DAG(s) dict_keys(['dag1']) retrieved from /opt/airflow/dags/dag1.py
[2025-10-10T02:31:22.837+0000] {logging_mixin.py:137} INFO - [2025-10-10T02:31:22.837+0000] {dag.py:2676} INFO - Sync 1 DAGs
[2025-10-10T02:31:22.853+0000] {logging_mixin.py:137} INFO - [2025-10-10T02:31:22.853+0000] {dag.py:3427} INFO - Setting next_dagrun for dag1 to 2025-10-09T00:00:00+00:00, run_after=2025-10-10T00:00:00+00:00
[2025-10-10T02:31:22.871+0000] {processor.py:175} INFO - Processing /opt/airflow/dags/dag1.py took 0.074 seconds
[2025-10-10T02:31:53.389+0000] {processor.py:153} INFO - Started process (PID=1331) to work on /opt/airflow/dags/dag1.py
[2025-10-10T02:31:53.389+0000] {processor.py:743} INFO - Processing file /opt/airflow/dags/dag1.py for tasks to queue
[2025-10-10T02:31:53.390+0000] {logging_mixin.py:137} INFO - [2025-10-10T02:31:53.390+0000] {dagbag.py:538} INFO - Filling up the DagBag from /opt/airflow/dags/dag1.py
[2025-10-10T02:31:53.403+0000] {processor.py:753} INFO - DAG(s) dict_keys(['dag1']) retrieved from /opt/airflow/dags/dag1.py
[2025-10-10T02:31:53.426+0000] {logging_mixin.py:137} INFO - [2025-10-10T02:31:53.426+0000] {dag.py:2676} INFO - Sync 1 DAGs
[2025-10-10T02:31:53.443+0000] {logging_mixin.py:137} INFO - [2025-10-10T02:31:53.442+0000] {dag.py:3427} INFO - Setting next_dagrun for dag1 to 2025-10-09T00:00:00+00:00, run_after=2025-10-10T00:00:00+00:00
[2025-10-10T02:31:53.465+0000] {processor.py:175} INFO - Processing /opt/airflow/dags/dag1.py took 0.078 seconds
[2025-10-10T02:32:23.989+0000] {processor.py:153} INFO - Started process (PID=1351) to work on /opt/airflow/dags/dag1.py
[2025-10-10T02:32:23.990+0000] {processor.py:743} INFO - Processing file /opt/airflow/dags/dag1.py for tasks to queue
[2025-10-10T02:32:23.990+0000] {logging_mixin.py:137} INFO - [2025-10-10T02:32:23.990+0000] {dagbag.py:538} INFO - Filling up the DagBag from /opt/airflow/dags/dag1.py
[2025-10-10T02:32:24.004+0000] {processor.py:753} INFO - DAG(s) dict_keys(['dag1']) retrieved from /opt/airflow/dags/dag1.py
[2025-10-10T02:32:24.031+0000] {logging_mixin.py:137} INFO - [2025-10-10T02:32:24.030+0000] {dag.py:2676} INFO - Sync 1 DAGs
[2025-10-10T02:32:24.048+0000] {logging_mixin.py:137} INFO - [2025-10-10T02:32:24.048+0000] {dag.py:3427} INFO - Setting next_dagrun for dag1 to 2025-10-09T00:00:00+00:00, run_after=2025-10-10T00:00:00+00:00
[2025-10-10T02:32:24.070+0000] {processor.py:175} INFO - Processing /opt/airflow/dags/dag1.py took 0.084 seconds
[2025-10-10T02:32:54.599+0000] {processor.py:153} INFO - Started process (PID=1371) to work on /opt/airflow/dags/dag1.py
[2025-10-10T02:32:54.600+0000] {processor.py:743} INFO - Processing file /opt/airflow/dags/dag1.py for tasks to queue
[2025-10-10T02:32:54.601+0000] {logging_mixin.py:137} INFO - [2025-10-10T02:32:54.600+0000] {dagbag.py:538} INFO - Filling up the DagBag from /opt/airflow/dags/dag1.py
[2025-10-10T02:32:54.616+0000] {processor.py:753} INFO - DAG(s) dict_keys(['dag1']) retrieved from /opt/airflow/dags/dag1.py
[2025-10-10T02:32:54.641+0000] {logging_mixin.py:137} INFO - [2025-10-10T02:32:54.641+0000] {dag.py:2676} INFO - Sync 1 DAGs
[2025-10-10T02:32:54.660+0000] {logging_mixin.py:137} INFO - [2025-10-10T02:32:54.660+0000] {dag.py:3427} INFO - Setting next_dagrun for dag1 to 2025-10-09T00:00:00+00:00, run_after=2025-10-10T00:00:00+00:00
[2025-10-10T02:32:54.683+0000] {processor.py:175} INFO - Processing /opt/airflow/dags/dag1.py took 0.086 seconds
[2025-10-10T02:33:25.135+0000] {processor.py:153} INFO - Started process (PID=1391) to work on /opt/airflow/dags/dag1.py
[2025-10-10T02:33:25.136+0000] {processor.py:743} INFO - Processing file /opt/airflow/dags/dag1.py for tasks to queue
[2025-10-10T02:33:25.137+0000] {logging_mixin.py:137} INFO - [2025-10-10T02:33:25.136+0000] {dagbag.py:538} INFO - Filling up the DagBag from /opt/airflow/dags/dag1.py
[2025-10-10T02:33:25.151+0000] {processor.py:753} INFO - DAG(s) dict_keys(['dag1']) retrieved from /opt/airflow/dags/dag1.py
[2025-10-10T02:33:25.178+0000] {logging_mixin.py:137} INFO - [2025-10-10T02:33:25.178+0000] {dag.py:2676} INFO - Sync 1 DAGs
[2025-10-10T02:33:25.200+0000] {logging_mixin.py:137} INFO - [2025-10-10T02:33:25.200+0000] {dag.py:3427} INFO - Setting next_dagrun for dag1 to 2025-10-09T00:00:00+00:00, run_after=2025-10-10T00:00:00+00:00
[2025-10-10T02:33:25.221+0000] {processor.py:175} INFO - Processing /opt/airflow/dags/dag1.py took 0.090 seconds
[2025-10-10T02:33:55.739+0000] {processor.py:153} INFO - Started process (PID=1411) to work on /opt/airflow/dags/dag1.py
[2025-10-10T02:33:55.740+0000] {processor.py:743} INFO - Processing file /opt/airflow/dags/dag1.py for tasks to queue
[2025-10-10T02:33:55.740+0000] {logging_mixin.py:137} INFO - [2025-10-10T02:33:55.740+0000] {dagbag.py:538} INFO - Filling up the DagBag from /opt/airflow/dags/dag1.py
[2025-10-10T02:33:55.754+0000] {processor.py:753} INFO - DAG(s) dict_keys(['dag1']) retrieved from /opt/airflow/dags/dag1.py
[2025-10-10T02:33:55.778+0000] {logging_mixin.py:137} INFO - [2025-10-10T02:33:55.778+0000] {dag.py:2676} INFO - Sync 1 DAGs
[2025-10-10T02:33:55.794+0000] {logging_mixin.py:137} INFO - [2025-10-10T02:33:55.793+0000] {dag.py:3427} INFO - Setting next_dagrun for dag1 to 2025-10-09T00:00:00+00:00, run_after=2025-10-10T00:00:00+00:00
[2025-10-10T02:33:55.813+0000] {processor.py:175} INFO - Processing /opt/airflow/dags/dag1.py took 0.077 seconds
