[2025-10-10T02:04:15.797+0000] {processor.py:153} INFO - Started process (PID=244) to work on /opt/airflow/dags/dag2.py
[2025-10-10T02:04:15.797+0000] {processor.py:743} INFO - Processing file /opt/airflow/dags/dag2.py for tasks to queue
[2025-10-10T02:04:15.798+0000] {logging_mixin.py:137} INFO - [2025-10-10T02:04:15.798+0000] {dagbag.py:538} INFO - Filling up the DagBag from /opt/airflow/dags/dag2.py
[2025-10-10T02:04:15.814+0000] {processor.py:753} INFO - DAG(s) dict_keys(['dag2']) retrieved from /opt/airflow/dags/dag2.py
[2025-10-10T02:04:15.838+0000] {logging_mixin.py:137} INFO - [2025-10-10T02:04:15.838+0000] {dag.py:2676} INFO - Sync 1 DAGs
[2025-10-10T02:04:15.860+0000] {logging_mixin.py:137} INFO - [2025-10-10T02:04:15.860+0000] {dag.py:3427} INFO - Setting next_dagrun for dag2 to 2023-01-01T00:00:00+00:00, run_after=2023-01-02T00:00:00+00:00
[2025-10-10T02:04:15.886+0000] {processor.py:175} INFO - Processing /opt/airflow/dags/dag2.py took 0.093 seconds
[2025-10-10T02:04:46.768+0000] {processor.py:153} INFO - Started process (PID=264) to work on /opt/airflow/dags/dag2.py
[2025-10-10T02:04:46.769+0000] {processor.py:743} INFO - Processing file /opt/airflow/dags/dag2.py for tasks to queue
[2025-10-10T02:04:46.770+0000] {logging_mixin.py:137} INFO - [2025-10-10T02:04:46.769+0000] {dagbag.py:538} INFO - Filling up the DagBag from /opt/airflow/dags/dag2.py
[2025-10-10T02:04:46.787+0000] {processor.py:753} INFO - DAG(s) dict_keys(['dag2']) retrieved from /opt/airflow/dags/dag2.py
[2025-10-10T02:04:46.809+0000] {logging_mixin.py:137} INFO - [2025-10-10T02:04:46.809+0000] {dag.py:2676} INFO - Sync 1 DAGs
[2025-10-10T02:04:46.831+0000] {logging_mixin.py:137} INFO - [2025-10-10T02:04:46.830+0000] {dag.py:3427} INFO - Setting next_dagrun for dag2 to 2023-01-01T00:00:00+00:00, run_after=2023-01-02T00:00:00+00:00
[2025-10-10T02:04:46.866+0000] {processor.py:175} INFO - Processing /opt/airflow/dags/dag2.py took 0.100 seconds
[2025-10-10T02:05:17.697+0000] {processor.py:153} INFO - Started process (PID=284) to work on /opt/airflow/dags/dag2.py
[2025-10-10T02:05:17.697+0000] {processor.py:743} INFO - Processing file /opt/airflow/dags/dag2.py for tasks to queue
[2025-10-10T02:05:17.698+0000] {logging_mixin.py:137} INFO - [2025-10-10T02:05:17.698+0000] {dagbag.py:538} INFO - Filling up the DagBag from /opt/airflow/dags/dag2.py
[2025-10-10T02:05:17.713+0000] {processor.py:753} INFO - DAG(s) dict_keys(['dag2']) retrieved from /opt/airflow/dags/dag2.py
[2025-10-10T02:05:17.741+0000] {logging_mixin.py:137} INFO - [2025-10-10T02:05:17.741+0000] {dag.py:2676} INFO - Sync 1 DAGs
[2025-10-10T02:05:17.762+0000] {logging_mixin.py:137} INFO - [2025-10-10T02:05:17.762+0000] {dag.py:3427} INFO - Setting next_dagrun for dag2 to 2023-01-01T00:00:00+00:00, run_after=2023-01-02T00:00:00+00:00
[2025-10-10T02:05:17.786+0000] {processor.py:175} INFO - Processing /opt/airflow/dags/dag2.py took 0.092 seconds
[2025-10-10T02:05:48.598+0000] {processor.py:153} INFO - Started process (PID=304) to work on /opt/airflow/dags/dag2.py
[2025-10-10T02:05:48.600+0000] {processor.py:743} INFO - Processing file /opt/airflow/dags/dag2.py for tasks to queue
[2025-10-10T02:05:48.600+0000] {logging_mixin.py:137} INFO - [2025-10-10T02:05:48.600+0000] {dagbag.py:538} INFO - Filling up the DagBag from /opt/airflow/dags/dag2.py
[2025-10-10T02:05:48.617+0000] {processor.py:753} INFO - DAG(s) dict_keys(['dag2']) retrieved from /opt/airflow/dags/dag2.py
[2025-10-10T02:05:48.646+0000] {logging_mixin.py:137} INFO - [2025-10-10T02:05:48.646+0000] {dag.py:2676} INFO - Sync 1 DAGs
[2025-10-10T02:05:48.666+0000] {logging_mixin.py:137} INFO - [2025-10-10T02:05:48.666+0000] {dag.py:3427} INFO - Setting next_dagrun for dag2 to 2023-01-01T00:00:00+00:00, run_after=2023-01-02T00:00:00+00:00
[2025-10-10T02:05:48.687+0000] {processor.py:175} INFO - Processing /opt/airflow/dags/dag2.py took 0.092 seconds
[2025-10-10T02:06:19.530+0000] {processor.py:153} INFO - Started process (PID=324) to work on /opt/airflow/dags/dag2.py
[2025-10-10T02:06:19.531+0000] {processor.py:743} INFO - Processing file /opt/airflow/dags/dag2.py for tasks to queue
[2025-10-10T02:06:19.532+0000] {logging_mixin.py:137} INFO - [2025-10-10T02:06:19.532+0000] {dagbag.py:538} INFO - Filling up the DagBag from /opt/airflow/dags/dag2.py
[2025-10-10T02:06:19.552+0000] {processor.py:753} INFO - DAG(s) dict_keys(['dag2']) retrieved from /opt/airflow/dags/dag2.py
[2025-10-10T02:06:19.583+0000] {logging_mixin.py:137} INFO - [2025-10-10T02:06:19.582+0000] {dag.py:2676} INFO - Sync 1 DAGs
[2025-10-10T02:06:19.601+0000] {logging_mixin.py:137} INFO - [2025-10-10T02:06:19.601+0000] {dag.py:3427} INFO - Setting next_dagrun for dag2 to 2023-01-01T00:00:00+00:00, run_after=2023-01-02T00:00:00+00:00
[2025-10-10T02:06:19.629+0000] {processor.py:175} INFO - Processing /opt/airflow/dags/dag2.py took 0.101 seconds
[2025-10-10T02:06:50.413+0000] {processor.py:153} INFO - Started process (PID=344) to work on /opt/airflow/dags/dag2.py
[2025-10-10T02:06:50.414+0000] {processor.py:743} INFO - Processing file /opt/airflow/dags/dag2.py for tasks to queue
[2025-10-10T02:06:50.415+0000] {logging_mixin.py:137} INFO - [2025-10-10T02:06:50.415+0000] {dagbag.py:538} INFO - Filling up the DagBag from /opt/airflow/dags/dag2.py
[2025-10-10T02:06:50.430+0000] {processor.py:753} INFO - DAG(s) dict_keys(['dag2']) retrieved from /opt/airflow/dags/dag2.py
[2025-10-10T02:06:50.458+0000] {logging_mixin.py:137} INFO - [2025-10-10T02:06:50.458+0000] {dag.py:2676} INFO - Sync 1 DAGs
[2025-10-10T02:06:50.477+0000] {logging_mixin.py:137} INFO - [2025-10-10T02:06:50.477+0000] {dag.py:3427} INFO - Setting next_dagrun for dag2 to 2023-01-01T00:00:00+00:00, run_after=2023-01-02T00:00:00+00:00
[2025-10-10T02:06:50.499+0000] {processor.py:175} INFO - Processing /opt/airflow/dags/dag2.py took 0.088 seconds
[2025-10-10T02:07:21.284+0000] {processor.py:153} INFO - Started process (PID=364) to work on /opt/airflow/dags/dag2.py
[2025-10-10T02:07:21.285+0000] {processor.py:743} INFO - Processing file /opt/airflow/dags/dag2.py for tasks to queue
[2025-10-10T02:07:21.286+0000] {logging_mixin.py:137} INFO - [2025-10-10T02:07:21.285+0000] {dagbag.py:538} INFO - Filling up the DagBag from /opt/airflow/dags/dag2.py
[2025-10-10T02:07:21.303+0000] {processor.py:753} INFO - DAG(s) dict_keys(['dag2']) retrieved from /opt/airflow/dags/dag2.py
[2025-10-10T02:07:21.332+0000] {logging_mixin.py:137} INFO - [2025-10-10T02:07:21.332+0000] {dag.py:2676} INFO - Sync 1 DAGs
[2025-10-10T02:07:21.353+0000] {logging_mixin.py:137} INFO - [2025-10-10T02:07:21.353+0000] {dag.py:3427} INFO - Setting next_dagrun for dag2 to 2023-01-01T00:00:00+00:00, run_after=2023-01-02T00:00:00+00:00
[2025-10-10T02:07:21.385+0000] {processor.py:175} INFO - Processing /opt/airflow/dags/dag2.py took 0.104 seconds
[2025-10-10T02:07:52.181+0000] {processor.py:153} INFO - Started process (PID=384) to work on /opt/airflow/dags/dag2.py
[2025-10-10T02:07:52.182+0000] {processor.py:743} INFO - Processing file /opt/airflow/dags/dag2.py for tasks to queue
[2025-10-10T02:07:52.182+0000] {logging_mixin.py:137} INFO - [2025-10-10T02:07:52.182+0000] {dagbag.py:538} INFO - Filling up the DagBag from /opt/airflow/dags/dag2.py
[2025-10-10T02:07:52.196+0000] {processor.py:753} INFO - DAG(s) dict_keys(['dag2']) retrieved from /opt/airflow/dags/dag2.py
[2025-10-10T02:07:52.226+0000] {logging_mixin.py:137} INFO - [2025-10-10T02:07:52.226+0000] {dag.py:2676} INFO - Sync 1 DAGs
[2025-10-10T02:07:52.253+0000] {logging_mixin.py:137} INFO - [2025-10-10T02:07:52.253+0000] {dag.py:3427} INFO - Setting next_dagrun for dag2 to 2023-01-01T00:00:00+00:00, run_after=2023-01-02T00:00:00+00:00
[2025-10-10T02:07:52.291+0000] {processor.py:175} INFO - Processing /opt/airflow/dags/dag2.py took 0.112 seconds
[2025-10-10T02:08:23.076+0000] {processor.py:153} INFO - Started process (PID=404) to work on /opt/airflow/dags/dag2.py
[2025-10-10T02:08:23.077+0000] {processor.py:743} INFO - Processing file /opt/airflow/dags/dag2.py for tasks to queue
[2025-10-10T02:08:23.077+0000] {logging_mixin.py:137} INFO - [2025-10-10T02:08:23.077+0000] {dagbag.py:538} INFO - Filling up the DagBag from /opt/airflow/dags/dag2.py
[2025-10-10T02:08:23.091+0000] {processor.py:753} INFO - DAG(s) dict_keys(['dag2']) retrieved from /opt/airflow/dags/dag2.py
[2025-10-10T02:08:23.119+0000] {logging_mixin.py:137} INFO - [2025-10-10T02:08:23.119+0000] {dag.py:2676} INFO - Sync 1 DAGs
[2025-10-10T02:08:23.139+0000] {logging_mixin.py:137} INFO - [2025-10-10T02:08:23.139+0000] {dag.py:3427} INFO - Setting next_dagrun for dag2 to 2023-01-01T00:00:00+00:00, run_after=2023-01-02T00:00:00+00:00
[2025-10-10T02:08:23.166+0000] {processor.py:175} INFO - Processing /opt/airflow/dags/dag2.py took 0.093 seconds
[2025-10-10T02:08:53.894+0000] {processor.py:153} INFO - Started process (PID=424) to work on /opt/airflow/dags/dag2.py
[2025-10-10T02:08:53.895+0000] {processor.py:743} INFO - Processing file /opt/airflow/dags/dag2.py for tasks to queue
[2025-10-10T02:08:53.896+0000] {logging_mixin.py:137} INFO - [2025-10-10T02:08:53.895+0000] {dagbag.py:538} INFO - Filling up the DagBag from /opt/airflow/dags/dag2.py
[2025-10-10T02:08:53.916+0000] {processor.py:753} INFO - DAG(s) dict_keys(['dag2']) retrieved from /opt/airflow/dags/dag2.py
[2025-10-10T02:08:53.949+0000] {logging_mixin.py:137} INFO - [2025-10-10T02:08:53.949+0000] {dag.py:2676} INFO - Sync 1 DAGs
[2025-10-10T02:08:53.974+0000] {logging_mixin.py:137} INFO - [2025-10-10T02:08:53.974+0000] {dag.py:3427} INFO - Setting next_dagrun for dag2 to 2023-01-01T00:00:00+00:00, run_after=2023-01-02T00:00:00+00:00
[2025-10-10T02:08:54.006+0000] {processor.py:175} INFO - Processing /opt/airflow/dags/dag2.py took 0.115 seconds
[2025-10-10T02:09:24.864+0000] {processor.py:153} INFO - Started process (PID=444) to work on /opt/airflow/dags/dag2.py
[2025-10-10T02:09:24.865+0000] {processor.py:743} INFO - Processing file /opt/airflow/dags/dag2.py for tasks to queue
[2025-10-10T02:09:24.866+0000] {logging_mixin.py:137} INFO - [2025-10-10T02:09:24.866+0000] {dagbag.py:538} INFO - Filling up the DagBag from /opt/airflow/dags/dag2.py
[2025-10-10T02:09:24.888+0000] {processor.py:753} INFO - DAG(s) dict_keys(['dag2']) retrieved from /opt/airflow/dags/dag2.py
[2025-10-10T02:09:24.924+0000] {logging_mixin.py:137} INFO - [2025-10-10T02:09:24.924+0000] {dag.py:2676} INFO - Sync 1 DAGs
[2025-10-10T02:09:24.946+0000] {logging_mixin.py:137} INFO - [2025-10-10T02:09:24.946+0000] {dag.py:3427} INFO - Setting next_dagrun for dag2 to 2023-01-01T00:00:00+00:00, run_after=2023-01-02T00:00:00+00:00
[2025-10-10T02:09:24.981+0000] {processor.py:175} INFO - Processing /opt/airflow/dags/dag2.py took 0.120 seconds
[2025-10-10T02:09:55.009+0000] {processor.py:153} INFO - Started process (PID=464) to work on /opt/airflow/dags/dag2.py
[2025-10-10T02:09:55.010+0000] {processor.py:743} INFO - Processing file /opt/airflow/dags/dag2.py for tasks to queue
[2025-10-10T02:09:55.010+0000] {logging_mixin.py:137} INFO - [2025-10-10T02:09:55.010+0000] {dagbag.py:538} INFO - Filling up the DagBag from /opt/airflow/dags/dag2.py
[2025-10-10T02:09:55.023+0000] {processor.py:753} INFO - DAG(s) dict_keys(['dag2']) retrieved from /opt/airflow/dags/dag2.py
[2025-10-10T02:09:55.051+0000] {logging_mixin.py:137} INFO - [2025-10-10T02:09:55.051+0000] {dag.py:2676} INFO - Sync 1 DAGs
[2025-10-10T02:09:55.069+0000] {logging_mixin.py:137} INFO - [2025-10-10T02:09:55.069+0000] {dag.py:3427} INFO - Setting next_dagrun for dag2 to 2023-01-01T00:00:00+00:00, run_after=2023-01-02T00:00:00+00:00
[2025-10-10T02:09:55.094+0000] {processor.py:175} INFO - Processing /opt/airflow/dags/dag2.py took 0.088 seconds
[2025-10-10T02:10:25.422+0000] {processor.py:153} INFO - Started process (PID=484) to work on /opt/airflow/dags/dag2.py
[2025-10-10T02:10:25.423+0000] {processor.py:743} INFO - Processing file /opt/airflow/dags/dag2.py for tasks to queue
[2025-10-10T02:10:25.424+0000] {logging_mixin.py:137} INFO - [2025-10-10T02:10:25.423+0000] {dagbag.py:538} INFO - Filling up the DagBag from /opt/airflow/dags/dag2.py
[2025-10-10T02:10:25.436+0000] {processor.py:753} INFO - DAG(s) dict_keys(['dag2']) retrieved from /opt/airflow/dags/dag2.py
[2025-10-10T02:10:25.461+0000] {logging_mixin.py:137} INFO - [2025-10-10T02:10:25.461+0000] {dag.py:2676} INFO - Sync 1 DAGs
[2025-10-10T02:10:25.477+0000] {logging_mixin.py:137} INFO - [2025-10-10T02:10:25.477+0000] {dag.py:3427} INFO - Setting next_dagrun for dag2 to 2023-01-01T00:00:00+00:00, run_after=2023-01-02T00:00:00+00:00
[2025-10-10T02:10:25.504+0000] {processor.py:175} INFO - Processing /opt/airflow/dags/dag2.py took 0.084 seconds
[2025-10-10T02:10:56.409+0000] {processor.py:153} INFO - Started process (PID=504) to work on /opt/airflow/dags/dag2.py
[2025-10-10T02:10:56.409+0000] {processor.py:743} INFO - Processing file /opt/airflow/dags/dag2.py for tasks to queue
[2025-10-10T02:10:56.410+0000] {logging_mixin.py:137} INFO - [2025-10-10T02:10:56.410+0000] {dagbag.py:538} INFO - Filling up the DagBag from /opt/airflow/dags/dag2.py
[2025-10-10T02:10:56.422+0000] {processor.py:753} INFO - DAG(s) dict_keys(['dag2']) retrieved from /opt/airflow/dags/dag2.py
[2025-10-10T02:10:56.445+0000] {logging_mixin.py:137} INFO - [2025-10-10T02:10:56.445+0000] {dag.py:2676} INFO - Sync 1 DAGs
[2025-10-10T02:10:56.461+0000] {logging_mixin.py:137} INFO - [2025-10-10T02:10:56.461+0000] {dag.py:3427} INFO - Setting next_dagrun for dag2 to 2023-01-01T00:00:00+00:00, run_after=2023-01-02T00:00:00+00:00
[2025-10-10T02:10:56.493+0000] {processor.py:175} INFO - Processing /opt/airflow/dags/dag2.py took 0.086 seconds
[2025-10-10T02:11:27.222+0000] {processor.py:153} INFO - Started process (PID=524) to work on /opt/airflow/dags/dag2.py
[2025-10-10T02:11:27.223+0000] {processor.py:743} INFO - Processing file /opt/airflow/dags/dag2.py for tasks to queue
[2025-10-10T02:11:27.224+0000] {logging_mixin.py:137} INFO - [2025-10-10T02:11:27.224+0000] {dagbag.py:538} INFO - Filling up the DagBag from /opt/airflow/dags/dag2.py
[2025-10-10T02:11:27.237+0000] {processor.py:753} INFO - DAG(s) dict_keys(['dag2']) retrieved from /opt/airflow/dags/dag2.py
[2025-10-10T02:11:27.261+0000] {logging_mixin.py:137} INFO - [2025-10-10T02:11:27.261+0000] {dag.py:2676} INFO - Sync 1 DAGs
[2025-10-10T02:11:27.279+0000] {logging_mixin.py:137} INFO - [2025-10-10T02:11:27.278+0000] {dag.py:3427} INFO - Setting next_dagrun for dag2 to 2023-01-01T00:00:00+00:00, run_after=2023-01-02T00:00:00+00:00
[2025-10-10T02:11:27.310+0000] {processor.py:175} INFO - Processing /opt/airflow/dags/dag2.py took 0.089 seconds
[2025-10-10T02:11:58.081+0000] {processor.py:153} INFO - Started process (PID=544) to work on /opt/airflow/dags/dag2.py
[2025-10-10T02:11:58.083+0000] {processor.py:743} INFO - Processing file /opt/airflow/dags/dag2.py for tasks to queue
[2025-10-10T02:11:58.083+0000] {logging_mixin.py:137} INFO - [2025-10-10T02:11:58.083+0000] {dagbag.py:538} INFO - Filling up the DagBag from /opt/airflow/dags/dag2.py
[2025-10-10T02:11:58.100+0000] {processor.py:753} INFO - DAG(s) dict_keys(['dag2']) retrieved from /opt/airflow/dags/dag2.py
[2025-10-10T02:11:58.132+0000] {logging_mixin.py:137} INFO - [2025-10-10T02:11:58.132+0000] {dag.py:2676} INFO - Sync 1 DAGs
[2025-10-10T02:11:58.152+0000] {logging_mixin.py:137} INFO - [2025-10-10T02:11:58.152+0000] {dag.py:3427} INFO - Setting next_dagrun for dag2 to 2023-01-01T00:00:00+00:00, run_after=2023-01-02T00:00:00+00:00
[2025-10-10T02:11:58.185+0000] {processor.py:175} INFO - Processing /opt/airflow/dags/dag2.py took 0.108 seconds
[2025-10-10T02:12:28.980+0000] {processor.py:153} INFO - Started process (PID=564) to work on /opt/airflow/dags/dag2.py
[2025-10-10T02:12:28.981+0000] {processor.py:743} INFO - Processing file /opt/airflow/dags/dag2.py for tasks to queue
[2025-10-10T02:12:28.982+0000] {logging_mixin.py:137} INFO - [2025-10-10T02:12:28.982+0000] {dagbag.py:538} INFO - Filling up the DagBag from /opt/airflow/dags/dag2.py
[2025-10-10T02:12:28.996+0000] {processor.py:753} INFO - DAG(s) dict_keys(['dag2']) retrieved from /opt/airflow/dags/dag2.py
[2025-10-10T02:12:29.026+0000] {logging_mixin.py:137} INFO - [2025-10-10T02:12:29.025+0000] {dag.py:2676} INFO - Sync 1 DAGs
[2025-10-10T02:12:29.044+0000] {logging_mixin.py:137} INFO - [2025-10-10T02:12:29.044+0000] {dag.py:3427} INFO - Setting next_dagrun for dag2 to 2023-01-01T00:00:00+00:00, run_after=2023-01-02T00:00:00+00:00
[2025-10-10T02:12:29.077+0000] {processor.py:175} INFO - Processing /opt/airflow/dags/dag2.py took 0.098 seconds
[2025-10-10T02:12:59.692+0000] {processor.py:153} INFO - Started process (PID=584) to work on /opt/airflow/dags/dag2.py
[2025-10-10T02:12:59.693+0000] {processor.py:743} INFO - Processing file /opt/airflow/dags/dag2.py for tasks to queue
[2025-10-10T02:12:59.694+0000] {logging_mixin.py:137} INFO - [2025-10-10T02:12:59.694+0000] {dagbag.py:538} INFO - Filling up the DagBag from /opt/airflow/dags/dag2.py
[2025-10-10T02:12:59.709+0000] {processor.py:753} INFO - DAG(s) dict_keys(['dag2']) retrieved from /opt/airflow/dags/dag2.py
[2025-10-10T02:12:59.734+0000] {logging_mixin.py:137} INFO - [2025-10-10T02:12:59.734+0000] {dag.py:2676} INFO - Sync 1 DAGs
[2025-10-10T02:12:59.752+0000] {logging_mixin.py:137} INFO - [2025-10-10T02:12:59.752+0000] {dag.py:3427} INFO - Setting next_dagrun for dag2 to 2023-01-01T00:00:00+00:00, run_after=2023-01-02T00:00:00+00:00
[2025-10-10T02:12:59.781+0000] {processor.py:175} INFO - Processing /opt/airflow/dags/dag2.py took 0.092 seconds
[2025-10-10T02:13:30.439+0000] {processor.py:153} INFO - Started process (PID=604) to work on /opt/airflow/dags/dag2.py
[2025-10-10T02:13:30.439+0000] {processor.py:743} INFO - Processing file /opt/airflow/dags/dag2.py for tasks to queue
[2025-10-10T02:13:30.440+0000] {logging_mixin.py:137} INFO - [2025-10-10T02:13:30.440+0000] {dagbag.py:538} INFO - Filling up the DagBag from /opt/airflow/dags/dag2.py
[2025-10-10T02:13:30.453+0000] {processor.py:753} INFO - DAG(s) dict_keys(['dag2']) retrieved from /opt/airflow/dags/dag2.py
[2025-10-10T02:13:30.479+0000] {logging_mixin.py:137} INFO - [2025-10-10T02:13:30.479+0000] {dag.py:2676} INFO - Sync 1 DAGs
[2025-10-10T02:13:30.497+0000] {logging_mixin.py:137} INFO - [2025-10-10T02:13:30.496+0000] {dag.py:3427} INFO - Setting next_dagrun for dag2 to 2023-01-01T00:00:00+00:00, run_after=2023-01-02T00:00:00+00:00
[2025-10-10T02:13:30.523+0000] {processor.py:175} INFO - Processing /opt/airflow/dags/dag2.py took 0.086 seconds
[2025-10-10T02:14:00.627+0000] {processor.py:153} INFO - Started process (PID=624) to work on /opt/airflow/dags/dag2.py
[2025-10-10T02:14:00.628+0000] {processor.py:743} INFO - Processing file /opt/airflow/dags/dag2.py for tasks to queue
[2025-10-10T02:14:00.628+0000] {logging_mixin.py:137} INFO - [2025-10-10T02:14:00.628+0000] {dagbag.py:538} INFO - Filling up the DagBag from /opt/airflow/dags/dag2.py
[2025-10-10T02:14:00.644+0000] {processor.py:753} INFO - DAG(s) dict_keys(['dag2']) retrieved from /opt/airflow/dags/dag2.py
[2025-10-10T02:14:00.670+0000] {logging_mixin.py:137} INFO - [2025-10-10T02:14:00.670+0000] {dag.py:2676} INFO - Sync 1 DAGs
[2025-10-10T02:14:00.685+0000] {logging_mixin.py:137} INFO - [2025-10-10T02:14:00.685+0000] {dag.py:3427} INFO - Setting next_dagrun for dag2 to 2023-01-01T00:00:00+00:00, run_after=2023-01-02T00:00:00+00:00
[2025-10-10T02:14:00.715+0000] {processor.py:175} INFO - Processing /opt/airflow/dags/dag2.py took 0.091 seconds
[2025-10-10T02:14:31.426+0000] {processor.py:153} INFO - Started process (PID=644) to work on /opt/airflow/dags/dag2.py
[2025-10-10T02:14:31.427+0000] {processor.py:743} INFO - Processing file /opt/airflow/dags/dag2.py for tasks to queue
[2025-10-10T02:14:31.427+0000] {logging_mixin.py:137} INFO - [2025-10-10T02:14:31.427+0000] {dagbag.py:538} INFO - Filling up the DagBag from /opt/airflow/dags/dag2.py
[2025-10-10T02:14:31.440+0000] {processor.py:753} INFO - DAG(s) dict_keys(['dag2']) retrieved from /opt/airflow/dags/dag2.py
[2025-10-10T02:14:31.463+0000] {logging_mixin.py:137} INFO - [2025-10-10T02:14:31.463+0000] {dag.py:2676} INFO - Sync 1 DAGs
[2025-10-10T02:14:31.478+0000] {logging_mixin.py:137} INFO - [2025-10-10T02:14:31.478+0000] {dag.py:3427} INFO - Setting next_dagrun for dag2 to 2023-01-01T00:00:00+00:00, run_after=2023-01-02T00:00:00+00:00
[2025-10-10T02:14:31.509+0000] {processor.py:175} INFO - Processing /opt/airflow/dags/dag2.py took 0.085 seconds
[2025-10-10T02:15:02.152+0000] {processor.py:153} INFO - Started process (PID=664) to work on /opt/airflow/dags/dag2.py
[2025-10-10T02:15:02.153+0000] {processor.py:743} INFO - Processing file /opt/airflow/dags/dag2.py for tasks to queue
[2025-10-10T02:15:02.154+0000] {logging_mixin.py:137} INFO - [2025-10-10T02:15:02.153+0000] {dagbag.py:538} INFO - Filling up the DagBag from /opt/airflow/dags/dag2.py
[2025-10-10T02:15:02.166+0000] {processor.py:753} INFO - DAG(s) dict_keys(['dag2']) retrieved from /opt/airflow/dags/dag2.py
[2025-10-10T02:15:02.189+0000] {logging_mixin.py:137} INFO - [2025-10-10T02:15:02.189+0000] {dag.py:2676} INFO - Sync 1 DAGs
[2025-10-10T02:15:02.206+0000] {logging_mixin.py:137} INFO - [2025-10-10T02:15:02.206+0000] {dag.py:3427} INFO - Setting next_dagrun for dag2 to 2023-01-01T00:00:00+00:00, run_after=2023-01-02T00:00:00+00:00
[2025-10-10T02:15:02.231+0000] {processor.py:175} INFO - Processing /opt/airflow/dags/dag2.py took 0.081 seconds
[2025-10-10T02:15:32.814+0000] {processor.py:153} INFO - Started process (PID=684) to work on /opt/airflow/dags/dag2.py
[2025-10-10T02:15:32.815+0000] {processor.py:743} INFO - Processing file /opt/airflow/dags/dag2.py for tasks to queue
[2025-10-10T02:15:32.815+0000] {logging_mixin.py:137} INFO - [2025-10-10T02:15:32.815+0000] {dagbag.py:538} INFO - Filling up the DagBag from /opt/airflow/dags/dag2.py
[2025-10-10T02:15:32.828+0000] {processor.py:753} INFO - DAG(s) dict_keys(['dag2']) retrieved from /opt/airflow/dags/dag2.py
[2025-10-10T02:15:32.857+0000] {logging_mixin.py:137} INFO - [2025-10-10T02:15:32.857+0000] {dag.py:2676} INFO - Sync 1 DAGs
[2025-10-10T02:15:32.876+0000] {logging_mixin.py:137} INFO - [2025-10-10T02:15:32.876+0000] {dag.py:3427} INFO - Setting next_dagrun for dag2 to 2023-01-01T00:00:00+00:00, run_after=2023-01-02T00:00:00+00:00
[2025-10-10T02:15:32.902+0000] {processor.py:175} INFO - Processing /opt/airflow/dags/dag2.py took 0.091 seconds
[2025-10-10T02:16:03.554+0000] {processor.py:153} INFO - Started process (PID=704) to work on /opt/airflow/dags/dag2.py
[2025-10-10T02:16:03.555+0000] {processor.py:743} INFO - Processing file /opt/airflow/dags/dag2.py for tasks to queue
[2025-10-10T02:16:03.556+0000] {logging_mixin.py:137} INFO - [2025-10-10T02:16:03.556+0000] {dagbag.py:538} INFO - Filling up the DagBag from /opt/airflow/dags/dag2.py
[2025-10-10T02:16:03.571+0000] {processor.py:753} INFO - DAG(s) dict_keys(['dag2']) retrieved from /opt/airflow/dags/dag2.py
[2025-10-10T02:16:03.601+0000] {logging_mixin.py:137} INFO - [2025-10-10T02:16:03.600+0000] {dag.py:2676} INFO - Sync 1 DAGs
[2025-10-10T02:16:03.618+0000] {logging_mixin.py:137} INFO - [2025-10-10T02:16:03.618+0000] {dag.py:3427} INFO - Setting next_dagrun for dag2 to 2023-01-01T00:00:00+00:00, run_after=2023-01-02T00:00:00+00:00
[2025-10-10T02:16:03.647+0000] {processor.py:175} INFO - Processing /opt/airflow/dags/dag2.py took 0.095 seconds
[2025-10-10T02:16:34.253+0000] {processor.py:153} INFO - Started process (PID=724) to work on /opt/airflow/dags/dag2.py
[2025-10-10T02:16:34.254+0000] {processor.py:743} INFO - Processing file /opt/airflow/dags/dag2.py for tasks to queue
[2025-10-10T02:16:34.254+0000] {logging_mixin.py:137} INFO - [2025-10-10T02:16:34.254+0000] {dagbag.py:538} INFO - Filling up the DagBag from /opt/airflow/dags/dag2.py
[2025-10-10T02:16:34.270+0000] {processor.py:753} INFO - DAG(s) dict_keys(['dag2']) retrieved from /opt/airflow/dags/dag2.py
[2025-10-10T02:16:34.297+0000] {logging_mixin.py:137} INFO - [2025-10-10T02:16:34.297+0000] {dag.py:2676} INFO - Sync 1 DAGs
[2025-10-10T02:16:34.313+0000] {logging_mixin.py:137} INFO - [2025-10-10T02:16:34.313+0000] {dag.py:3427} INFO - Setting next_dagrun for dag2 to 2023-01-01T00:00:00+00:00, run_after=2023-01-02T00:00:00+00:00
[2025-10-10T02:16:34.340+0000] {processor.py:175} INFO - Processing /opt/airflow/dags/dag2.py took 0.089 seconds
[2025-10-10T02:17:04.931+0000] {processor.py:153} INFO - Started process (PID=744) to work on /opt/airflow/dags/dag2.py
[2025-10-10T02:17:04.932+0000] {processor.py:743} INFO - Processing file /opt/airflow/dags/dag2.py for tasks to queue
[2025-10-10T02:17:04.932+0000] {logging_mixin.py:137} INFO - [2025-10-10T02:17:04.932+0000] {dagbag.py:538} INFO - Filling up the DagBag from /opt/airflow/dags/dag2.py
[2025-10-10T02:17:04.947+0000] {processor.py:753} INFO - DAG(s) dict_keys(['dag2']) retrieved from /opt/airflow/dags/dag2.py
[2025-10-10T02:17:04.972+0000] {logging_mixin.py:137} INFO - [2025-10-10T02:17:04.972+0000] {dag.py:2676} INFO - Sync 1 DAGs
[2025-10-10T02:17:04.988+0000] {logging_mixin.py:137} INFO - [2025-10-10T02:17:04.987+0000] {dag.py:3427} INFO - Setting next_dagrun for dag2 to 2023-01-01T00:00:00+00:00, run_after=2023-01-02T00:00:00+00:00
[2025-10-10T02:17:05.013+0000] {processor.py:175} INFO - Processing /opt/airflow/dags/dag2.py took 0.084 seconds
[2025-10-10T02:17:35.620+0000] {processor.py:153} INFO - Started process (PID=764) to work on /opt/airflow/dags/dag2.py
[2025-10-10T02:17:35.620+0000] {processor.py:743} INFO - Processing file /opt/airflow/dags/dag2.py for tasks to queue
[2025-10-10T02:17:35.621+0000] {logging_mixin.py:137} INFO - [2025-10-10T02:17:35.621+0000] {dagbag.py:538} INFO - Filling up the DagBag from /opt/airflow/dags/dag2.py
[2025-10-10T02:17:35.643+0000] {processor.py:753} INFO - DAG(s) dict_keys(['dag2']) retrieved from /opt/airflow/dags/dag2.py
[2025-10-10T02:17:35.679+0000] {logging_mixin.py:137} INFO - [2025-10-10T02:17:35.679+0000] {dag.py:2676} INFO - Sync 1 DAGs
[2025-10-10T02:17:35.703+0000] {logging_mixin.py:137} INFO - [2025-10-10T02:17:35.703+0000] {dag.py:3427} INFO - Setting next_dagrun for dag2 to 2023-01-01T00:00:00+00:00, run_after=2023-01-02T00:00:00+00:00
[2025-10-10T02:17:35.735+0000] {processor.py:175} INFO - Processing /opt/airflow/dags/dag2.py took 0.119 seconds
[2025-10-10T02:18:06.329+0000] {processor.py:153} INFO - Started process (PID=784) to work on /opt/airflow/dags/dag2.py
[2025-10-10T02:18:06.333+0000] {processor.py:743} INFO - Processing file /opt/airflow/dags/dag2.py for tasks to queue
[2025-10-10T02:18:06.333+0000] {logging_mixin.py:137} INFO - [2025-10-10T02:18:06.333+0000] {dagbag.py:538} INFO - Filling up the DagBag from /opt/airflow/dags/dag2.py
[2025-10-10T02:18:06.348+0000] {processor.py:753} INFO - DAG(s) dict_keys(['dag2']) retrieved from /opt/airflow/dags/dag2.py
[2025-10-10T02:18:06.374+0000] {logging_mixin.py:137} INFO - [2025-10-10T02:18:06.374+0000] {dag.py:2676} INFO - Sync 1 DAGs
[2025-10-10T02:18:06.390+0000] {logging_mixin.py:137} INFO - [2025-10-10T02:18:06.390+0000] {dag.py:3427} INFO - Setting next_dagrun for dag2 to 2023-01-01T00:00:00+00:00, run_after=2023-01-02T00:00:00+00:00
[2025-10-10T02:18:06.415+0000] {processor.py:175} INFO - Processing /opt/airflow/dags/dag2.py took 0.088 seconds
[2025-10-10T02:18:37.000+0000] {processor.py:153} INFO - Started process (PID=804) to work on /opt/airflow/dags/dag2.py
[2025-10-10T02:18:37.001+0000] {processor.py:743} INFO - Processing file /opt/airflow/dags/dag2.py for tasks to queue
[2025-10-10T02:18:37.001+0000] {logging_mixin.py:137} INFO - [2025-10-10T02:18:37.001+0000] {dagbag.py:538} INFO - Filling up the DagBag from /opt/airflow/dags/dag2.py
[2025-10-10T02:18:37.018+0000] {processor.py:753} INFO - DAG(s) dict_keys(['dag2']) retrieved from /opt/airflow/dags/dag2.py
[2025-10-10T02:18:37.047+0000] {logging_mixin.py:137} INFO - [2025-10-10T02:18:37.046+0000] {dag.py:2676} INFO - Sync 1 DAGs
[2025-10-10T02:18:37.064+0000] {logging_mixin.py:137} INFO - [2025-10-10T02:18:37.064+0000] {dag.py:3427} INFO - Setting next_dagrun for dag2 to 2023-01-01T00:00:00+00:00, run_after=2023-01-02T00:00:00+00:00
[2025-10-10T02:18:37.089+0000] {processor.py:175} INFO - Processing /opt/airflow/dags/dag2.py took 0.093 seconds
[2025-10-10T02:19:07.691+0000] {processor.py:153} INFO - Started process (PID=824) to work on /opt/airflow/dags/dag2.py
[2025-10-10T02:19:07.692+0000] {processor.py:743} INFO - Processing file /opt/airflow/dags/dag2.py for tasks to queue
[2025-10-10T02:19:07.692+0000] {logging_mixin.py:137} INFO - [2025-10-10T02:19:07.692+0000] {dagbag.py:538} INFO - Filling up the DagBag from /opt/airflow/dags/dag2.py
[2025-10-10T02:19:07.705+0000] {processor.py:753} INFO - DAG(s) dict_keys(['dag2']) retrieved from /opt/airflow/dags/dag2.py
[2025-10-10T02:19:07.730+0000] {logging_mixin.py:137} INFO - [2025-10-10T02:19:07.730+0000] {dag.py:2676} INFO - Sync 1 DAGs
[2025-10-10T02:19:07.745+0000] {logging_mixin.py:137} INFO - [2025-10-10T02:19:07.745+0000] {dag.py:3427} INFO - Setting next_dagrun for dag2 to 2023-01-01T00:00:00+00:00, run_after=2023-01-02T00:00:00+00:00
[2025-10-10T02:19:07.772+0000] {processor.py:175} INFO - Processing /opt/airflow/dags/dag2.py took 0.084 seconds
[2025-10-10T02:19:38.394+0000] {processor.py:153} INFO - Started process (PID=844) to work on /opt/airflow/dags/dag2.py
[2025-10-10T02:19:38.395+0000] {processor.py:743} INFO - Processing file /opt/airflow/dags/dag2.py for tasks to queue
[2025-10-10T02:19:38.395+0000] {logging_mixin.py:137} INFO - [2025-10-10T02:19:38.395+0000] {dagbag.py:538} INFO - Filling up the DagBag from /opt/airflow/dags/dag2.py
[2025-10-10T02:19:38.411+0000] {processor.py:753} INFO - DAG(s) dict_keys(['dag2']) retrieved from /opt/airflow/dags/dag2.py
[2025-10-10T02:19:38.437+0000] {logging_mixin.py:137} INFO - [2025-10-10T02:19:38.437+0000] {dag.py:2676} INFO - Sync 1 DAGs
[2025-10-10T02:19:38.455+0000] {logging_mixin.py:137} INFO - [2025-10-10T02:19:38.454+0000] {dag.py:3427} INFO - Setting next_dagrun for dag2 to 2023-01-01T00:00:00+00:00, run_after=2023-01-02T00:00:00+00:00
[2025-10-10T02:19:38.486+0000] {processor.py:175} INFO - Processing /opt/airflow/dags/dag2.py took 0.094 seconds
[2025-10-10T02:20:09.066+0000] {processor.py:153} INFO - Started process (PID=864) to work on /opt/airflow/dags/dag2.py
[2025-10-10T02:20:09.067+0000] {processor.py:743} INFO - Processing file /opt/airflow/dags/dag2.py for tasks to queue
[2025-10-10T02:20:09.067+0000] {logging_mixin.py:137} INFO - [2025-10-10T02:20:09.067+0000] {dagbag.py:538} INFO - Filling up the DagBag from /opt/airflow/dags/dag2.py
[2025-10-10T02:20:09.079+0000] {processor.py:753} INFO - DAG(s) dict_keys(['dag2']) retrieved from /opt/airflow/dags/dag2.py
[2025-10-10T02:20:09.106+0000] {logging_mixin.py:137} INFO - [2025-10-10T02:20:09.106+0000] {dag.py:2676} INFO - Sync 1 DAGs
[2025-10-10T02:20:09.124+0000] {logging_mixin.py:137} INFO - [2025-10-10T02:20:09.124+0000] {dag.py:3427} INFO - Setting next_dagrun for dag2 to 2023-01-01T00:00:00+00:00, run_after=2023-01-02T00:00:00+00:00
[2025-10-10T02:20:09.158+0000] {processor.py:175} INFO - Processing /opt/airflow/dags/dag2.py took 0.094 seconds
[2025-10-10T02:20:39.695+0000] {processor.py:153} INFO - Started process (PID=884) to work on /opt/airflow/dags/dag2.py
[2025-10-10T02:20:39.697+0000] {processor.py:743} INFO - Processing file /opt/airflow/dags/dag2.py for tasks to queue
[2025-10-10T02:20:39.697+0000] {logging_mixin.py:137} INFO - [2025-10-10T02:20:39.697+0000] {dagbag.py:538} INFO - Filling up the DagBag from /opt/airflow/dags/dag2.py
[2025-10-10T02:20:39.709+0000] {processor.py:753} INFO - DAG(s) dict_keys(['dag2']) retrieved from /opt/airflow/dags/dag2.py
[2025-10-10T02:20:39.736+0000] {logging_mixin.py:137} INFO - [2025-10-10T02:20:39.736+0000] {dag.py:2676} INFO - Sync 1 DAGs
[2025-10-10T02:20:39.754+0000] {logging_mixin.py:137} INFO - [2025-10-10T02:20:39.754+0000] {dag.py:3427} INFO - Setting next_dagrun for dag2 to 2023-01-01T00:00:00+00:00, run_after=2023-01-02T00:00:00+00:00
[2025-10-10T02:20:39.779+0000] {processor.py:175} INFO - Processing /opt/airflow/dags/dag2.py took 0.087 seconds
[2025-10-10T02:21:10.317+0000] {processor.py:153} INFO - Started process (PID=904) to work on /opt/airflow/dags/dag2.py
[2025-10-10T02:21:10.318+0000] {processor.py:743} INFO - Processing file /opt/airflow/dags/dag2.py for tasks to queue
[2025-10-10T02:21:10.318+0000] {logging_mixin.py:137} INFO - [2025-10-10T02:21:10.318+0000] {dagbag.py:538} INFO - Filling up the DagBag from /opt/airflow/dags/dag2.py
[2025-10-10T02:21:10.332+0000] {processor.py:753} INFO - DAG(s) dict_keys(['dag2']) retrieved from /opt/airflow/dags/dag2.py
[2025-10-10T02:21:10.364+0000] {logging_mixin.py:137} INFO - [2025-10-10T02:21:10.364+0000] {dag.py:2676} INFO - Sync 1 DAGs
[2025-10-10T02:21:10.384+0000] {logging_mixin.py:137} INFO - [2025-10-10T02:21:10.384+0000] {dag.py:3427} INFO - Setting next_dagrun for dag2 to 2023-01-01T00:00:00+00:00, run_after=2023-01-02T00:00:00+00:00
[2025-10-10T02:21:10.412+0000] {processor.py:175} INFO - Processing /opt/airflow/dags/dag2.py took 0.098 seconds
[2025-10-10T02:21:40.885+0000] {processor.py:153} INFO - Started process (PID=924) to work on /opt/airflow/dags/dag2.py
[2025-10-10T02:21:40.886+0000] {processor.py:743} INFO - Processing file /opt/airflow/dags/dag2.py for tasks to queue
[2025-10-10T02:21:40.886+0000] {logging_mixin.py:137} INFO - [2025-10-10T02:21:40.886+0000] {dagbag.py:538} INFO - Filling up the DagBag from /opt/airflow/dags/dag2.py
[2025-10-10T02:21:40.899+0000] {processor.py:753} INFO - DAG(s) dict_keys(['dag2']) retrieved from /opt/airflow/dags/dag2.py
[2025-10-10T02:21:40.928+0000] {logging_mixin.py:137} INFO - [2025-10-10T02:21:40.928+0000] {dag.py:2676} INFO - Sync 1 DAGs
[2025-10-10T02:21:40.947+0000] {logging_mixin.py:137} INFO - [2025-10-10T02:21:40.947+0000] {dag.py:3427} INFO - Setting next_dagrun for dag2 to 2023-01-01T00:00:00+00:00, run_after=2023-01-02T00:00:00+00:00
[2025-10-10T02:21:40.970+0000] {processor.py:175} INFO - Processing /opt/airflow/dags/dag2.py took 0.088 seconds
[2025-10-10T02:22:11.587+0000] {processor.py:153} INFO - Started process (PID=944) to work on /opt/airflow/dags/dag2.py
[2025-10-10T02:22:11.588+0000] {processor.py:743} INFO - Processing file /opt/airflow/dags/dag2.py for tasks to queue
[2025-10-10T02:22:11.588+0000] {logging_mixin.py:137} INFO - [2025-10-10T02:22:11.588+0000] {dagbag.py:538} INFO - Filling up the DagBag from /opt/airflow/dags/dag2.py
[2025-10-10T02:22:11.600+0000] {processor.py:753} INFO - DAG(s) dict_keys(['dag2']) retrieved from /opt/airflow/dags/dag2.py
[2025-10-10T02:22:11.629+0000] {logging_mixin.py:137} INFO - [2025-10-10T02:22:11.629+0000] {dag.py:2676} INFO - Sync 1 DAGs
[2025-10-10T02:22:11.647+0000] {logging_mixin.py:137} INFO - [2025-10-10T02:22:11.646+0000] {dag.py:3427} INFO - Setting next_dagrun for dag2 to 2023-01-01T00:00:00+00:00, run_after=2023-01-02T00:00:00+00:00
[2025-10-10T02:22:11.674+0000] {processor.py:175} INFO - Processing /opt/airflow/dags/dag2.py took 0.089 seconds
[2025-10-10T02:22:42.183+0000] {processor.py:153} INFO - Started process (PID=964) to work on /opt/airflow/dags/dag2.py
[2025-10-10T02:22:42.184+0000] {processor.py:743} INFO - Processing file /opt/airflow/dags/dag2.py for tasks to queue
[2025-10-10T02:22:42.185+0000] {logging_mixin.py:137} INFO - [2025-10-10T02:22:42.185+0000] {dagbag.py:538} INFO - Filling up the DagBag from /opt/airflow/dags/dag2.py
[2025-10-10T02:22:42.199+0000] {processor.py:753} INFO - DAG(s) dict_keys(['dag2']) retrieved from /opt/airflow/dags/dag2.py
[2025-10-10T02:22:42.230+0000] {logging_mixin.py:137} INFO - [2025-10-10T02:22:42.230+0000] {dag.py:2676} INFO - Sync 1 DAGs
[2025-10-10T02:22:42.247+0000] {logging_mixin.py:137} INFO - [2025-10-10T02:22:42.246+0000] {dag.py:3427} INFO - Setting next_dagrun for dag2 to 2023-01-01T00:00:00+00:00, run_after=2023-01-02T00:00:00+00:00
[2025-10-10T02:22:42.281+0000] {processor.py:175} INFO - Processing /opt/airflow/dags/dag2.py took 0.101 seconds
[2025-10-10T02:23:12.832+0000] {processor.py:153} INFO - Started process (PID=984) to work on /opt/airflow/dags/dag2.py
[2025-10-10T02:23:12.832+0000] {processor.py:743} INFO - Processing file /opt/airflow/dags/dag2.py for tasks to queue
[2025-10-10T02:23:12.832+0000] {logging_mixin.py:137} INFO - [2025-10-10T02:23:12.832+0000] {dagbag.py:538} INFO - Filling up the DagBag from /opt/airflow/dags/dag2.py
[2025-10-10T02:23:12.844+0000] {processor.py:753} INFO - DAG(s) dict_keys(['dag2']) retrieved from /opt/airflow/dags/dag2.py
[2025-10-10T02:23:12.870+0000] {logging_mixin.py:137} INFO - [2025-10-10T02:23:12.870+0000] {dag.py:2676} INFO - Sync 1 DAGs
[2025-10-10T02:23:12.887+0000] {logging_mixin.py:137} INFO - [2025-10-10T02:23:12.887+0000] {dag.py:3427} INFO - Setting next_dagrun for dag2 to 2023-01-01T00:00:00+00:00, run_after=2023-01-02T00:00:00+00:00
[2025-10-10T02:23:12.916+0000] {processor.py:175} INFO - Processing /opt/airflow/dags/dag2.py took 0.086 seconds
[2025-10-10T02:23:43.469+0000] {processor.py:153} INFO - Started process (PID=1004) to work on /opt/airflow/dags/dag2.py
[2025-10-10T02:23:43.471+0000] {processor.py:743} INFO - Processing file /opt/airflow/dags/dag2.py for tasks to queue
[2025-10-10T02:23:43.471+0000] {logging_mixin.py:137} INFO - [2025-10-10T02:23:43.471+0000] {dagbag.py:538} INFO - Filling up the DagBag from /opt/airflow/dags/dag2.py
[2025-10-10T02:23:43.491+0000] {processor.py:753} INFO - DAG(s) dict_keys(['dag2']) retrieved from /opt/airflow/dags/dag2.py
[2025-10-10T02:23:43.537+0000] {logging_mixin.py:137} INFO - [2025-10-10T02:23:43.537+0000] {dag.py:2676} INFO - Sync 1 DAGs
[2025-10-10T02:23:43.557+0000] {logging_mixin.py:137} INFO - [2025-10-10T02:23:43.557+0000] {dag.py:3427} INFO - Setting next_dagrun for dag2 to 2023-01-01T00:00:00+00:00, run_after=2023-01-02T00:00:00+00:00
[2025-10-10T02:23:43.587+0000] {processor.py:175} INFO - Processing /opt/airflow/dags/dag2.py took 0.122 seconds
[2025-10-10T02:24:14.018+0000] {processor.py:153} INFO - Started process (PID=1024) to work on /opt/airflow/dags/dag2.py
[2025-10-10T02:24:14.019+0000] {processor.py:743} INFO - Processing file /opt/airflow/dags/dag2.py for tasks to queue
[2025-10-10T02:24:14.019+0000] {logging_mixin.py:137} INFO - [2025-10-10T02:24:14.019+0000] {dagbag.py:538} INFO - Filling up the DagBag from /opt/airflow/dags/dag2.py
[2025-10-10T02:24:14.031+0000] {processor.py:753} INFO - DAG(s) dict_keys(['dag2']) retrieved from /opt/airflow/dags/dag2.py
[2025-10-10T02:24:14.060+0000] {logging_mixin.py:137} INFO - [2025-10-10T02:24:14.060+0000] {dag.py:2676} INFO - Sync 1 DAGs
[2025-10-10T02:24:14.078+0000] {logging_mixin.py:137} INFO - [2025-10-10T02:24:14.078+0000] {dag.py:3427} INFO - Setting next_dagrun for dag2 to 2023-01-01T00:00:00+00:00, run_after=2023-01-02T00:00:00+00:00
[2025-10-10T02:24:14.103+0000] {processor.py:175} INFO - Processing /opt/airflow/dags/dag2.py took 0.088 seconds
[2025-10-10T02:24:44.741+0000] {processor.py:153} INFO - Started process (PID=1044) to work on /opt/airflow/dags/dag2.py
[2025-10-10T02:24:44.743+0000] {processor.py:743} INFO - Processing file /opt/airflow/dags/dag2.py for tasks to queue
[2025-10-10T02:24:44.743+0000] {logging_mixin.py:137} INFO - [2025-10-10T02:24:44.743+0000] {dagbag.py:538} INFO - Filling up the DagBag from /opt/airflow/dags/dag2.py
[2025-10-10T02:24:44.756+0000] {processor.py:753} INFO - DAG(s) dict_keys(['dag2']) retrieved from /opt/airflow/dags/dag2.py
[2025-10-10T02:24:44.785+0000] {logging_mixin.py:137} INFO - [2025-10-10T02:24:44.785+0000] {dag.py:2676} INFO - Sync 1 DAGs
[2025-10-10T02:24:44.802+0000] {logging_mixin.py:137} INFO - [2025-10-10T02:24:44.802+0000] {dag.py:3427} INFO - Setting next_dagrun for dag2 to 2023-01-01T00:00:00+00:00, run_after=2023-01-02T00:00:00+00:00
[2025-10-10T02:24:44.833+0000] {processor.py:175} INFO - Processing /opt/airflow/dags/dag2.py took 0.094 seconds
[2025-10-10T02:25:15.565+0000] {processor.py:153} INFO - Started process (PID=1064) to work on /opt/airflow/dags/dag2.py
[2025-10-10T02:25:15.566+0000] {processor.py:743} INFO - Processing file /opt/airflow/dags/dag2.py for tasks to queue
[2025-10-10T02:25:15.566+0000] {logging_mixin.py:137} INFO - [2025-10-10T02:25:15.566+0000] {dagbag.py:538} INFO - Filling up the DagBag from /opt/airflow/dags/dag2.py
[2025-10-10T02:25:15.578+0000] {processor.py:753} INFO - DAG(s) dict_keys(['dag2']) retrieved from /opt/airflow/dags/dag2.py
[2025-10-10T02:25:15.603+0000] {logging_mixin.py:137} INFO - [2025-10-10T02:25:15.602+0000] {dag.py:2676} INFO - Sync 1 DAGs
[2025-10-10T02:25:15.620+0000] {logging_mixin.py:137} INFO - [2025-10-10T02:25:15.620+0000] {dag.py:3427} INFO - Setting next_dagrun for dag2 to 2023-01-01T00:00:00+00:00, run_after=2023-01-02T00:00:00+00:00
[2025-10-10T02:25:15.646+0000] {processor.py:175} INFO - Processing /opt/airflow/dags/dag2.py took 0.083 seconds
[2025-10-10T02:25:46.174+0000] {processor.py:153} INFO - Started process (PID=1084) to work on /opt/airflow/dags/dag2.py
[2025-10-10T02:25:46.175+0000] {processor.py:743} INFO - Processing file /opt/airflow/dags/dag2.py for tasks to queue
[2025-10-10T02:25:46.175+0000] {logging_mixin.py:137} INFO - [2025-10-10T02:25:46.175+0000] {dagbag.py:538} INFO - Filling up the DagBag from /opt/airflow/dags/dag2.py
[2025-10-10T02:25:46.189+0000] {processor.py:753} INFO - DAG(s) dict_keys(['dag2']) retrieved from /opt/airflow/dags/dag2.py
[2025-10-10T02:25:46.216+0000] {logging_mixin.py:137} INFO - [2025-10-10T02:25:46.216+0000] {dag.py:2676} INFO - Sync 1 DAGs
[2025-10-10T02:25:46.235+0000] {logging_mixin.py:137} INFO - [2025-10-10T02:25:46.235+0000] {dag.py:3427} INFO - Setting next_dagrun for dag2 to 2023-01-01T00:00:00+00:00, run_after=2023-01-02T00:00:00+00:00
[2025-10-10T02:25:46.266+0000] {processor.py:175} INFO - Processing /opt/airflow/dags/dag2.py took 0.094 seconds
[2025-10-10T02:26:16.810+0000] {processor.py:153} INFO - Started process (PID=1104) to work on /opt/airflow/dags/dag2.py
[2025-10-10T02:26:16.811+0000] {processor.py:743} INFO - Processing file /opt/airflow/dags/dag2.py for tasks to queue
[2025-10-10T02:26:16.811+0000] {logging_mixin.py:137} INFO - [2025-10-10T02:26:16.811+0000] {dagbag.py:538} INFO - Filling up the DagBag from /opt/airflow/dags/dag2.py
[2025-10-10T02:26:16.824+0000] {processor.py:753} INFO - DAG(s) dict_keys(['dag2']) retrieved from /opt/airflow/dags/dag2.py
[2025-10-10T02:26:16.846+0000] {logging_mixin.py:137} INFO - [2025-10-10T02:26:16.846+0000] {dag.py:2676} INFO - Sync 1 DAGs
[2025-10-10T02:26:16.864+0000] {logging_mixin.py:137} INFO - [2025-10-10T02:26:16.864+0000] {dag.py:3427} INFO - Setting next_dagrun for dag2 to 2023-01-01T00:00:00+00:00, run_after=2023-01-02T00:00:00+00:00
[2025-10-10T02:26:16.898+0000] {processor.py:175} INFO - Processing /opt/airflow/dags/dag2.py took 0.090 seconds
[2025-10-10T02:26:47.403+0000] {processor.py:153} INFO - Started process (PID=1124) to work on /opt/airflow/dags/dag2.py
[2025-10-10T02:26:47.404+0000] {processor.py:743} INFO - Processing file /opt/airflow/dags/dag2.py for tasks to queue
[2025-10-10T02:26:47.404+0000] {logging_mixin.py:137} INFO - [2025-10-10T02:26:47.404+0000] {dagbag.py:538} INFO - Filling up the DagBag from /opt/airflow/dags/dag2.py
[2025-10-10T02:26:47.418+0000] {processor.py:753} INFO - DAG(s) dict_keys(['dag2']) retrieved from /opt/airflow/dags/dag2.py
[2025-10-10T02:26:47.444+0000] {logging_mixin.py:137} INFO - [2025-10-10T02:26:47.444+0000] {dag.py:2676} INFO - Sync 1 DAGs
[2025-10-10T02:26:47.463+0000] {logging_mixin.py:137} INFO - [2025-10-10T02:26:47.463+0000] {dag.py:3427} INFO - Setting next_dagrun for dag2 to 2023-01-01T00:00:00+00:00, run_after=2023-01-02T00:00:00+00:00
[2025-10-10T02:26:47.486+0000] {processor.py:175} INFO - Processing /opt/airflow/dags/dag2.py took 0.085 seconds
[2025-10-10T02:27:17.990+0000] {processor.py:153} INFO - Started process (PID=1144) to work on /opt/airflow/dags/dag2.py
[2025-10-10T02:27:17.991+0000] {processor.py:743} INFO - Processing file /opt/airflow/dags/dag2.py for tasks to queue
[2025-10-10T02:27:17.991+0000] {logging_mixin.py:137} INFO - [2025-10-10T02:27:17.991+0000] {dagbag.py:538} INFO - Filling up the DagBag from /opt/airflow/dags/dag2.py
[2025-10-10T02:27:18.005+0000] {processor.py:753} INFO - DAG(s) dict_keys(['dag2']) retrieved from /opt/airflow/dags/dag2.py
[2025-10-10T02:27:18.030+0000] {logging_mixin.py:137} INFO - [2025-10-10T02:27:18.030+0000] {dag.py:2676} INFO - Sync 1 DAGs
[2025-10-10T02:27:18.049+0000] {logging_mixin.py:137} INFO - [2025-10-10T02:27:18.048+0000] {dag.py:3427} INFO - Setting next_dagrun for dag2 to 2023-01-01T00:00:00+00:00, run_after=2023-01-02T00:00:00+00:00
[2025-10-10T02:27:18.081+0000] {processor.py:175} INFO - Processing /opt/airflow/dags/dag2.py took 0.094 seconds
[2025-10-10T02:27:48.565+0000] {processor.py:153} INFO - Started process (PID=1164) to work on /opt/airflow/dags/dag2.py
[2025-10-10T02:27:48.565+0000] {processor.py:743} INFO - Processing file /opt/airflow/dags/dag2.py for tasks to queue
[2025-10-10T02:27:48.566+0000] {logging_mixin.py:137} INFO - [2025-10-10T02:27:48.566+0000] {dagbag.py:538} INFO - Filling up the DagBag from /opt/airflow/dags/dag2.py
[2025-10-10T02:27:48.577+0000] {processor.py:753} INFO - DAG(s) dict_keys(['dag2']) retrieved from /opt/airflow/dags/dag2.py
[2025-10-10T02:27:48.601+0000] {logging_mixin.py:137} INFO - [2025-10-10T02:27:48.600+0000] {dag.py:2676} INFO - Sync 1 DAGs
[2025-10-10T02:27:48.617+0000] {logging_mixin.py:137} INFO - [2025-10-10T02:27:48.617+0000] {dag.py:3427} INFO - Setting next_dagrun for dag2 to 2023-01-01T00:00:00+00:00, run_after=2023-01-02T00:00:00+00:00
[2025-10-10T02:27:48.643+0000] {processor.py:175} INFO - Processing /opt/airflow/dags/dag2.py took 0.081 seconds
[2025-10-10T02:28:19.190+0000] {processor.py:153} INFO - Started process (PID=1184) to work on /opt/airflow/dags/dag2.py
[2025-10-10T02:28:19.191+0000] {processor.py:743} INFO - Processing file /opt/airflow/dags/dag2.py for tasks to queue
[2025-10-10T02:28:19.192+0000] {logging_mixin.py:137} INFO - [2025-10-10T02:28:19.192+0000] {dagbag.py:538} INFO - Filling up the DagBag from /opt/airflow/dags/dag2.py
[2025-10-10T02:28:19.206+0000] {processor.py:753} INFO - DAG(s) dict_keys(['dag2']) retrieved from /opt/airflow/dags/dag2.py
[2025-10-10T02:28:19.233+0000] {logging_mixin.py:137} INFO - [2025-10-10T02:28:19.233+0000] {dag.py:2676} INFO - Sync 1 DAGs
[2025-10-10T02:28:19.249+0000] {logging_mixin.py:137} INFO - [2025-10-10T02:28:19.248+0000] {dag.py:3427} INFO - Setting next_dagrun for dag2 to 2023-01-01T00:00:00+00:00, run_after=2023-01-02T00:00:00+00:00
[2025-10-10T02:28:19.274+0000] {processor.py:175} INFO - Processing /opt/airflow/dags/dag2.py took 0.087 seconds
[2025-10-10T02:28:49.785+0000] {processor.py:153} INFO - Started process (PID=1204) to work on /opt/airflow/dags/dag2.py
[2025-10-10T02:28:49.786+0000] {processor.py:743} INFO - Processing file /opt/airflow/dags/dag2.py for tasks to queue
[2025-10-10T02:28:49.786+0000] {logging_mixin.py:137} INFO - [2025-10-10T02:28:49.786+0000] {dagbag.py:538} INFO - Filling up the DagBag from /opt/airflow/dags/dag2.py
[2025-10-10T02:28:49.811+0000] {processor.py:753} INFO - DAG(s) dict_keys(['dag2']) retrieved from /opt/airflow/dags/dag2.py
[2025-10-10T02:28:49.853+0000] {logging_mixin.py:137} INFO - [2025-10-10T02:28:49.853+0000] {dag.py:2676} INFO - Sync 1 DAGs
[2025-10-10T02:28:49.869+0000] {logging_mixin.py:137} INFO - [2025-10-10T02:28:49.869+0000] {dag.py:3427} INFO - Setting next_dagrun for dag2 to 2023-01-01T00:00:00+00:00, run_after=2023-01-02T00:00:00+00:00
[2025-10-10T02:28:49.899+0000] {processor.py:175} INFO - Processing /opt/airflow/dags/dag2.py took 0.117 seconds
[2025-10-10T02:29:20.397+0000] {processor.py:153} INFO - Started process (PID=1224) to work on /opt/airflow/dags/dag2.py
[2025-10-10T02:29:20.398+0000] {processor.py:743} INFO - Processing file /opt/airflow/dags/dag2.py for tasks to queue
[2025-10-10T02:29:20.399+0000] {logging_mixin.py:137} INFO - [2025-10-10T02:29:20.399+0000] {dagbag.py:538} INFO - Filling up the DagBag from /opt/airflow/dags/dag2.py
[2025-10-10T02:29:20.412+0000] {processor.py:753} INFO - DAG(s) dict_keys(['dag2']) retrieved from /opt/airflow/dags/dag2.py
[2025-10-10T02:29:20.438+0000] {logging_mixin.py:137} INFO - [2025-10-10T02:29:20.438+0000] {dag.py:2676} INFO - Sync 1 DAGs
[2025-10-10T02:29:20.454+0000] {logging_mixin.py:137} INFO - [2025-10-10T02:29:20.454+0000] {dag.py:3427} INFO - Setting next_dagrun for dag2 to 2023-01-01T00:00:00+00:00, run_after=2023-01-02T00:00:00+00:00
[2025-10-10T02:29:20.479+0000] {processor.py:175} INFO - Processing /opt/airflow/dags/dag2.py took 0.085 seconds
[2025-10-10T02:29:50.988+0000] {processor.py:153} INFO - Started process (PID=1244) to work on /opt/airflow/dags/dag2.py
[2025-10-10T02:29:50.989+0000] {processor.py:743} INFO - Processing file /opt/airflow/dags/dag2.py for tasks to queue
[2025-10-10T02:29:50.989+0000] {logging_mixin.py:137} INFO - [2025-10-10T02:29:50.989+0000] {dagbag.py:538} INFO - Filling up the DagBag from /opt/airflow/dags/dag2.py
[2025-10-10T02:29:51.001+0000] {processor.py:753} INFO - DAG(s) dict_keys(['dag2']) retrieved from /opt/airflow/dags/dag2.py
[2025-10-10T02:29:51.025+0000] {logging_mixin.py:137} INFO - [2025-10-10T02:29:51.025+0000] {dag.py:2676} INFO - Sync 1 DAGs
[2025-10-10T02:29:51.044+0000] {logging_mixin.py:137} INFO - [2025-10-10T02:29:51.044+0000] {dag.py:3427} INFO - Setting next_dagrun for dag2 to 2023-01-01T00:00:00+00:00, run_after=2023-01-02T00:00:00+00:00
[2025-10-10T02:29:51.075+0000] {processor.py:175} INFO - Processing /opt/airflow/dags/dag2.py took 0.089 seconds
[2025-10-10T02:30:21.575+0000] {processor.py:153} INFO - Started process (PID=1264) to work on /opt/airflow/dags/dag2.py
[2025-10-10T02:30:21.575+0000] {processor.py:743} INFO - Processing file /opt/airflow/dags/dag2.py for tasks to queue
[2025-10-10T02:30:21.576+0000] {logging_mixin.py:137} INFO - [2025-10-10T02:30:21.576+0000] {dagbag.py:538} INFO - Filling up the DagBag from /opt/airflow/dags/dag2.py
[2025-10-10T02:30:21.601+0000] {processor.py:753} INFO - DAG(s) dict_keys(['dag2']) retrieved from /opt/airflow/dags/dag2.py
[2025-10-10T02:30:21.641+0000] {logging_mixin.py:137} INFO - [2025-10-10T02:30:21.641+0000] {dag.py:2676} INFO - Sync 1 DAGs
[2025-10-10T02:30:21.658+0000] {logging_mixin.py:137} INFO - [2025-10-10T02:30:21.657+0000] {dag.py:3427} INFO - Setting next_dagrun for dag2 to 2023-01-01T00:00:00+00:00, run_after=2023-01-02T00:00:00+00:00
[2025-10-10T02:30:21.682+0000] {processor.py:175} INFO - Processing /opt/airflow/dags/dag2.py took 0.110 seconds
[2025-10-10T02:30:52.165+0000] {processor.py:153} INFO - Started process (PID=1284) to work on /opt/airflow/dags/dag2.py
[2025-10-10T02:30:52.166+0000] {processor.py:743} INFO - Processing file /opt/airflow/dags/dag2.py for tasks to queue
[2025-10-10T02:30:52.166+0000] {logging_mixin.py:137} INFO - [2025-10-10T02:30:52.166+0000] {dagbag.py:538} INFO - Filling up the DagBag from /opt/airflow/dags/dag2.py
[2025-10-10T02:30:52.179+0000] {processor.py:753} INFO - DAG(s) dict_keys(['dag2']) retrieved from /opt/airflow/dags/dag2.py
[2025-10-10T02:30:52.207+0000] {logging_mixin.py:137} INFO - [2025-10-10T02:30:52.207+0000] {dag.py:2676} INFO - Sync 1 DAGs
[2025-10-10T02:30:52.226+0000] {logging_mixin.py:137} INFO - [2025-10-10T02:30:52.226+0000] {dag.py:3427} INFO - Setting next_dagrun for dag2 to 2023-01-01T00:00:00+00:00, run_after=2023-01-02T00:00:00+00:00
[2025-10-10T02:30:52.255+0000] {processor.py:175} INFO - Processing /opt/airflow/dags/dag2.py took 0.092 seconds
[2025-10-10T02:31:22.685+0000] {processor.py:153} INFO - Started process (PID=1304) to work on /opt/airflow/dags/dag2.py
[2025-10-10T02:31:22.686+0000] {processor.py:743} INFO - Processing file /opt/airflow/dags/dag2.py for tasks to queue
[2025-10-10T02:31:22.686+0000] {logging_mixin.py:137} INFO - [2025-10-10T02:31:22.686+0000] {dagbag.py:538} INFO - Filling up the DagBag from /opt/airflow/dags/dag2.py
[2025-10-10T02:31:22.702+0000] {processor.py:753} INFO - DAG(s) dict_keys(['dag2']) retrieved from /opt/airflow/dags/dag2.py
[2025-10-10T02:31:22.729+0000] {logging_mixin.py:137} INFO - [2025-10-10T02:31:22.729+0000] {dag.py:2676} INFO - Sync 1 DAGs
[2025-10-10T02:31:22.746+0000] {logging_mixin.py:137} INFO - [2025-10-10T02:31:22.746+0000] {dag.py:3427} INFO - Setting next_dagrun for dag2 to 2023-01-01T00:00:00+00:00, run_after=2023-01-02T00:00:00+00:00
[2025-10-10T02:31:22.773+0000] {processor.py:175} INFO - Processing /opt/airflow/dags/dag2.py took 0.091 seconds
[2025-10-10T02:31:53.285+0000] {processor.py:153} INFO - Started process (PID=1324) to work on /opt/airflow/dags/dag2.py
[2025-10-10T02:31:53.286+0000] {processor.py:743} INFO - Processing file /opt/airflow/dags/dag2.py for tasks to queue
[2025-10-10T02:31:53.286+0000] {logging_mixin.py:137} INFO - [2025-10-10T02:31:53.286+0000] {dagbag.py:538} INFO - Filling up the DagBag from /opt/airflow/dags/dag2.py
[2025-10-10T02:31:53.303+0000] {processor.py:753} INFO - DAG(s) dict_keys(['dag2']) retrieved from /opt/airflow/dags/dag2.py
[2025-10-10T02:31:53.333+0000] {logging_mixin.py:137} INFO - [2025-10-10T02:31:53.332+0000] {dag.py:2676} INFO - Sync 1 DAGs
[2025-10-10T02:31:53.351+0000] {logging_mixin.py:137} INFO - [2025-10-10T02:31:53.351+0000] {dag.py:3427} INFO - Setting next_dagrun for dag2 to 2023-01-01T00:00:00+00:00, run_after=2023-01-02T00:00:00+00:00
[2025-10-10T02:31:53.373+0000] {processor.py:175} INFO - Processing /opt/airflow/dags/dag2.py took 0.091 seconds
[2025-10-10T02:32:23.846+0000] {processor.py:153} INFO - Started process (PID=1344) to work on /opt/airflow/dags/dag2.py
[2025-10-10T02:32:23.847+0000] {processor.py:743} INFO - Processing file /opt/airflow/dags/dag2.py for tasks to queue
[2025-10-10T02:32:23.847+0000] {logging_mixin.py:137} INFO - [2025-10-10T02:32:23.847+0000] {dagbag.py:538} INFO - Filling up the DagBag from /opt/airflow/dags/dag2.py
[2025-10-10T02:32:23.870+0000] {processor.py:753} INFO - DAG(s) dict_keys(['dag2']) retrieved from /opt/airflow/dags/dag2.py
[2025-10-10T02:32:23.919+0000] {logging_mixin.py:137} INFO - [2025-10-10T02:32:23.918+0000] {dag.py:2676} INFO - Sync 1 DAGs
[2025-10-10T02:32:23.937+0000] {logging_mixin.py:137} INFO - [2025-10-10T02:32:23.937+0000] {dag.py:3427} INFO - Setting next_dagrun for dag2 to 2023-01-01T00:00:00+00:00, run_after=2023-01-02T00:00:00+00:00
[2025-10-10T02:32:23.967+0000] {processor.py:175} INFO - Processing /opt/airflow/dags/dag2.py took 0.123 seconds
[2025-10-10T02:32:54.463+0000] {processor.py:153} INFO - Started process (PID=1364) to work on /opt/airflow/dags/dag2.py
[2025-10-10T02:32:54.464+0000] {processor.py:743} INFO - Processing file /opt/airflow/dags/dag2.py for tasks to queue
[2025-10-10T02:32:54.464+0000] {logging_mixin.py:137} INFO - [2025-10-10T02:32:54.464+0000] {dagbag.py:538} INFO - Filling up the DagBag from /opt/airflow/dags/dag2.py
[2025-10-10T02:32:54.488+0000] {processor.py:753} INFO - DAG(s) dict_keys(['dag2']) retrieved from /opt/airflow/dags/dag2.py
[2025-10-10T02:32:54.531+0000] {logging_mixin.py:137} INFO - [2025-10-10T02:32:54.531+0000] {dag.py:2676} INFO - Sync 1 DAGs
[2025-10-10T02:32:54.549+0000] {logging_mixin.py:137} INFO - [2025-10-10T02:32:54.549+0000] {dag.py:3427} INFO - Setting next_dagrun for dag2 to 2023-01-01T00:00:00+00:00, run_after=2023-01-02T00:00:00+00:00
[2025-10-10T02:32:54.574+0000] {processor.py:175} INFO - Processing /opt/airflow/dags/dag2.py took 0.113 seconds
[2025-10-10T02:33:25.026+0000] {processor.py:153} INFO - Started process (PID=1384) to work on /opt/airflow/dags/dag2.py
[2025-10-10T02:33:25.027+0000] {processor.py:743} INFO - Processing file /opt/airflow/dags/dag2.py for tasks to queue
[2025-10-10T02:33:25.028+0000] {logging_mixin.py:137} INFO - [2025-10-10T02:33:25.028+0000] {dagbag.py:538} INFO - Filling up the DagBag from /opt/airflow/dags/dag2.py
[2025-10-10T02:33:25.041+0000] {processor.py:753} INFO - DAG(s) dict_keys(['dag2']) retrieved from /opt/airflow/dags/dag2.py
[2025-10-10T02:33:25.066+0000] {logging_mixin.py:137} INFO - [2025-10-10T02:33:25.066+0000] {dag.py:2676} INFO - Sync 1 DAGs
[2025-10-10T02:33:25.084+0000] {logging_mixin.py:137} INFO - [2025-10-10T02:33:25.084+0000] {dag.py:3427} INFO - Setting next_dagrun for dag2 to 2023-01-01T00:00:00+00:00, run_after=2023-01-02T00:00:00+00:00
[2025-10-10T02:33:25.108+0000] {processor.py:175} INFO - Processing /opt/airflow/dags/dag2.py took 0.084 seconds
[2025-10-10T02:33:55.602+0000] {processor.py:153} INFO - Started process (PID=1404) to work on /opt/airflow/dags/dag2.py
[2025-10-10T02:33:55.603+0000] {processor.py:743} INFO - Processing file /opt/airflow/dags/dag2.py for tasks to queue
[2025-10-10T02:33:55.603+0000] {logging_mixin.py:137} INFO - [2025-10-10T02:33:55.603+0000] {dagbag.py:538} INFO - Filling up the DagBag from /opt/airflow/dags/dag2.py
[2025-10-10T02:33:55.627+0000] {processor.py:753} INFO - DAG(s) dict_keys(['dag2']) retrieved from /opt/airflow/dags/dag2.py
[2025-10-10T02:33:55.674+0000] {logging_mixin.py:137} INFO - [2025-10-10T02:33:55.674+0000] {dag.py:2676} INFO - Sync 1 DAGs
[2025-10-10T02:33:55.690+0000] {logging_mixin.py:137} INFO - [2025-10-10T02:33:55.690+0000] {dag.py:3427} INFO - Setting next_dagrun for dag2 to 2023-01-01T00:00:00+00:00, run_after=2023-01-02T00:00:00+00:00
[2025-10-10T02:33:55.715+0000] {processor.py:175} INFO - Processing /opt/airflow/dags/dag2.py took 0.116 seconds
