[2025-10-10T02:04:15.793+0000] {processor.py:153} INFO - Started process (PID=241) to work on /opt/airflow/dags/dag3.py
[2025-10-10T02:04:15.794+0000] {processor.py:743} INFO - Processing file /opt/airflow/dags/dag3.py for tasks to queue
[2025-10-10T02:04:15.795+0000] {logging_mixin.py:137} INFO - [2025-10-10T02:04:15.795+0000] {dagbag.py:538} INFO - Filling up the DagBag from /opt/airflow/dags/dag3.py
[2025-10-10T02:04:15.817+0000] {processor.py:753} INFO - DAG(s) dict_keys(['dag3']) retrieved from /opt/airflow/dags/dag3.py
[2025-10-10T02:04:15.843+0000] {logging_mixin.py:137} INFO - [2025-10-10T02:04:15.842+0000] {dag.py:2676} INFO - Sync 1 DAGs
[2025-10-10T02:04:15.865+0000] {logging_mixin.py:137} INFO - [2025-10-10T02:04:15.865+0000] {dag.py:3427} INFO - Setting next_dagrun for dag3 to 2023-01-01T00:00:00+00:00, run_after=2023-01-02T00:00:00+00:00
[2025-10-10T02:04:15.892+0000] {processor.py:175} INFO - Processing /opt/airflow/dags/dag3.py took 0.105 seconds
[2025-10-10T02:04:46.762+0000] {processor.py:153} INFO - Started process (PID=261) to work on /opt/airflow/dags/dag3.py
[2025-10-10T02:04:46.763+0000] {processor.py:743} INFO - Processing file /opt/airflow/dags/dag3.py for tasks to queue
[2025-10-10T02:04:46.764+0000] {logging_mixin.py:137} INFO - [2025-10-10T02:04:46.764+0000] {dagbag.py:538} INFO - Filling up the DagBag from /opt/airflow/dags/dag3.py
[2025-10-10T02:04:46.782+0000] {processor.py:753} INFO - DAG(s) dict_keys(['dag3']) retrieved from /opt/airflow/dags/dag3.py
[2025-10-10T02:04:46.804+0000] {logging_mixin.py:137} INFO - [2025-10-10T02:04:46.804+0000] {dag.py:2676} INFO - Sync 1 DAGs
[2025-10-10T02:04:46.827+0000] {logging_mixin.py:137} INFO - [2025-10-10T02:04:46.827+0000] {dag.py:3427} INFO - Setting next_dagrun for dag3 to 2023-01-01T00:00:00+00:00, run_after=2023-01-02T00:00:00+00:00
[2025-10-10T02:04:46.856+0000] {processor.py:175} INFO - Processing /opt/airflow/dags/dag3.py took 0.098 seconds
[2025-10-10T02:05:17.691+0000] {processor.py:153} INFO - Started process (PID=281) to work on /opt/airflow/dags/dag3.py
[2025-10-10T02:05:17.693+0000] {processor.py:743} INFO - Processing file /opt/airflow/dags/dag3.py for tasks to queue
[2025-10-10T02:05:17.693+0000] {logging_mixin.py:137} INFO - [2025-10-10T02:05:17.693+0000] {dagbag.py:538} INFO - Filling up the DagBag from /opt/airflow/dags/dag3.py
[2025-10-10T02:05:17.710+0000] {processor.py:753} INFO - DAG(s) dict_keys(['dag3']) retrieved from /opt/airflow/dags/dag3.py
[2025-10-10T02:05:17.739+0000] {logging_mixin.py:137} INFO - [2025-10-10T02:05:17.738+0000] {dag.py:2676} INFO - Sync 1 DAGs
[2025-10-10T02:05:17.759+0000] {logging_mixin.py:137} INFO - [2025-10-10T02:05:17.759+0000] {dag.py:3427} INFO - Setting next_dagrun for dag3 to 2023-01-01T00:00:00+00:00, run_after=2023-01-02T00:00:00+00:00
[2025-10-10T02:05:17.782+0000] {processor.py:175} INFO - Processing /opt/airflow/dags/dag3.py took 0.093 seconds
[2025-10-10T02:05:48.593+0000] {processor.py:153} INFO - Started process (PID=301) to work on /opt/airflow/dags/dag3.py
[2025-10-10T02:05:48.600+0000] {processor.py:743} INFO - Processing file /opt/airflow/dags/dag3.py for tasks to queue
[2025-10-10T02:05:48.600+0000] {logging_mixin.py:137} INFO - [2025-10-10T02:05:48.600+0000] {dagbag.py:538} INFO - Filling up the DagBag from /opt/airflow/dags/dag3.py
[2025-10-10T02:05:48.620+0000] {processor.py:753} INFO - DAG(s) dict_keys(['dag3']) retrieved from /opt/airflow/dags/dag3.py
[2025-10-10T02:05:48.651+0000] {logging_mixin.py:137} INFO - [2025-10-10T02:05:48.651+0000] {dag.py:2676} INFO - Sync 1 DAGs
[2025-10-10T02:05:48.671+0000] {logging_mixin.py:137} INFO - [2025-10-10T02:05:48.671+0000] {dag.py:3427} INFO - Setting next_dagrun for dag3 to 2023-01-01T00:00:00+00:00, run_after=2023-01-02T00:00:00+00:00
[2025-10-10T02:05:48.698+0000] {processor.py:175} INFO - Processing /opt/airflow/dags/dag3.py took 0.109 seconds
[2025-10-10T02:06:19.525+0000] {processor.py:153} INFO - Started process (PID=321) to work on /opt/airflow/dags/dag3.py
[2025-10-10T02:06:19.526+0000] {processor.py:743} INFO - Processing file /opt/airflow/dags/dag3.py for tasks to queue
[2025-10-10T02:06:19.526+0000] {logging_mixin.py:137} INFO - [2025-10-10T02:06:19.526+0000] {dagbag.py:538} INFO - Filling up the DagBag from /opt/airflow/dags/dag3.py
[2025-10-10T02:06:19.543+0000] {processor.py:753} INFO - DAG(s) dict_keys(['dag3']) retrieved from /opt/airflow/dags/dag3.py
[2025-10-10T02:06:19.574+0000] {logging_mixin.py:137} INFO - [2025-10-10T02:06:19.573+0000] {dag.py:2676} INFO - Sync 1 DAGs
[2025-10-10T02:06:19.592+0000] {logging_mixin.py:137} INFO - [2025-10-10T02:06:19.592+0000] {dag.py:3427} INFO - Setting next_dagrun for dag3 to 2023-01-01T00:00:00+00:00, run_after=2023-01-02T00:00:00+00:00
[2025-10-10T02:06:19.615+0000] {processor.py:175} INFO - Processing /opt/airflow/dags/dag3.py took 0.093 seconds
[2025-10-10T02:06:50.409+0000] {processor.py:153} INFO - Started process (PID=341) to work on /opt/airflow/dags/dag3.py
[2025-10-10T02:06:50.411+0000] {processor.py:743} INFO - Processing file /opt/airflow/dags/dag3.py for tasks to queue
[2025-10-10T02:06:50.411+0000] {logging_mixin.py:137} INFO - [2025-10-10T02:06:50.411+0000] {dagbag.py:538} INFO - Filling up the DagBag from /opt/airflow/dags/dag3.py
[2025-10-10T02:06:50.427+0000] {processor.py:753} INFO - DAG(s) dict_keys(['dag3']) retrieved from /opt/airflow/dags/dag3.py
[2025-10-10T02:06:50.457+0000] {logging_mixin.py:137} INFO - [2025-10-10T02:06:50.457+0000] {dag.py:2676} INFO - Sync 1 DAGs
[2025-10-10T02:06:50.477+0000] {logging_mixin.py:137} INFO - [2025-10-10T02:06:50.477+0000] {dag.py:3427} INFO - Setting next_dagrun for dag3 to 2023-01-01T00:00:00+00:00, run_after=2023-01-02T00:00:00+00:00
[2025-10-10T02:06:50.501+0000] {processor.py:175} INFO - Processing /opt/airflow/dags/dag3.py took 0.094 seconds
[2025-10-10T02:07:21.278+0000] {processor.py:153} INFO - Started process (PID=361) to work on /opt/airflow/dags/dag3.py
[2025-10-10T02:07:21.280+0000] {processor.py:743} INFO - Processing file /opt/airflow/dags/dag3.py for tasks to queue
[2025-10-10T02:07:21.280+0000] {logging_mixin.py:137} INFO - [2025-10-10T02:07:21.280+0000] {dagbag.py:538} INFO - Filling up the DagBag from /opt/airflow/dags/dag3.py
[2025-10-10T02:07:21.299+0000] {processor.py:753} INFO - DAG(s) dict_keys(['dag3']) retrieved from /opt/airflow/dags/dag3.py
[2025-10-10T02:07:21.329+0000] {logging_mixin.py:137} INFO - [2025-10-10T02:07:21.329+0000] {dag.py:2676} INFO - Sync 1 DAGs
[2025-10-10T02:07:21.346+0000] {logging_mixin.py:137} INFO - [2025-10-10T02:07:21.346+0000] {dag.py:3427} INFO - Setting next_dagrun for dag3 to 2023-01-01T00:00:00+00:00, run_after=2023-01-02T00:00:00+00:00
[2025-10-10T02:07:21.368+0000] {processor.py:175} INFO - Processing /opt/airflow/dags/dag3.py took 0.092 seconds
[2025-10-10T02:07:52.177+0000] {processor.py:153} INFO - Started process (PID=381) to work on /opt/airflow/dags/dag3.py
[2025-10-10T02:07:52.178+0000] {processor.py:743} INFO - Processing file /opt/airflow/dags/dag3.py for tasks to queue
[2025-10-10T02:07:52.178+0000] {logging_mixin.py:137} INFO - [2025-10-10T02:07:52.178+0000] {dagbag.py:538} INFO - Filling up the DagBag from /opt/airflow/dags/dag3.py
[2025-10-10T02:07:52.194+0000] {processor.py:753} INFO - DAG(s) dict_keys(['dag3']) retrieved from /opt/airflow/dags/dag3.py
[2025-10-10T02:07:52.225+0000] {logging_mixin.py:137} INFO - [2025-10-10T02:07:52.225+0000] {dag.py:2676} INFO - Sync 1 DAGs
[2025-10-10T02:07:52.253+0000] {logging_mixin.py:137} INFO - [2025-10-10T02:07:52.253+0000] {dag.py:3427} INFO - Setting next_dagrun for dag3 to 2023-01-01T00:00:00+00:00, run_after=2023-01-02T00:00:00+00:00
[2025-10-10T02:07:52.291+0000] {processor.py:175} INFO - Processing /opt/airflow/dags/dag3.py took 0.117 seconds
[2025-10-10T02:08:23.071+0000] {processor.py:153} INFO - Started process (PID=401) to work on /opt/airflow/dags/dag3.py
[2025-10-10T02:08:23.072+0000] {processor.py:743} INFO - Processing file /opt/airflow/dags/dag3.py for tasks to queue
[2025-10-10T02:08:23.072+0000] {logging_mixin.py:137} INFO - [2025-10-10T02:08:23.072+0000] {dagbag.py:538} INFO - Filling up the DagBag from /opt/airflow/dags/dag3.py
[2025-10-10T02:08:23.085+0000] {processor.py:753} INFO - DAG(s) dict_keys(['dag3']) retrieved from /opt/airflow/dags/dag3.py
[2025-10-10T02:08:23.114+0000] {logging_mixin.py:137} INFO - [2025-10-10T02:08:23.113+0000] {dag.py:2676} INFO - Sync 1 DAGs
[2025-10-10T02:08:23.133+0000] {logging_mixin.py:137} INFO - [2025-10-10T02:08:23.133+0000] {dag.py:3427} INFO - Setting next_dagrun for dag3 to 2023-01-01T00:00:00+00:00, run_after=2023-01-02T00:00:00+00:00
[2025-10-10T02:08:23.159+0000] {processor.py:175} INFO - Processing /opt/airflow/dags/dag3.py took 0.090 seconds
[2025-10-10T02:08:53.888+0000] {processor.py:153} INFO - Started process (PID=421) to work on /opt/airflow/dags/dag3.py
[2025-10-10T02:08:53.889+0000] {processor.py:743} INFO - Processing file /opt/airflow/dags/dag3.py for tasks to queue
[2025-10-10T02:08:53.890+0000] {logging_mixin.py:137} INFO - [2025-10-10T02:08:53.890+0000] {dagbag.py:538} INFO - Filling up the DagBag from /opt/airflow/dags/dag3.py
[2025-10-10T02:08:53.908+0000] {processor.py:753} INFO - DAG(s) dict_keys(['dag3']) retrieved from /opt/airflow/dags/dag3.py
[2025-10-10T02:08:53.942+0000] {logging_mixin.py:137} INFO - [2025-10-10T02:08:53.942+0000] {dag.py:2676} INFO - Sync 1 DAGs
[2025-10-10T02:08:53.967+0000] {logging_mixin.py:137} INFO - [2025-10-10T02:08:53.967+0000] {dag.py:3427} INFO - Setting next_dagrun for dag3 to 2023-01-01T00:00:00+00:00, run_after=2023-01-02T00:00:00+00:00
[2025-10-10T02:08:53.994+0000] {processor.py:175} INFO - Processing /opt/airflow/dags/dag3.py took 0.108 seconds
[2025-10-10T02:09:24.854+0000] {processor.py:153} INFO - Started process (PID=441) to work on /opt/airflow/dags/dag3.py
[2025-10-10T02:09:24.856+0000] {processor.py:743} INFO - Processing file /opt/airflow/dags/dag3.py for tasks to queue
[2025-10-10T02:09:24.857+0000] {logging_mixin.py:137} INFO - [2025-10-10T02:09:24.857+0000] {dagbag.py:538} INFO - Filling up the DagBag from /opt/airflow/dags/dag3.py
[2025-10-10T02:09:24.877+0000] {processor.py:753} INFO - DAG(s) dict_keys(['dag3']) retrieved from /opt/airflow/dags/dag3.py
[2025-10-10T02:09:24.917+0000] {logging_mixin.py:137} INFO - [2025-10-10T02:09:24.917+0000] {dag.py:2676} INFO - Sync 1 DAGs
[2025-10-10T02:09:24.941+0000] {logging_mixin.py:137} INFO - [2025-10-10T02:09:24.941+0000] {dag.py:3427} INFO - Setting next_dagrun for dag3 to 2023-01-01T00:00:00+00:00, run_after=2023-01-02T00:00:00+00:00
[2025-10-10T02:09:24.971+0000] {processor.py:175} INFO - Processing /opt/airflow/dags/dag3.py took 0.122 seconds
[2025-10-10T02:09:54.999+0000] {processor.py:153} INFO - Started process (PID=461) to work on /opt/airflow/dags/dag3.py
[2025-10-10T02:09:55.000+0000] {processor.py:743} INFO - Processing file /opt/airflow/dags/dag3.py for tasks to queue
[2025-10-10T02:09:55.000+0000] {logging_mixin.py:137} INFO - [2025-10-10T02:09:55.000+0000] {dagbag.py:538} INFO - Filling up the DagBag from /opt/airflow/dags/dag3.py
[2025-10-10T02:09:55.012+0000] {processor.py:753} INFO - DAG(s) dict_keys(['dag3']) retrieved from /opt/airflow/dags/dag3.py
[2025-10-10T02:09:55.036+0000] {logging_mixin.py:137} INFO - [2025-10-10T02:09:55.036+0000] {dag.py:2676} INFO - Sync 1 DAGs
[2025-10-10T02:09:55.053+0000] {logging_mixin.py:137} INFO - [2025-10-10T02:09:55.053+0000] {dag.py:3427} INFO - Setting next_dagrun for dag3 to 2023-01-01T00:00:00+00:00, run_after=2023-01-02T00:00:00+00:00
[2025-10-10T02:09:55.078+0000] {processor.py:175} INFO - Processing /opt/airflow/dags/dag3.py took 0.081 seconds
[2025-10-10T02:10:25.416+0000] {processor.py:153} INFO - Started process (PID=481) to work on /opt/airflow/dags/dag3.py
[2025-10-10T02:10:25.417+0000] {processor.py:743} INFO - Processing file /opt/airflow/dags/dag3.py for tasks to queue
[2025-10-10T02:10:25.418+0000] {logging_mixin.py:137} INFO - [2025-10-10T02:10:25.418+0000] {dagbag.py:538} INFO - Filling up the DagBag from /opt/airflow/dags/dag3.py
[2025-10-10T02:10:25.432+0000] {processor.py:753} INFO - DAG(s) dict_keys(['dag3']) retrieved from /opt/airflow/dags/dag3.py
[2025-10-10T02:10:25.457+0000] {logging_mixin.py:137} INFO - [2025-10-10T02:10:25.457+0000] {dag.py:2676} INFO - Sync 1 DAGs
[2025-10-10T02:10:25.473+0000] {logging_mixin.py:137} INFO - [2025-10-10T02:10:25.473+0000] {dag.py:3427} INFO - Setting next_dagrun for dag3 to 2023-01-01T00:00:00+00:00, run_after=2023-01-02T00:00:00+00:00
[2025-10-10T02:10:25.497+0000] {processor.py:175} INFO - Processing /opt/airflow/dags/dag3.py took 0.084 seconds
[2025-10-10T02:10:56.403+0000] {processor.py:153} INFO - Started process (PID=501) to work on /opt/airflow/dags/dag3.py
[2025-10-10T02:10:56.404+0000] {processor.py:743} INFO - Processing file /opt/airflow/dags/dag3.py for tasks to queue
[2025-10-10T02:10:56.405+0000] {logging_mixin.py:137} INFO - [2025-10-10T02:10:56.405+0000] {dagbag.py:538} INFO - Filling up the DagBag from /opt/airflow/dags/dag3.py
[2025-10-10T02:10:56.418+0000] {processor.py:753} INFO - DAG(s) dict_keys(['dag3']) retrieved from /opt/airflow/dags/dag3.py
[2025-10-10T02:10:56.442+0000] {logging_mixin.py:137} INFO - [2025-10-10T02:10:56.442+0000] {dag.py:2676} INFO - Sync 1 DAGs
[2025-10-10T02:10:56.457+0000] {logging_mixin.py:137} INFO - [2025-10-10T02:10:56.457+0000] {dag.py:3427} INFO - Setting next_dagrun for dag3 to 2023-01-01T00:00:00+00:00, run_after=2023-01-02T00:00:00+00:00
[2025-10-10T02:10:56.479+0000] {processor.py:175} INFO - Processing /opt/airflow/dags/dag3.py took 0.078 seconds
[2025-10-10T02:11:27.218+0000] {processor.py:153} INFO - Started process (PID=521) to work on /opt/airflow/dags/dag3.py
[2025-10-10T02:11:27.219+0000] {processor.py:743} INFO - Processing file /opt/airflow/dags/dag3.py for tasks to queue
[2025-10-10T02:11:27.219+0000] {logging_mixin.py:137} INFO - [2025-10-10T02:11:27.219+0000] {dagbag.py:538} INFO - Filling up the DagBag from /opt/airflow/dags/dag3.py
[2025-10-10T02:11:27.234+0000] {processor.py:753} INFO - DAG(s) dict_keys(['dag3']) retrieved from /opt/airflow/dags/dag3.py
[2025-10-10T02:11:27.260+0000] {logging_mixin.py:137} INFO - [2025-10-10T02:11:27.260+0000] {dag.py:2676} INFO - Sync 1 DAGs
[2025-10-10T02:11:27.278+0000] {logging_mixin.py:137} INFO - [2025-10-10T02:11:27.278+0000] {dag.py:3427} INFO - Setting next_dagrun for dag3 to 2023-01-01T00:00:00+00:00, run_after=2023-01-02T00:00:00+00:00
[2025-10-10T02:11:27.304+0000] {processor.py:175} INFO - Processing /opt/airflow/dags/dag3.py took 0.089 seconds
[2025-10-10T02:11:58.075+0000] {processor.py:153} INFO - Started process (PID=541) to work on /opt/airflow/dags/dag3.py
[2025-10-10T02:11:58.077+0000] {processor.py:743} INFO - Processing file /opt/airflow/dags/dag3.py for tasks to queue
[2025-10-10T02:11:58.078+0000] {logging_mixin.py:137} INFO - [2025-10-10T02:11:58.077+0000] {dagbag.py:538} INFO - Filling up the DagBag from /opt/airflow/dags/dag3.py
[2025-10-10T02:11:58.096+0000] {processor.py:753} INFO - DAG(s) dict_keys(['dag3']) retrieved from /opt/airflow/dags/dag3.py
[2025-10-10T02:11:58.130+0000] {logging_mixin.py:137} INFO - [2025-10-10T02:11:58.130+0000] {dag.py:2676} INFO - Sync 1 DAGs
[2025-10-10T02:11:58.151+0000] {logging_mixin.py:137} INFO - [2025-10-10T02:11:58.151+0000] {dag.py:3427} INFO - Setting next_dagrun for dag3 to 2023-01-01T00:00:00+00:00, run_after=2023-01-02T00:00:00+00:00
[2025-10-10T02:11:58.175+0000] {processor.py:175} INFO - Processing /opt/airflow/dags/dag3.py took 0.103 seconds
[2025-10-10T02:12:28.974+0000] {processor.py:153} INFO - Started process (PID=561) to work on /opt/airflow/dags/dag3.py
[2025-10-10T02:12:28.975+0000] {processor.py:743} INFO - Processing file /opt/airflow/dags/dag3.py for tasks to queue
[2025-10-10T02:12:28.976+0000] {logging_mixin.py:137} INFO - [2025-10-10T02:12:28.976+0000] {dagbag.py:538} INFO - Filling up the DagBag from /opt/airflow/dags/dag3.py
[2025-10-10T02:12:28.990+0000] {processor.py:753} INFO - DAG(s) dict_keys(['dag3']) retrieved from /opt/airflow/dags/dag3.py
[2025-10-10T02:12:29.021+0000] {logging_mixin.py:137} INFO - [2025-10-10T02:12:29.021+0000] {dag.py:2676} INFO - Sync 1 DAGs
[2025-10-10T02:12:29.041+0000] {logging_mixin.py:137} INFO - [2025-10-10T02:12:29.040+0000] {dag.py:3427} INFO - Setting next_dagrun for dag3 to 2023-01-01T00:00:00+00:00, run_after=2023-01-02T00:00:00+00:00
[2025-10-10T02:12:29.066+0000] {processor.py:175} INFO - Processing /opt/airflow/dags/dag3.py took 0.094 seconds
[2025-10-10T02:12:59.685+0000] {processor.py:153} INFO - Started process (PID=581) to work on /opt/airflow/dags/dag3.py
[2025-10-10T02:12:59.686+0000] {processor.py:743} INFO - Processing file /opt/airflow/dags/dag3.py for tasks to queue
[2025-10-10T02:12:59.687+0000] {logging_mixin.py:137} INFO - [2025-10-10T02:12:59.687+0000] {dagbag.py:538} INFO - Filling up the DagBag from /opt/airflow/dags/dag3.py
[2025-10-10T02:12:59.703+0000] {processor.py:753} INFO - DAG(s) dict_keys(['dag3']) retrieved from /opt/airflow/dags/dag3.py
[2025-10-10T02:12:59.729+0000] {logging_mixin.py:137} INFO - [2025-10-10T02:12:59.729+0000] {dag.py:2676} INFO - Sync 1 DAGs
[2025-10-10T02:12:59.747+0000] {logging_mixin.py:137} INFO - [2025-10-10T02:12:59.747+0000] {dag.py:3427} INFO - Setting next_dagrun for dag3 to 2023-01-01T00:00:00+00:00, run_after=2023-01-02T00:00:00+00:00
[2025-10-10T02:12:59.771+0000] {processor.py:175} INFO - Processing /opt/airflow/dags/dag3.py took 0.089 seconds
[2025-10-10T02:13:30.434+0000] {processor.py:153} INFO - Started process (PID=601) to work on /opt/airflow/dags/dag3.py
[2025-10-10T02:13:30.435+0000] {processor.py:743} INFO - Processing file /opt/airflow/dags/dag3.py for tasks to queue
[2025-10-10T02:13:30.435+0000] {logging_mixin.py:137} INFO - [2025-10-10T02:13:30.435+0000] {dagbag.py:538} INFO - Filling up the DagBag from /opt/airflow/dags/dag3.py
[2025-10-10T02:13:30.449+0000] {processor.py:753} INFO - DAG(s) dict_keys(['dag3']) retrieved from /opt/airflow/dags/dag3.py
[2025-10-10T02:13:30.479+0000] {logging_mixin.py:137} INFO - [2025-10-10T02:13:30.479+0000] {dag.py:2676} INFO - Sync 1 DAGs
[2025-10-10T02:13:30.497+0000] {logging_mixin.py:137} INFO - [2025-10-10T02:13:30.497+0000] {dag.py:3427} INFO - Setting next_dagrun for dag3 to 2023-01-01T00:00:00+00:00, run_after=2023-01-02T00:00:00+00:00
[2025-10-10T02:13:30.521+0000] {processor.py:175} INFO - Processing /opt/airflow/dags/dag3.py took 0.090 seconds
[2025-10-10T02:14:00.623+0000] {processor.py:153} INFO - Started process (PID=621) to work on /opt/airflow/dags/dag3.py
[2025-10-10T02:14:00.624+0000] {processor.py:743} INFO - Processing file /opt/airflow/dags/dag3.py for tasks to queue
[2025-10-10T02:14:00.624+0000] {logging_mixin.py:137} INFO - [2025-10-10T02:14:00.624+0000] {dagbag.py:538} INFO - Filling up the DagBag from /opt/airflow/dags/dag3.py
[2025-10-10T02:14:00.638+0000] {processor.py:753} INFO - DAG(s) dict_keys(['dag3']) retrieved from /opt/airflow/dags/dag3.py
[2025-10-10T02:14:00.665+0000] {logging_mixin.py:137} INFO - [2025-10-10T02:14:00.665+0000] {dag.py:2676} INFO - Sync 1 DAGs
[2025-10-10T02:14:00.680+0000] {logging_mixin.py:137} INFO - [2025-10-10T02:14:00.680+0000] {dag.py:3427} INFO - Setting next_dagrun for dag3 to 2023-01-01T00:00:00+00:00, run_after=2023-01-02T00:00:00+00:00
[2025-10-10T02:14:00.710+0000] {processor.py:175} INFO - Processing /opt/airflow/dags/dag3.py took 0.090 seconds
[2025-10-10T02:14:31.422+0000] {processor.py:153} INFO - Started process (PID=641) to work on /opt/airflow/dags/dag3.py
[2025-10-10T02:14:31.423+0000] {processor.py:743} INFO - Processing file /opt/airflow/dags/dag3.py for tasks to queue
[2025-10-10T02:14:31.423+0000] {logging_mixin.py:137} INFO - [2025-10-10T02:14:31.423+0000] {dagbag.py:538} INFO - Filling up the DagBag from /opt/airflow/dags/dag3.py
[2025-10-10T02:14:31.437+0000] {processor.py:753} INFO - DAG(s) dict_keys(['dag3']) retrieved from /opt/airflow/dags/dag3.py
[2025-10-10T02:14:31.462+0000] {logging_mixin.py:137} INFO - [2025-10-10T02:14:31.462+0000] {dag.py:2676} INFO - Sync 1 DAGs
[2025-10-10T02:14:31.477+0000] {logging_mixin.py:137} INFO - [2025-10-10T02:14:31.477+0000] {dag.py:3427} INFO - Setting next_dagrun for dag3 to 2023-01-01T00:00:00+00:00, run_after=2023-01-02T00:00:00+00:00
[2025-10-10T02:14:31.498+0000] {processor.py:175} INFO - Processing /opt/airflow/dags/dag3.py took 0.078 seconds
[2025-10-10T02:15:02.148+0000] {processor.py:153} INFO - Started process (PID=661) to work on /opt/airflow/dags/dag3.py
[2025-10-10T02:15:02.149+0000] {processor.py:743} INFO - Processing file /opt/airflow/dags/dag3.py for tasks to queue
[2025-10-10T02:15:02.149+0000] {logging_mixin.py:137} INFO - [2025-10-10T02:15:02.149+0000] {dagbag.py:538} INFO - Filling up the DagBag from /opt/airflow/dags/dag3.py
[2025-10-10T02:15:02.164+0000] {processor.py:753} INFO - DAG(s) dict_keys(['dag3']) retrieved from /opt/airflow/dags/dag3.py
[2025-10-10T02:15:02.189+0000] {logging_mixin.py:137} INFO - [2025-10-10T02:15:02.189+0000] {dag.py:2676} INFO - Sync 1 DAGs
[2025-10-10T02:15:02.206+0000] {logging_mixin.py:137} INFO - [2025-10-10T02:15:02.206+0000] {dag.py:3427} INFO - Setting next_dagrun for dag3 to 2023-01-01T00:00:00+00:00, run_after=2023-01-02T00:00:00+00:00
[2025-10-10T02:15:02.236+0000] {processor.py:175} INFO - Processing /opt/airflow/dags/dag3.py took 0.090 seconds
[2025-10-10T02:15:32.809+0000] {processor.py:153} INFO - Started process (PID=681) to work on /opt/airflow/dags/dag3.py
[2025-10-10T02:15:32.810+0000] {processor.py:743} INFO - Processing file /opt/airflow/dags/dag3.py for tasks to queue
[2025-10-10T02:15:32.810+0000] {logging_mixin.py:137} INFO - [2025-10-10T02:15:32.810+0000] {dagbag.py:538} INFO - Filling up the DagBag from /opt/airflow/dags/dag3.py
[2025-10-10T02:15:32.824+0000] {processor.py:753} INFO - DAG(s) dict_keys(['dag3']) retrieved from /opt/airflow/dags/dag3.py
[2025-10-10T02:15:32.852+0000] {logging_mixin.py:137} INFO - [2025-10-10T02:15:32.851+0000] {dag.py:2676} INFO - Sync 1 DAGs
[2025-10-10T02:15:32.868+0000] {logging_mixin.py:137} INFO - [2025-10-10T02:15:32.868+0000] {dag.py:3427} INFO - Setting next_dagrun for dag3 to 2023-01-01T00:00:00+00:00, run_after=2023-01-02T00:00:00+00:00
[2025-10-10T02:15:32.890+0000] {processor.py:175} INFO - Processing /opt/airflow/dags/dag3.py took 0.083 seconds
[2025-10-10T02:16:03.550+0000] {processor.py:153} INFO - Started process (PID=701) to work on /opt/airflow/dags/dag3.py
[2025-10-10T02:16:03.551+0000] {processor.py:743} INFO - Processing file /opt/airflow/dags/dag3.py for tasks to queue
[2025-10-10T02:16:03.552+0000] {logging_mixin.py:137} INFO - [2025-10-10T02:16:03.552+0000] {dagbag.py:538} INFO - Filling up the DagBag from /opt/airflow/dags/dag3.py
[2025-10-10T02:16:03.566+0000] {processor.py:753} INFO - DAG(s) dict_keys(['dag3']) retrieved from /opt/airflow/dags/dag3.py
[2025-10-10T02:16:03.596+0000] {logging_mixin.py:137} INFO - [2025-10-10T02:16:03.595+0000] {dag.py:2676} INFO - Sync 1 DAGs
[2025-10-10T02:16:03.615+0000] {logging_mixin.py:137} INFO - [2025-10-10T02:16:03.615+0000] {dag.py:3427} INFO - Setting next_dagrun for dag3 to 2023-01-01T00:00:00+00:00, run_after=2023-01-02T00:00:00+00:00
[2025-10-10T02:16:03.636+0000] {processor.py:175} INFO - Processing /opt/airflow/dags/dag3.py took 0.090 seconds
[2025-10-10T02:16:34.247+0000] {processor.py:153} INFO - Started process (PID=721) to work on /opt/airflow/dags/dag3.py
[2025-10-10T02:16:34.247+0000] {processor.py:743} INFO - Processing file /opt/airflow/dags/dag3.py for tasks to queue
[2025-10-10T02:16:34.248+0000] {logging_mixin.py:137} INFO - [2025-10-10T02:16:34.248+0000] {dagbag.py:538} INFO - Filling up the DagBag from /opt/airflow/dags/dag3.py
[2025-10-10T02:16:34.265+0000] {processor.py:753} INFO - DAG(s) dict_keys(['dag3']) retrieved from /opt/airflow/dags/dag3.py
[2025-10-10T02:16:34.292+0000] {logging_mixin.py:137} INFO - [2025-10-10T02:16:34.292+0000] {dag.py:2676} INFO - Sync 1 DAGs
[2025-10-10T02:16:34.308+0000] {logging_mixin.py:137} INFO - [2025-10-10T02:16:34.308+0000] {dag.py:3427} INFO - Setting next_dagrun for dag3 to 2023-01-01T00:00:00+00:00, run_after=2023-01-02T00:00:00+00:00
[2025-10-10T02:16:34.331+0000] {processor.py:175} INFO - Processing /opt/airflow/dags/dag3.py took 0.087 seconds
[2025-10-10T02:17:04.927+0000] {processor.py:153} INFO - Started process (PID=741) to work on /opt/airflow/dags/dag3.py
[2025-10-10T02:17:04.928+0000] {processor.py:743} INFO - Processing file /opt/airflow/dags/dag3.py for tasks to queue
[2025-10-10T02:17:04.929+0000] {logging_mixin.py:137} INFO - [2025-10-10T02:17:04.929+0000] {dagbag.py:538} INFO - Filling up the DagBag from /opt/airflow/dags/dag3.py
[2025-10-10T02:17:04.942+0000] {processor.py:753} INFO - DAG(s) dict_keys(['dag3']) retrieved from /opt/airflow/dags/dag3.py
[2025-10-10T02:17:04.969+0000] {logging_mixin.py:137} INFO - [2025-10-10T02:17:04.969+0000] {dag.py:2676} INFO - Sync 1 DAGs
[2025-10-10T02:17:04.985+0000] {logging_mixin.py:137} INFO - [2025-10-10T02:17:04.985+0000] {dag.py:3427} INFO - Setting next_dagrun for dag3 to 2023-01-01T00:00:00+00:00, run_after=2023-01-02T00:00:00+00:00
[2025-10-10T02:17:05.007+0000] {processor.py:175} INFO - Processing /opt/airflow/dags/dag3.py took 0.082 seconds
[2025-10-10T02:17:35.614+0000] {processor.py:153} INFO - Started process (PID=761) to work on /opt/airflow/dags/dag3.py
[2025-10-10T02:17:35.614+0000] {processor.py:743} INFO - Processing file /opt/airflow/dags/dag3.py for tasks to queue
[2025-10-10T02:17:35.615+0000] {logging_mixin.py:137} INFO - [2025-10-10T02:17:35.615+0000] {dagbag.py:538} INFO - Filling up the DagBag from /opt/airflow/dags/dag3.py
[2025-10-10T02:17:35.630+0000] {processor.py:753} INFO - DAG(s) dict_keys(['dag3']) retrieved from /opt/airflow/dags/dag3.py
[2025-10-10T02:17:35.661+0000] {logging_mixin.py:137} INFO - [2025-10-10T02:17:35.661+0000] {dag.py:2676} INFO - Sync 1 DAGs
[2025-10-10T02:17:35.684+0000] {logging_mixin.py:137} INFO - [2025-10-10T02:17:35.683+0000] {dag.py:3427} INFO - Setting next_dagrun for dag3 to 2023-01-01T00:00:00+00:00, run_after=2023-01-02T00:00:00+00:00
[2025-10-10T02:17:35.708+0000] {processor.py:175} INFO - Processing /opt/airflow/dags/dag3.py took 0.097 seconds
[2025-10-10T02:18:06.324+0000] {processor.py:153} INFO - Started process (PID=781) to work on /opt/airflow/dags/dag3.py
[2025-10-10T02:18:06.333+0000] {processor.py:743} INFO - Processing file /opt/airflow/dags/dag3.py for tasks to queue
[2025-10-10T02:18:06.333+0000] {logging_mixin.py:137} INFO - [2025-10-10T02:18:06.333+0000] {dagbag.py:538} INFO - Filling up the DagBag from /opt/airflow/dags/dag3.py
[2025-10-10T02:18:06.347+0000] {processor.py:753} INFO - DAG(s) dict_keys(['dag3']) retrieved from /opt/airflow/dags/dag3.py
[2025-10-10T02:18:06.374+0000] {logging_mixin.py:137} INFO - [2025-10-10T02:18:06.374+0000] {dag.py:2676} INFO - Sync 1 DAGs
[2025-10-10T02:18:06.390+0000] {logging_mixin.py:137} INFO - [2025-10-10T02:18:06.390+0000] {dag.py:3427} INFO - Setting next_dagrun for dag3 to 2023-01-01T00:00:00+00:00, run_after=2023-01-02T00:00:00+00:00
[2025-10-10T02:18:06.417+0000] {processor.py:175} INFO - Processing /opt/airflow/dags/dag3.py took 0.095 seconds
[2025-10-10T02:18:36.994+0000] {processor.py:153} INFO - Started process (PID=801) to work on /opt/airflow/dags/dag3.py
[2025-10-10T02:18:36.995+0000] {processor.py:743} INFO - Processing file /opt/airflow/dags/dag3.py for tasks to queue
[2025-10-10T02:18:36.995+0000] {logging_mixin.py:137} INFO - [2025-10-10T02:18:36.995+0000] {dagbag.py:538} INFO - Filling up the DagBag from /opt/airflow/dags/dag3.py
[2025-10-10T02:18:37.013+0000] {processor.py:753} INFO - DAG(s) dict_keys(['dag3']) retrieved from /opt/airflow/dags/dag3.py
[2025-10-10T02:18:37.044+0000] {logging_mixin.py:137} INFO - [2025-10-10T02:18:37.044+0000] {dag.py:2676} INFO - Sync 1 DAGs
[2025-10-10T02:18:37.062+0000] {logging_mixin.py:137} INFO - [2025-10-10T02:18:37.062+0000] {dag.py:3427} INFO - Setting next_dagrun for dag3 to 2023-01-01T00:00:00+00:00, run_after=2023-01-02T00:00:00+00:00
[2025-10-10T02:18:37.085+0000] {processor.py:175} INFO - Processing /opt/airflow/dags/dag3.py took 0.095 seconds
[2025-10-10T02:19:07.686+0000] {processor.py:153} INFO - Started process (PID=821) to work on /opt/airflow/dags/dag3.py
[2025-10-10T02:19:07.687+0000] {processor.py:743} INFO - Processing file /opt/airflow/dags/dag3.py for tasks to queue
[2025-10-10T02:19:07.688+0000] {logging_mixin.py:137} INFO - [2025-10-10T02:19:07.688+0000] {dagbag.py:538} INFO - Filling up the DagBag from /opt/airflow/dags/dag3.py
[2025-10-10T02:19:07.700+0000] {processor.py:753} INFO - DAG(s) dict_keys(['dag3']) retrieved from /opt/airflow/dags/dag3.py
[2025-10-10T02:19:07.724+0000] {logging_mixin.py:137} INFO - [2025-10-10T02:19:07.724+0000] {dag.py:2676} INFO - Sync 1 DAGs
[2025-10-10T02:19:07.742+0000] {logging_mixin.py:137} INFO - [2025-10-10T02:19:07.742+0000] {dag.py:3427} INFO - Setting next_dagrun for dag3 to 2023-01-01T00:00:00+00:00, run_after=2023-01-02T00:00:00+00:00
[2025-10-10T02:19:07.767+0000] {processor.py:175} INFO - Processing /opt/airflow/dags/dag3.py took 0.083 seconds
[2025-10-10T02:19:38.389+0000] {processor.py:153} INFO - Started process (PID=841) to work on /opt/airflow/dags/dag3.py
[2025-10-10T02:19:38.390+0000] {processor.py:743} INFO - Processing file /opt/airflow/dags/dag3.py for tasks to queue
[2025-10-10T02:19:38.390+0000] {logging_mixin.py:137} INFO - [2025-10-10T02:19:38.390+0000] {dagbag.py:538} INFO - Filling up the DagBag from /opt/airflow/dags/dag3.py
[2025-10-10T02:19:38.404+0000] {processor.py:753} INFO - DAG(s) dict_keys(['dag3']) retrieved from /opt/airflow/dags/dag3.py
[2025-10-10T02:19:38.434+0000] {logging_mixin.py:137} INFO - [2025-10-10T02:19:38.434+0000] {dag.py:2676} INFO - Sync 1 DAGs
[2025-10-10T02:19:38.452+0000] {logging_mixin.py:137} INFO - [2025-10-10T02:19:38.451+0000] {dag.py:3427} INFO - Setting next_dagrun for dag3 to 2023-01-01T00:00:00+00:00, run_after=2023-01-02T00:00:00+00:00
[2025-10-10T02:19:38.474+0000] {processor.py:175} INFO - Processing /opt/airflow/dags/dag3.py took 0.087 seconds
[2025-10-10T02:20:09.062+0000] {processor.py:153} INFO - Started process (PID=861) to work on /opt/airflow/dags/dag3.py
[2025-10-10T02:20:09.063+0000] {processor.py:743} INFO - Processing file /opt/airflow/dags/dag3.py for tasks to queue
[2025-10-10T02:20:09.063+0000] {logging_mixin.py:137} INFO - [2025-10-10T02:20:09.063+0000] {dagbag.py:538} INFO - Filling up the DagBag from /opt/airflow/dags/dag3.py
[2025-10-10T02:20:09.077+0000] {processor.py:753} INFO - DAG(s) dict_keys(['dag3']) retrieved from /opt/airflow/dags/dag3.py
[2025-10-10T02:20:09.104+0000] {logging_mixin.py:137} INFO - [2025-10-10T02:20:09.104+0000] {dag.py:2676} INFO - Sync 1 DAGs
[2025-10-10T02:20:09.124+0000] {logging_mixin.py:137} INFO - [2025-10-10T02:20:09.124+0000] {dag.py:3427} INFO - Setting next_dagrun for dag3 to 2023-01-01T00:00:00+00:00, run_after=2023-01-02T00:00:00+00:00
[2025-10-10T02:20:09.152+0000] {processor.py:175} INFO - Processing /opt/airflow/dags/dag3.py took 0.094 seconds
[2025-10-10T02:20:39.692+0000] {processor.py:153} INFO - Started process (PID=881) to work on /opt/airflow/dags/dag3.py
[2025-10-10T02:20:39.692+0000] {processor.py:743} INFO - Processing file /opt/airflow/dags/dag3.py for tasks to queue
[2025-10-10T02:20:39.693+0000] {logging_mixin.py:137} INFO - [2025-10-10T02:20:39.693+0000] {dagbag.py:538} INFO - Filling up the DagBag from /opt/airflow/dags/dag3.py
[2025-10-10T02:20:39.706+0000] {processor.py:753} INFO - DAG(s) dict_keys(['dag3']) retrieved from /opt/airflow/dags/dag3.py
[2025-10-10T02:20:39.735+0000] {logging_mixin.py:137} INFO - [2025-10-10T02:20:39.734+0000] {dag.py:2676} INFO - Sync 1 DAGs
[2025-10-10T02:20:39.754+0000] {logging_mixin.py:137} INFO - [2025-10-10T02:20:39.754+0000] {dag.py:3427} INFO - Setting next_dagrun for dag3 to 2023-01-01T00:00:00+00:00, run_after=2023-01-02T00:00:00+00:00
[2025-10-10T02:20:39.783+0000] {processor.py:175} INFO - Processing /opt/airflow/dags/dag3.py took 0.095 seconds
[2025-10-10T02:21:10.312+0000] {processor.py:153} INFO - Started process (PID=901) to work on /opt/airflow/dags/dag3.py
[2025-10-10T02:21:10.313+0000] {processor.py:743} INFO - Processing file /opt/airflow/dags/dag3.py for tasks to queue
[2025-10-10T02:21:10.313+0000] {logging_mixin.py:137} INFO - [2025-10-10T02:21:10.313+0000] {dagbag.py:538} INFO - Filling up the DagBag from /opt/airflow/dags/dag3.py
[2025-10-10T02:21:10.326+0000] {processor.py:753} INFO - DAG(s) dict_keys(['dag3']) retrieved from /opt/airflow/dags/dag3.py
[2025-10-10T02:21:10.357+0000] {logging_mixin.py:137} INFO - [2025-10-10T02:21:10.357+0000] {dag.py:2676} INFO - Sync 1 DAGs
[2025-10-10T02:21:10.380+0000] {logging_mixin.py:137} INFO - [2025-10-10T02:21:10.380+0000] {dag.py:3427} INFO - Setting next_dagrun for dag3 to 2023-01-01T00:00:00+00:00, run_after=2023-01-02T00:00:00+00:00
[2025-10-10T02:21:10.407+0000] {processor.py:175} INFO - Processing /opt/airflow/dags/dag3.py took 0.097 seconds
[2025-10-10T02:21:40.881+0000] {processor.py:153} INFO - Started process (PID=921) to work on /opt/airflow/dags/dag3.py
[2025-10-10T02:21:40.882+0000] {processor.py:743} INFO - Processing file /opt/airflow/dags/dag3.py for tasks to queue
[2025-10-10T02:21:40.883+0000] {logging_mixin.py:137} INFO - [2025-10-10T02:21:40.882+0000] {dagbag.py:538} INFO - Filling up the DagBag from /opt/airflow/dags/dag3.py
[2025-10-10T02:21:40.896+0000] {processor.py:753} INFO - DAG(s) dict_keys(['dag3']) retrieved from /opt/airflow/dags/dag3.py
[2025-10-10T02:21:40.928+0000] {logging_mixin.py:137} INFO - [2025-10-10T02:21:40.928+0000] {dag.py:2676} INFO - Sync 1 DAGs
[2025-10-10T02:21:40.948+0000] {logging_mixin.py:137} INFO - [2025-10-10T02:21:40.948+0000] {dag.py:3427} INFO - Setting next_dagrun for dag3 to 2023-01-01T00:00:00+00:00, run_after=2023-01-02T00:00:00+00:00
[2025-10-10T02:21:40.977+0000] {processor.py:175} INFO - Processing /opt/airflow/dags/dag3.py took 0.099 seconds
[2025-10-10T02:22:11.583+0000] {processor.py:153} INFO - Started process (PID=941) to work on /opt/airflow/dags/dag3.py
[2025-10-10T02:22:11.583+0000] {processor.py:743} INFO - Processing file /opt/airflow/dags/dag3.py for tasks to queue
[2025-10-10T02:22:11.584+0000] {logging_mixin.py:137} INFO - [2025-10-10T02:22:11.584+0000] {dagbag.py:538} INFO - Filling up the DagBag from /opt/airflow/dags/dag3.py
[2025-10-10T02:22:11.601+0000] {processor.py:753} INFO - DAG(s) dict_keys(['dag3']) retrieved from /opt/airflow/dags/dag3.py
[2025-10-10T02:22:11.629+0000] {logging_mixin.py:137} INFO - [2025-10-10T02:22:11.629+0000] {dag.py:2676} INFO - Sync 1 DAGs
[2025-10-10T02:22:11.647+0000] {logging_mixin.py:137} INFO - [2025-10-10T02:22:11.647+0000] {dag.py:3427} INFO - Setting next_dagrun for dag3 to 2023-01-01T00:00:00+00:00, run_after=2023-01-02T00:00:00+00:00
[2025-10-10T02:22:11.676+0000] {processor.py:175} INFO - Processing /opt/airflow/dags/dag3.py took 0.096 seconds
[2025-10-10T02:22:42.178+0000] {processor.py:153} INFO - Started process (PID=961) to work on /opt/airflow/dags/dag3.py
[2025-10-10T02:22:42.179+0000] {processor.py:743} INFO - Processing file /opt/airflow/dags/dag3.py for tasks to queue
[2025-10-10T02:22:42.180+0000] {logging_mixin.py:137} INFO - [2025-10-10T02:22:42.180+0000] {dagbag.py:538} INFO - Filling up the DagBag from /opt/airflow/dags/dag3.py
[2025-10-10T02:22:42.196+0000] {processor.py:753} INFO - DAG(s) dict_keys(['dag3']) retrieved from /opt/airflow/dags/dag3.py
[2025-10-10T02:22:42.228+0000] {logging_mixin.py:137} INFO - [2025-10-10T02:22:42.228+0000] {dag.py:2676} INFO - Sync 1 DAGs
[2025-10-10T02:22:42.246+0000] {logging_mixin.py:137} INFO - [2025-10-10T02:22:42.246+0000] {dag.py:3427} INFO - Setting next_dagrun for dag3 to 2023-01-01T00:00:00+00:00, run_after=2023-01-02T00:00:00+00:00
[2025-10-10T02:22:42.273+0000] {processor.py:175} INFO - Processing /opt/airflow/dags/dag3.py took 0.098 seconds
[2025-10-10T02:23:12.827+0000] {processor.py:153} INFO - Started process (PID=981) to work on /opt/airflow/dags/dag3.py
[2025-10-10T02:23:12.828+0000] {processor.py:743} INFO - Processing file /opt/airflow/dags/dag3.py for tasks to queue
[2025-10-10T02:23:12.829+0000] {logging_mixin.py:137} INFO - [2025-10-10T02:23:12.828+0000] {dagbag.py:538} INFO - Filling up the DagBag from /opt/airflow/dags/dag3.py
[2025-10-10T02:23:12.842+0000] {processor.py:753} INFO - DAG(s) dict_keys(['dag3']) retrieved from /opt/airflow/dags/dag3.py
[2025-10-10T02:23:12.870+0000] {logging_mixin.py:137} INFO - [2025-10-10T02:23:12.870+0000] {dag.py:2676} INFO - Sync 1 DAGs
[2025-10-10T02:23:12.887+0000] {logging_mixin.py:137} INFO - [2025-10-10T02:23:12.887+0000] {dag.py:3427} INFO - Setting next_dagrun for dag3 to 2023-01-01T00:00:00+00:00, run_after=2023-01-02T00:00:00+00:00
[2025-10-10T02:23:12.917+0000] {processor.py:175} INFO - Processing /opt/airflow/dags/dag3.py took 0.093 seconds
[2025-10-10T02:23:43.461+0000] {processor.py:153} INFO - Started process (PID=1001) to work on /opt/airflow/dags/dag3.py
[2025-10-10T02:23:43.463+0000] {processor.py:743} INFO - Processing file /opt/airflow/dags/dag3.py for tasks to queue
[2025-10-10T02:23:43.464+0000] {logging_mixin.py:137} INFO - [2025-10-10T02:23:43.464+0000] {dagbag.py:538} INFO - Filling up the DagBag from /opt/airflow/dags/dag3.py
[2025-10-10T02:23:43.485+0000] {processor.py:753} INFO - DAG(s) dict_keys(['dag3']) retrieved from /opt/airflow/dags/dag3.py
[2025-10-10T02:23:43.532+0000] {logging_mixin.py:137} INFO - [2025-10-10T02:23:43.532+0000] {dag.py:2676} INFO - Sync 1 DAGs
[2025-10-10T02:23:43.555+0000] {logging_mixin.py:137} INFO - [2025-10-10T02:23:43.554+0000] {dag.py:3427} INFO - Setting next_dagrun for dag3 to 2023-01-01T00:00:00+00:00, run_after=2023-01-02T00:00:00+00:00
[2025-10-10T02:23:43.581+0000] {processor.py:175} INFO - Processing /opt/airflow/dags/dag3.py took 0.123 seconds
[2025-10-10T02:24:14.014+0000] {processor.py:153} INFO - Started process (PID=1021) to work on /opt/airflow/dags/dag3.py
[2025-10-10T02:24:14.014+0000] {processor.py:743} INFO - Processing file /opt/airflow/dags/dag3.py for tasks to queue
[2025-10-10T02:24:14.015+0000] {logging_mixin.py:137} INFO - [2025-10-10T02:24:14.015+0000] {dagbag.py:538} INFO - Filling up the DagBag from /opt/airflow/dags/dag3.py
[2025-10-10T02:24:14.029+0000] {processor.py:753} INFO - DAG(s) dict_keys(['dag3']) retrieved from /opt/airflow/dags/dag3.py
[2025-10-10T02:24:14.060+0000] {logging_mixin.py:137} INFO - [2025-10-10T02:24:14.060+0000] {dag.py:2676} INFO - Sync 1 DAGs
[2025-10-10T02:24:14.078+0000] {logging_mixin.py:137} INFO - [2025-10-10T02:24:14.078+0000] {dag.py:3427} INFO - Setting next_dagrun for dag3 to 2023-01-01T00:00:00+00:00, run_after=2023-01-02T00:00:00+00:00
[2025-10-10T02:24:14.103+0000] {processor.py:175} INFO - Processing /opt/airflow/dags/dag3.py took 0.092 seconds
[2025-10-10T02:24:44.737+0000] {processor.py:153} INFO - Started process (PID=1041) to work on /opt/airflow/dags/dag3.py
[2025-10-10T02:24:44.740+0000] {processor.py:743} INFO - Processing file /opt/airflow/dags/dag3.py for tasks to queue
[2025-10-10T02:24:44.740+0000] {logging_mixin.py:137} INFO - [2025-10-10T02:24:44.740+0000] {dagbag.py:538} INFO - Filling up the DagBag from /opt/airflow/dags/dag3.py
[2025-10-10T02:24:44.753+0000] {processor.py:753} INFO - DAG(s) dict_keys(['dag3']) retrieved from /opt/airflow/dags/dag3.py
[2025-10-10T02:24:44.783+0000] {logging_mixin.py:137} INFO - [2025-10-10T02:24:44.782+0000] {dag.py:2676} INFO - Sync 1 DAGs
[2025-10-10T02:24:44.800+0000] {logging_mixin.py:137} INFO - [2025-10-10T02:24:44.800+0000] {dag.py:3427} INFO - Setting next_dagrun for dag3 to 2023-01-01T00:00:00+00:00, run_after=2023-01-02T00:00:00+00:00
[2025-10-10T02:24:44.820+0000] {processor.py:175} INFO - Processing /opt/airflow/dags/dag3.py took 0.087 seconds
[2025-10-10T02:25:15.561+0000] {processor.py:153} INFO - Started process (PID=1061) to work on /opt/airflow/dags/dag3.py
[2025-10-10T02:25:15.562+0000] {processor.py:743} INFO - Processing file /opt/airflow/dags/dag3.py for tasks to queue
[2025-10-10T02:25:15.563+0000] {logging_mixin.py:137} INFO - [2025-10-10T02:25:15.563+0000] {dagbag.py:538} INFO - Filling up the DagBag from /opt/airflow/dags/dag3.py
[2025-10-10T02:25:15.577+0000] {processor.py:753} INFO - DAG(s) dict_keys(['dag3']) retrieved from /opt/airflow/dags/dag3.py
[2025-10-10T02:25:15.603+0000] {logging_mixin.py:137} INFO - [2025-10-10T02:25:15.602+0000] {dag.py:2676} INFO - Sync 1 DAGs
[2025-10-10T02:25:15.620+0000] {logging_mixin.py:137} INFO - [2025-10-10T02:25:15.620+0000] {dag.py:3427} INFO - Setting next_dagrun for dag3 to 2023-01-01T00:00:00+00:00, run_after=2023-01-02T00:00:00+00:00
[2025-10-10T02:25:15.645+0000] {processor.py:175} INFO - Processing /opt/airflow/dags/dag3.py took 0.088 seconds
[2025-10-10T02:25:46.169+0000] {processor.py:153} INFO - Started process (PID=1081) to work on /opt/airflow/dags/dag3.py
[2025-10-10T02:25:46.171+0000] {processor.py:743} INFO - Processing file /opt/airflow/dags/dag3.py for tasks to queue
[2025-10-10T02:25:46.171+0000] {logging_mixin.py:137} INFO - [2025-10-10T02:25:46.171+0000] {dagbag.py:538} INFO - Filling up the DagBag from /opt/airflow/dags/dag3.py
[2025-10-10T02:25:46.185+0000] {processor.py:753} INFO - DAG(s) dict_keys(['dag3']) retrieved from /opt/airflow/dags/dag3.py
[2025-10-10T02:25:46.212+0000] {logging_mixin.py:137} INFO - [2025-10-10T02:25:46.212+0000] {dag.py:2676} INFO - Sync 1 DAGs
[2025-10-10T02:25:46.232+0000] {logging_mixin.py:137} INFO - [2025-10-10T02:25:46.232+0000] {dag.py:3427} INFO - Setting next_dagrun for dag3 to 2023-01-01T00:00:00+00:00, run_after=2023-01-02T00:00:00+00:00
[2025-10-10T02:25:46.254+0000] {processor.py:175} INFO - Processing /opt/airflow/dags/dag3.py took 0.088 seconds
[2025-10-10T02:26:16.806+0000] {processor.py:153} INFO - Started process (PID=1101) to work on /opt/airflow/dags/dag3.py
[2025-10-10T02:26:16.807+0000] {processor.py:743} INFO - Processing file /opt/airflow/dags/dag3.py for tasks to queue
[2025-10-10T02:26:16.808+0000] {logging_mixin.py:137} INFO - [2025-10-10T02:26:16.807+0000] {dagbag.py:538} INFO - Filling up the DagBag from /opt/airflow/dags/dag3.py
[2025-10-10T02:26:16.821+0000] {processor.py:753} INFO - DAG(s) dict_keys(['dag3']) retrieved from /opt/airflow/dags/dag3.py
[2025-10-10T02:26:16.846+0000] {logging_mixin.py:137} INFO - [2025-10-10T02:26:16.846+0000] {dag.py:2676} INFO - Sync 1 DAGs
[2025-10-10T02:26:16.864+0000] {logging_mixin.py:137} INFO - [2025-10-10T02:26:16.864+0000] {dag.py:3427} INFO - Setting next_dagrun for dag3 to 2023-01-01T00:00:00+00:00, run_after=2023-01-02T00:00:00+00:00
[2025-10-10T02:26:16.897+0000] {processor.py:175} INFO - Processing /opt/airflow/dags/dag3.py took 0.093 seconds
[2025-10-10T02:26:47.398+0000] {processor.py:153} INFO - Started process (PID=1121) to work on /opt/airflow/dags/dag3.py
[2025-10-10T02:26:47.399+0000] {processor.py:743} INFO - Processing file /opt/airflow/dags/dag3.py for tasks to queue
[2025-10-10T02:26:47.400+0000] {logging_mixin.py:137} INFO - [2025-10-10T02:26:47.400+0000] {dagbag.py:538} INFO - Filling up the DagBag from /opt/airflow/dags/dag3.py
[2025-10-10T02:26:47.413+0000] {processor.py:753} INFO - DAG(s) dict_keys(['dag3']) retrieved from /opt/airflow/dags/dag3.py
[2025-10-10T02:26:47.441+0000] {logging_mixin.py:137} INFO - [2025-10-10T02:26:47.441+0000] {dag.py:2676} INFO - Sync 1 DAGs
[2025-10-10T02:26:47.460+0000] {logging_mixin.py:137} INFO - [2025-10-10T02:26:47.460+0000] {dag.py:3427} INFO - Setting next_dagrun for dag3 to 2023-01-01T00:00:00+00:00, run_after=2023-01-02T00:00:00+00:00
[2025-10-10T02:26:47.482+0000] {processor.py:175} INFO - Processing /opt/airflow/dags/dag3.py took 0.087 seconds
[2025-10-10T02:27:17.985+0000] {processor.py:153} INFO - Started process (PID=1141) to work on /opt/airflow/dags/dag3.py
[2025-10-10T02:27:17.986+0000] {processor.py:743} INFO - Processing file /opt/airflow/dags/dag3.py for tasks to queue
[2025-10-10T02:27:17.987+0000] {logging_mixin.py:137} INFO - [2025-10-10T02:27:17.987+0000] {dagbag.py:538} INFO - Filling up the DagBag from /opt/airflow/dags/dag3.py
[2025-10-10T02:27:18.001+0000] {processor.py:753} INFO - DAG(s) dict_keys(['dag3']) retrieved from /opt/airflow/dags/dag3.py
[2025-10-10T02:27:18.027+0000] {logging_mixin.py:137} INFO - [2025-10-10T02:27:18.027+0000] {dag.py:2676} INFO - Sync 1 DAGs
[2025-10-10T02:27:18.045+0000] {logging_mixin.py:137} INFO - [2025-10-10T02:27:18.045+0000] {dag.py:3427} INFO - Setting next_dagrun for dag3 to 2023-01-01T00:00:00+00:00, run_after=2023-01-02T00:00:00+00:00
[2025-10-10T02:27:18.068+0000] {processor.py:175} INFO - Processing /opt/airflow/dags/dag3.py took 0.087 seconds
[2025-10-10T02:27:48.560+0000] {processor.py:153} INFO - Started process (PID=1161) to work on /opt/airflow/dags/dag3.py
[2025-10-10T02:27:48.560+0000] {processor.py:743} INFO - Processing file /opt/airflow/dags/dag3.py for tasks to queue
[2025-10-10T02:27:48.561+0000] {logging_mixin.py:137} INFO - [2025-10-10T02:27:48.561+0000] {dagbag.py:538} INFO - Filling up the DagBag from /opt/airflow/dags/dag3.py
[2025-10-10T02:27:48.575+0000] {processor.py:753} INFO - DAG(s) dict_keys(['dag3']) retrieved from /opt/airflow/dags/dag3.py
[2025-10-10T02:27:48.601+0000] {logging_mixin.py:137} INFO - [2025-10-10T02:27:48.600+0000] {dag.py:2676} INFO - Sync 1 DAGs
[2025-10-10T02:27:48.617+0000] {logging_mixin.py:137} INFO - [2025-10-10T02:27:48.616+0000] {dag.py:3427} INFO - Setting next_dagrun for dag3 to 2023-01-01T00:00:00+00:00, run_after=2023-01-02T00:00:00+00:00
[2025-10-10T02:27:48.642+0000] {processor.py:175} INFO - Processing /opt/airflow/dags/dag3.py took 0.084 seconds
[2025-10-10T02:28:19.184+0000] {processor.py:153} INFO - Started process (PID=1181) to work on /opt/airflow/dags/dag3.py
[2025-10-10T02:28:19.185+0000] {processor.py:743} INFO - Processing file /opt/airflow/dags/dag3.py for tasks to queue
[2025-10-10T02:28:19.186+0000] {logging_mixin.py:137} INFO - [2025-10-10T02:28:19.186+0000] {dagbag.py:538} INFO - Filling up the DagBag from /opt/airflow/dags/dag3.py
[2025-10-10T02:28:19.201+0000] {processor.py:753} INFO - DAG(s) dict_keys(['dag3']) retrieved from /opt/airflow/dags/dag3.py
[2025-10-10T02:28:19.228+0000] {logging_mixin.py:137} INFO - [2025-10-10T02:28:19.228+0000] {dag.py:2676} INFO - Sync 1 DAGs
[2025-10-10T02:28:19.244+0000] {logging_mixin.py:137} INFO - [2025-10-10T02:28:19.244+0000] {dag.py:3427} INFO - Setting next_dagrun for dag3 to 2023-01-01T00:00:00+00:00, run_after=2023-01-02T00:00:00+00:00
[2025-10-10T02:28:19.270+0000] {processor.py:175} INFO - Processing /opt/airflow/dags/dag3.py took 0.089 seconds
[2025-10-10T02:28:49.781+0000] {processor.py:153} INFO - Started process (PID=1201) to work on /opt/airflow/dags/dag3.py
[2025-10-10T02:28:49.781+0000] {processor.py:743} INFO - Processing file /opt/airflow/dags/dag3.py for tasks to queue
[2025-10-10T02:28:49.782+0000] {logging_mixin.py:137} INFO - [2025-10-10T02:28:49.782+0000] {dagbag.py:538} INFO - Filling up the DagBag from /opt/airflow/dags/dag3.py
[2025-10-10T02:28:49.811+0000] {processor.py:753} INFO - DAG(s) dict_keys(['dag3']) retrieved from /opt/airflow/dags/dag3.py
[2025-10-10T02:28:49.853+0000] {logging_mixin.py:137} INFO - [2025-10-10T02:28:49.853+0000] {dag.py:2676} INFO - Sync 1 DAGs
[2025-10-10T02:28:49.869+0000] {logging_mixin.py:137} INFO - [2025-10-10T02:28:49.869+0000] {dag.py:3427} INFO - Setting next_dagrun for dag3 to 2023-01-01T00:00:00+00:00, run_after=2023-01-02T00:00:00+00:00
[2025-10-10T02:28:49.896+0000] {processor.py:175} INFO - Processing /opt/airflow/dags/dag3.py took 0.119 seconds
[2025-10-10T02:29:20.391+0000] {processor.py:153} INFO - Started process (PID=1221) to work on /opt/airflow/dags/dag3.py
[2025-10-10T02:29:20.392+0000] {processor.py:743} INFO - Processing file /opt/airflow/dags/dag3.py for tasks to queue
[2025-10-10T02:29:20.393+0000] {logging_mixin.py:137} INFO - [2025-10-10T02:29:20.393+0000] {dagbag.py:538} INFO - Filling up the DagBag from /opt/airflow/dags/dag3.py
[2025-10-10T02:29:20.408+0000] {processor.py:753} INFO - DAG(s) dict_keys(['dag3']) retrieved from /opt/airflow/dags/dag3.py
[2025-10-10T02:29:20.436+0000] {logging_mixin.py:137} INFO - [2025-10-10T02:29:20.435+0000] {dag.py:2676} INFO - Sync 1 DAGs
[2025-10-10T02:29:20.452+0000] {logging_mixin.py:137} INFO - [2025-10-10T02:29:20.451+0000] {dag.py:3427} INFO - Setting next_dagrun for dag3 to 2023-01-01T00:00:00+00:00, run_after=2023-01-02T00:00:00+00:00
[2025-10-10T02:29:20.475+0000] {processor.py:175} INFO - Processing /opt/airflow/dags/dag3.py took 0.088 seconds
[2025-10-10T02:29:50.984+0000] {processor.py:153} INFO - Started process (PID=1241) to work on /opt/airflow/dags/dag3.py
[2025-10-10T02:29:50.985+0000] {processor.py:743} INFO - Processing file /opt/airflow/dags/dag3.py for tasks to queue
[2025-10-10T02:29:50.985+0000] {logging_mixin.py:137} INFO - [2025-10-10T02:29:50.985+0000] {dagbag.py:538} INFO - Filling up the DagBag from /opt/airflow/dags/dag3.py
[2025-10-10T02:29:50.999+0000] {processor.py:753} INFO - DAG(s) dict_keys(['dag3']) retrieved from /opt/airflow/dags/dag3.py
[2025-10-10T02:29:51.024+0000] {logging_mixin.py:137} INFO - [2025-10-10T02:29:51.024+0000] {dag.py:2676} INFO - Sync 1 DAGs
[2025-10-10T02:29:51.045+0000] {logging_mixin.py:137} INFO - [2025-10-10T02:29:51.044+0000] {dag.py:3427} INFO - Setting next_dagrun for dag3 to 2023-01-01T00:00:00+00:00, run_after=2023-01-02T00:00:00+00:00
[2025-10-10T02:29:51.073+0000] {processor.py:175} INFO - Processing /opt/airflow/dags/dag3.py took 0.091 seconds
[2025-10-10T02:30:21.571+0000] {processor.py:153} INFO - Started process (PID=1261) to work on /opt/airflow/dags/dag3.py
[2025-10-10T02:30:21.572+0000] {processor.py:743} INFO - Processing file /opt/airflow/dags/dag3.py for tasks to queue
[2025-10-10T02:30:21.573+0000] {logging_mixin.py:137} INFO - [2025-10-10T02:30:21.573+0000] {dagbag.py:538} INFO - Filling up the DagBag from /opt/airflow/dags/dag3.py
[2025-10-10T02:30:21.601+0000] {processor.py:753} INFO - DAG(s) dict_keys(['dag3']) retrieved from /opt/airflow/dags/dag3.py
[2025-10-10T02:30:21.641+0000] {logging_mixin.py:137} INFO - [2025-10-10T02:30:21.641+0000] {dag.py:2676} INFO - Sync 1 DAGs
[2025-10-10T02:30:21.658+0000] {logging_mixin.py:137} INFO - [2025-10-10T02:30:21.658+0000] {dag.py:3427} INFO - Setting next_dagrun for dag3 to 2023-01-01T00:00:00+00:00, run_after=2023-01-02T00:00:00+00:00
[2025-10-10T02:30:21.684+0000] {processor.py:175} INFO - Processing /opt/airflow/dags/dag3.py took 0.116 seconds
[2025-10-10T02:30:52.159+0000] {processor.py:153} INFO - Started process (PID=1281) to work on /opt/airflow/dags/dag3.py
[2025-10-10T02:30:52.160+0000] {processor.py:743} INFO - Processing file /opt/airflow/dags/dag3.py for tasks to queue
[2025-10-10T02:30:52.160+0000] {logging_mixin.py:137} INFO - [2025-10-10T02:30:52.160+0000] {dagbag.py:538} INFO - Filling up the DagBag from /opt/airflow/dags/dag3.py
[2025-10-10T02:30:52.176+0000] {processor.py:753} INFO - DAG(s) dict_keys(['dag3']) retrieved from /opt/airflow/dags/dag3.py
[2025-10-10T02:30:52.203+0000] {logging_mixin.py:137} INFO - [2025-10-10T02:30:52.203+0000] {dag.py:2676} INFO - Sync 1 DAGs
[2025-10-10T02:30:52.221+0000] {logging_mixin.py:137} INFO - [2025-10-10T02:30:52.221+0000] {dag.py:3427} INFO - Setting next_dagrun for dag3 to 2023-01-01T00:00:00+00:00, run_after=2023-01-02T00:00:00+00:00
[2025-10-10T02:30:52.250+0000] {processor.py:175} INFO - Processing /opt/airflow/dags/dag3.py took 0.094 seconds
[2025-10-10T02:31:22.680+0000] {processor.py:153} INFO - Started process (PID=1301) to work on /opt/airflow/dags/dag3.py
[2025-10-10T02:31:22.681+0000] {processor.py:743} INFO - Processing file /opt/airflow/dags/dag3.py for tasks to queue
[2025-10-10T02:31:22.682+0000] {logging_mixin.py:137} INFO - [2025-10-10T02:31:22.682+0000] {dagbag.py:538} INFO - Filling up the DagBag from /opt/airflow/dags/dag3.py
[2025-10-10T02:31:22.698+0000] {processor.py:753} INFO - DAG(s) dict_keys(['dag3']) retrieved from /opt/airflow/dags/dag3.py
[2025-10-10T02:31:22.728+0000] {logging_mixin.py:137} INFO - [2025-10-10T02:31:22.728+0000] {dag.py:2676} INFO - Sync 1 DAGs
[2025-10-10T02:31:22.745+0000] {logging_mixin.py:137} INFO - [2025-10-10T02:31:22.745+0000] {dag.py:3427} INFO - Setting next_dagrun for dag3 to 2023-01-01T00:00:00+00:00, run_after=2023-01-02T00:00:00+00:00
[2025-10-10T02:31:22.773+0000] {processor.py:175} INFO - Processing /opt/airflow/dags/dag3.py took 0.097 seconds
[2025-10-10T02:31:53.279+0000] {processor.py:153} INFO - Started process (PID=1321) to work on /opt/airflow/dags/dag3.py
[2025-10-10T02:31:53.280+0000] {processor.py:743} INFO - Processing file /opt/airflow/dags/dag3.py for tasks to queue
[2025-10-10T02:31:53.280+0000] {logging_mixin.py:137} INFO - [2025-10-10T02:31:53.280+0000] {dagbag.py:538} INFO - Filling up the DagBag from /opt/airflow/dags/dag3.py
[2025-10-10T02:31:53.296+0000] {processor.py:753} INFO - DAG(s) dict_keys(['dag3']) retrieved from /opt/airflow/dags/dag3.py
[2025-10-10T02:31:53.325+0000] {logging_mixin.py:137} INFO - [2025-10-10T02:31:53.325+0000] {dag.py:2676} INFO - Sync 1 DAGs
[2025-10-10T02:31:53.344+0000] {logging_mixin.py:137} INFO - [2025-10-10T02:31:53.344+0000] {dag.py:3427} INFO - Setting next_dagrun for dag3 to 2023-01-01T00:00:00+00:00, run_after=2023-01-02T00:00:00+00:00
[2025-10-10T02:31:53.366+0000] {processor.py:175} INFO - Processing /opt/airflow/dags/dag3.py took 0.089 seconds
[2025-10-10T02:32:23.842+0000] {processor.py:153} INFO - Started process (PID=1341) to work on /opt/airflow/dags/dag3.py
[2025-10-10T02:32:23.843+0000] {processor.py:743} INFO - Processing file /opt/airflow/dags/dag3.py for tasks to queue
[2025-10-10T02:32:23.843+0000] {logging_mixin.py:137} INFO - [2025-10-10T02:32:23.843+0000] {dagbag.py:538} INFO - Filling up the DagBag from /opt/airflow/dags/dag3.py
[2025-10-10T02:32:23.870+0000] {processor.py:753} INFO - DAG(s) dict_keys(['dag3']) retrieved from /opt/airflow/dags/dag3.py
[2025-10-10T02:32:23.919+0000] {logging_mixin.py:137} INFO - [2025-10-10T02:32:23.918+0000] {dag.py:2676} INFO - Sync 1 DAGs
[2025-10-10T02:32:23.937+0000] {logging_mixin.py:137} INFO - [2025-10-10T02:32:23.937+0000] {dag.py:3427} INFO - Setting next_dagrun for dag3 to 2023-01-01T00:00:00+00:00, run_after=2023-01-02T00:00:00+00:00
[2025-10-10T02:32:23.966+0000] {processor.py:175} INFO - Processing /opt/airflow/dags/dag3.py took 0.126 seconds
[2025-10-10T02:32:54.459+0000] {processor.py:153} INFO - Started process (PID=1361) to work on /opt/airflow/dags/dag3.py
[2025-10-10T02:32:54.459+0000] {processor.py:743} INFO - Processing file /opt/airflow/dags/dag3.py for tasks to queue
[2025-10-10T02:32:54.460+0000] {logging_mixin.py:137} INFO - [2025-10-10T02:32:54.460+0000] {dagbag.py:538} INFO - Filling up the DagBag from /opt/airflow/dags/dag3.py
[2025-10-10T02:32:54.488+0000] {processor.py:753} INFO - DAG(s) dict_keys(['dag3']) retrieved from /opt/airflow/dags/dag3.py
[2025-10-10T02:32:54.531+0000] {logging_mixin.py:137} INFO - [2025-10-10T02:32:54.531+0000] {dag.py:2676} INFO - Sync 1 DAGs
[2025-10-10T02:32:54.549+0000] {logging_mixin.py:137} INFO - [2025-10-10T02:32:54.549+0000] {dag.py:3427} INFO - Setting next_dagrun for dag3 to 2023-01-01T00:00:00+00:00, run_after=2023-01-02T00:00:00+00:00
[2025-10-10T02:32:54.582+0000] {processor.py:175} INFO - Processing /opt/airflow/dags/dag3.py took 0.127 seconds
[2025-10-10T02:33:25.021+0000] {processor.py:153} INFO - Started process (PID=1381) to work on /opt/airflow/dags/dag3.py
[2025-10-10T02:33:25.022+0000] {processor.py:743} INFO - Processing file /opt/airflow/dags/dag3.py for tasks to queue
[2025-10-10T02:33:25.022+0000] {logging_mixin.py:137} INFO - [2025-10-10T02:33:25.022+0000] {dagbag.py:538} INFO - Filling up the DagBag from /opt/airflow/dags/dag3.py
[2025-10-10T02:33:25.037+0000] {processor.py:753} INFO - DAG(s) dict_keys(['dag3']) retrieved from /opt/airflow/dags/dag3.py
[2025-10-10T02:33:25.066+0000] {logging_mixin.py:137} INFO - [2025-10-10T02:33:25.065+0000] {dag.py:2676} INFO - Sync 1 DAGs
[2025-10-10T02:33:25.084+0000] {logging_mixin.py:137} INFO - [2025-10-10T02:33:25.084+0000] {dag.py:3427} INFO - Setting next_dagrun for dag3 to 2023-01-01T00:00:00+00:00, run_after=2023-01-02T00:00:00+00:00
[2025-10-10T02:33:25.114+0000] {processor.py:175} INFO - Processing /opt/airflow/dags/dag3.py took 0.096 seconds
[2025-10-10T02:33:55.597+0000] {processor.py:153} INFO - Started process (PID=1401) to work on /opt/airflow/dags/dag3.py
[2025-10-10T02:33:55.598+0000] {processor.py:743} INFO - Processing file /opt/airflow/dags/dag3.py for tasks to queue
[2025-10-10T02:33:55.598+0000] {logging_mixin.py:137} INFO - [2025-10-10T02:33:55.598+0000] {dagbag.py:538} INFO - Filling up the DagBag from /opt/airflow/dags/dag3.py
[2025-10-10T02:33:55.627+0000] {processor.py:753} INFO - DAG(s) dict_keys(['dag3']) retrieved from /opt/airflow/dags/dag3.py
[2025-10-10T02:33:55.674+0000] {logging_mixin.py:137} INFO - [2025-10-10T02:33:55.674+0000] {dag.py:2676} INFO - Sync 1 DAGs
[2025-10-10T02:33:55.690+0000] {logging_mixin.py:137} INFO - [2025-10-10T02:33:55.690+0000] {dag.py:3427} INFO - Setting next_dagrun for dag3 to 2023-01-01T00:00:00+00:00, run_after=2023-01-02T00:00:00+00:00
[2025-10-10T02:33:55.719+0000] {processor.py:175} INFO - Processing /opt/airflow/dags/dag3.py took 0.125 seconds
