[2025-09-30T19:10:12.128+0000] {processor.py:153} INFO - Started process (PID=251) to work on /opt/airflow/dags/dag1.py
[2025-09-30T19:10:12.129+0000] {processor.py:743} INFO - Processing file /opt/airflow/dags/dag1.py for tasks to queue
[2025-09-30T19:10:12.129+0000] {logging_mixin.py:137} INFO - [2025-09-30T19:10:12.129+0000] {dagbag.py:538} INFO - Filling up the DagBag from /opt/airflow/dags/dag1.py
[2025-09-30T19:10:12.143+0000] {processor.py:753} INFO - DAG(s) dict_keys(['dag1']) retrieved from /opt/airflow/dags/dag1.py
[2025-09-30T19:10:12.163+0000] {logging_mixin.py:137} INFO - [2025-09-30T19:10:12.163+0000] {dag.py:2676} INFO - Sync 1 DAGs
[2025-09-30T19:10:12.182+0000] {logging_mixin.py:137} INFO - [2025-09-30T19:10:12.181+0000] {dag.py:3427} INFO - Setting next_dagrun for dag1 to 2025-09-29T00:00:00+00:00, run_after=2025-09-30T00:00:00+00:00
[2025-09-30T19:10:12.203+0000] {processor.py:175} INFO - Processing /opt/airflow/dags/dag1.py took 0.077 seconds
[2025-09-30T19:10:55.296+0000] {processor.py:153} INFO - Started process (PID=251) to work on /opt/airflow/dags/dag1.py
[2025-09-30T19:10:55.297+0000] {processor.py:743} INFO - Processing file /opt/airflow/dags/dag1.py for tasks to queue
[2025-09-30T19:10:55.298+0000] {logging_mixin.py:137} INFO - [2025-09-30T19:10:55.298+0000] {dagbag.py:538} INFO - Filling up the DagBag from /opt/airflow/dags/dag1.py
[2025-09-30T19:10:55.312+0000] {processor.py:753} INFO - DAG(s) dict_keys(['dag1']) retrieved from /opt/airflow/dags/dag1.py
[2025-09-30T19:10:55.332+0000] {logging_mixin.py:137} INFO - [2025-09-30T19:10:55.332+0000] {dag.py:2676} INFO - Sync 1 DAGs
[2025-09-30T19:10:55.349+0000] {logging_mixin.py:137} INFO - [2025-09-30T19:10:55.349+0000] {dag.py:3427} INFO - Setting next_dagrun for dag1 to 2025-09-29T00:00:00+00:00, run_after=2025-09-30T00:00:00+00:00
[2025-09-30T19:10:55.367+0000] {processor.py:175} INFO - Processing /opt/airflow/dags/dag1.py took 0.073 seconds
[2025-09-30T19:11:26.200+0000] {processor.py:153} INFO - Started process (PID=271) to work on /opt/airflow/dags/dag1.py
[2025-09-30T19:11:26.201+0000] {processor.py:743} INFO - Processing file /opt/airflow/dags/dag1.py for tasks to queue
[2025-09-30T19:11:26.201+0000] {logging_mixin.py:137} INFO - [2025-09-30T19:11:26.201+0000] {dagbag.py:538} INFO - Filling up the DagBag from /opt/airflow/dags/dag1.py
[2025-09-30T19:11:26.216+0000] {processor.py:753} INFO - DAG(s) dict_keys(['dag1']) retrieved from /opt/airflow/dags/dag1.py
[2025-09-30T19:11:26.232+0000] {logging_mixin.py:137} INFO - [2025-09-30T19:11:26.232+0000] {dag.py:2676} INFO - Sync 1 DAGs
[2025-09-30T19:11:26.249+0000] {logging_mixin.py:137} INFO - [2025-09-30T19:11:26.249+0000] {dag.py:3427} INFO - Setting next_dagrun for dag1 to 2025-09-29T00:00:00+00:00, run_after=2025-09-30T00:00:00+00:00
[2025-09-30T19:11:26.266+0000] {processor.py:175} INFO - Processing /opt/airflow/dags/dag1.py took 0.069 seconds
[2025-09-30T19:11:56.569+0000] {processor.py:153} INFO - Started process (PID=291) to work on /opt/airflow/dags/dag1.py
[2025-09-30T19:11:56.570+0000] {processor.py:743} INFO - Processing file /opt/airflow/dags/dag1.py for tasks to queue
[2025-09-30T19:11:56.570+0000] {logging_mixin.py:137} INFO - [2025-09-30T19:11:56.570+0000] {dagbag.py:538} INFO - Filling up the DagBag from /opt/airflow/dags/dag1.py
[2025-09-30T19:11:56.585+0000] {processor.py:753} INFO - DAG(s) dict_keys(['dag1']) retrieved from /opt/airflow/dags/dag1.py
[2025-09-30T19:11:56.610+0000] {logging_mixin.py:137} INFO - [2025-09-30T19:11:56.610+0000] {dag.py:2676} INFO - Sync 1 DAGs
[2025-09-30T19:11:56.626+0000] {logging_mixin.py:137} INFO - [2025-09-30T19:11:56.626+0000] {dag.py:3427} INFO - Setting next_dagrun for dag1 to 2025-09-29T00:00:00+00:00, run_after=2025-09-30T00:00:00+00:00
[2025-09-30T19:11:56.646+0000] {processor.py:175} INFO - Processing /opt/airflow/dags/dag1.py took 0.080 seconds
[2025-09-30T19:12:27.307+0000] {processor.py:153} INFO - Started process (PID=311) to work on /opt/airflow/dags/dag1.py
[2025-09-30T19:12:27.308+0000] {processor.py:743} INFO - Processing file /opt/airflow/dags/dag1.py for tasks to queue
[2025-09-30T19:12:27.309+0000] {logging_mixin.py:137} INFO - [2025-09-30T19:12:27.309+0000] {dagbag.py:538} INFO - Filling up the DagBag from /opt/airflow/dags/dag1.py
[2025-09-30T19:12:27.321+0000] {processor.py:753} INFO - DAG(s) dict_keys(['dag1']) retrieved from /opt/airflow/dags/dag1.py
[2025-09-30T19:12:27.344+0000] {logging_mixin.py:137} INFO - [2025-09-30T19:12:27.344+0000] {dag.py:2676} INFO - Sync 1 DAGs
[2025-09-30T19:12:27.360+0000] {logging_mixin.py:137} INFO - [2025-09-30T19:12:27.360+0000] {dag.py:3427} INFO - Setting next_dagrun for dag1 to 2025-09-29T00:00:00+00:00, run_after=2025-09-30T00:00:00+00:00
[2025-09-30T19:12:27.375+0000] {processor.py:175} INFO - Processing /opt/airflow/dags/dag1.py took 0.070 seconds
[2025-09-30T19:12:58.220+0000] {processor.py:153} INFO - Started process (PID=331) to work on /opt/airflow/dags/dag1.py
[2025-09-30T19:12:58.222+0000] {processor.py:743} INFO - Processing file /opt/airflow/dags/dag1.py for tasks to queue
[2025-09-30T19:12:58.223+0000] {logging_mixin.py:137} INFO - [2025-09-30T19:12:58.222+0000] {dagbag.py:538} INFO - Filling up the DagBag from /opt/airflow/dags/dag1.py
[2025-09-30T19:12:58.238+0000] {processor.py:753} INFO - DAG(s) dict_keys(['dag1']) retrieved from /opt/airflow/dags/dag1.py
[2025-09-30T19:12:58.262+0000] {logging_mixin.py:137} INFO - [2025-09-30T19:12:58.261+0000] {dag.py:2676} INFO - Sync 1 DAGs
[2025-09-30T19:12:58.277+0000] {logging_mixin.py:137} INFO - [2025-09-30T19:12:58.277+0000] {dag.py:3427} INFO - Setting next_dagrun for dag1 to 2025-09-29T00:00:00+00:00, run_after=2025-09-30T00:00:00+00:00
[2025-09-30T19:12:58.292+0000] {processor.py:175} INFO - Processing /opt/airflow/dags/dag1.py took 0.075 seconds
[2025-09-30T19:13:28.995+0000] {processor.py:153} INFO - Started process (PID=350) to work on /opt/airflow/dags/dag1.py
[2025-09-30T19:13:28.996+0000] {processor.py:743} INFO - Processing file /opt/airflow/dags/dag1.py for tasks to queue
[2025-09-30T19:13:28.997+0000] {logging_mixin.py:137} INFO - [2025-09-30T19:13:28.997+0000] {dagbag.py:538} INFO - Filling up the DagBag from /opt/airflow/dags/dag1.py
[2025-09-30T19:13:29.013+0000] {processor.py:753} INFO - DAG(s) dict_keys(['dag1']) retrieved from /opt/airflow/dags/dag1.py
[2025-09-30T19:13:29.042+0000] {logging_mixin.py:137} INFO - [2025-09-30T19:13:29.042+0000] {dag.py:2676} INFO - Sync 1 DAGs
[2025-09-30T19:13:29.060+0000] {logging_mixin.py:137} INFO - [2025-09-30T19:13:29.059+0000] {dag.py:3427} INFO - Setting next_dagrun for dag1 to 2025-09-29T00:00:00+00:00, run_after=2025-09-30T00:00:00+00:00
[2025-09-30T19:13:29.078+0000] {processor.py:175} INFO - Processing /opt/airflow/dags/dag1.py took 0.087 seconds
[2025-09-30T19:13:59.790+0000] {processor.py:153} INFO - Started process (PID=371) to work on /opt/airflow/dags/dag1.py
[2025-09-30T19:13:59.790+0000] {processor.py:743} INFO - Processing file /opt/airflow/dags/dag1.py for tasks to queue
[2025-09-30T19:13:59.791+0000] {logging_mixin.py:137} INFO - [2025-09-30T19:13:59.791+0000] {dagbag.py:538} INFO - Filling up the DagBag from /opt/airflow/dags/dag1.py
[2025-09-30T19:13:59.805+0000] {processor.py:753} INFO - DAG(s) dict_keys(['dag1']) retrieved from /opt/airflow/dags/dag1.py
[2025-09-30T19:13:59.830+0000] {logging_mixin.py:137} INFO - [2025-09-30T19:13:59.829+0000] {dag.py:2676} INFO - Sync 1 DAGs
[2025-09-30T19:13:59.845+0000] {logging_mixin.py:137} INFO - [2025-09-30T19:13:59.845+0000] {dag.py:3427} INFO - Setting next_dagrun for dag1 to 2025-09-29T00:00:00+00:00, run_after=2025-09-30T00:00:00+00:00
[2025-09-30T19:13:59.861+0000] {processor.py:175} INFO - Processing /opt/airflow/dags/dag1.py took 0.074 seconds
[2025-09-30T19:14:30.526+0000] {processor.py:153} INFO - Started process (PID=391) to work on /opt/airflow/dags/dag1.py
[2025-09-30T19:14:30.527+0000] {processor.py:743} INFO - Processing file /opt/airflow/dags/dag1.py for tasks to queue
[2025-09-30T19:14:30.528+0000] {logging_mixin.py:137} INFO - [2025-09-30T19:14:30.527+0000] {dagbag.py:538} INFO - Filling up the DagBag from /opt/airflow/dags/dag1.py
[2025-09-30T19:14:30.541+0000] {processor.py:753} INFO - DAG(s) dict_keys(['dag1']) retrieved from /opt/airflow/dags/dag1.py
[2025-09-30T19:14:30.566+0000] {logging_mixin.py:137} INFO - [2025-09-30T19:14:30.566+0000] {dag.py:2676} INFO - Sync 1 DAGs
[2025-09-30T19:14:30.582+0000] {logging_mixin.py:137} INFO - [2025-09-30T19:14:30.582+0000] {dag.py:3427} INFO - Setting next_dagrun for dag1 to 2025-09-29T00:00:00+00:00, run_after=2025-09-30T00:00:00+00:00
[2025-09-30T19:14:30.597+0000] {processor.py:175} INFO - Processing /opt/airflow/dags/dag1.py took 0.075 seconds
[2025-09-30T19:15:01.296+0000] {processor.py:153} INFO - Started process (PID=411) to work on /opt/airflow/dags/dag1.py
[2025-09-30T19:15:01.297+0000] {processor.py:743} INFO - Processing file /opt/airflow/dags/dag1.py for tasks to queue
[2025-09-30T19:15:01.298+0000] {logging_mixin.py:137} INFO - [2025-09-30T19:15:01.297+0000] {dagbag.py:538} INFO - Filling up the DagBag from /opt/airflow/dags/dag1.py
[2025-09-30T19:15:01.311+0000] {processor.py:753} INFO - DAG(s) dict_keys(['dag1']) retrieved from /opt/airflow/dags/dag1.py
[2025-09-30T19:15:01.336+0000] {logging_mixin.py:137} INFO - [2025-09-30T19:15:01.336+0000] {dag.py:2676} INFO - Sync 1 DAGs
[2025-09-30T19:15:01.355+0000] {logging_mixin.py:137} INFO - [2025-09-30T19:15:01.355+0000] {dag.py:3427} INFO - Setting next_dagrun for dag1 to 2025-09-29T00:00:00+00:00, run_after=2025-09-30T00:00:00+00:00
[2025-09-30T19:15:01.381+0000] {processor.py:175} INFO - Processing /opt/airflow/dags/dag1.py took 0.088 seconds
[2025-09-30T19:15:32.016+0000] {processor.py:153} INFO - Started process (PID=431) to work on /opt/airflow/dags/dag1.py
[2025-09-30T19:15:32.017+0000] {processor.py:743} INFO - Processing file /opt/airflow/dags/dag1.py for tasks to queue
[2025-09-30T19:15:32.017+0000] {logging_mixin.py:137} INFO - [2025-09-30T19:15:32.017+0000] {dagbag.py:538} INFO - Filling up the DagBag from /opt/airflow/dags/dag1.py
[2025-09-30T19:15:32.031+0000] {processor.py:753} INFO - DAG(s) dict_keys(['dag1']) retrieved from /opt/airflow/dags/dag1.py
[2025-09-30T19:15:32.057+0000] {logging_mixin.py:137} INFO - [2025-09-30T19:15:32.057+0000] {dag.py:2676} INFO - Sync 1 DAGs
[2025-09-30T19:15:32.074+0000] {logging_mixin.py:137} INFO - [2025-09-30T19:15:32.074+0000] {dag.py:3427} INFO - Setting next_dagrun for dag1 to 2025-09-29T00:00:00+00:00, run_after=2025-09-30T00:00:00+00:00
[2025-09-30T19:15:32.091+0000] {processor.py:175} INFO - Processing /opt/airflow/dags/dag1.py took 0.078 seconds
[2025-09-30T19:16:02.530+0000] {processor.py:153} INFO - Started process (PID=451) to work on /opt/airflow/dags/dag1.py
[2025-09-30T19:16:02.531+0000] {processor.py:743} INFO - Processing file /opt/airflow/dags/dag1.py for tasks to queue
[2025-09-30T19:16:02.531+0000] {logging_mixin.py:137} INFO - [2025-09-30T19:16:02.531+0000] {dagbag.py:538} INFO - Filling up the DagBag from /opt/airflow/dags/dag1.py
[2025-09-30T19:16:02.545+0000] {processor.py:753} INFO - DAG(s) dict_keys(['dag1']) retrieved from /opt/airflow/dags/dag1.py
[2025-09-30T19:16:02.572+0000] {logging_mixin.py:137} INFO - [2025-09-30T19:16:02.572+0000] {dag.py:2676} INFO - Sync 1 DAGs
[2025-09-30T19:16:02.593+0000] {logging_mixin.py:137} INFO - [2025-09-30T19:16:02.593+0000] {dag.py:3427} INFO - Setting next_dagrun for dag1 to 2025-09-29T00:00:00+00:00, run_after=2025-09-30T00:00:00+00:00
[2025-09-30T19:16:02.613+0000] {processor.py:175} INFO - Processing /opt/airflow/dags/dag1.py took 0.085 seconds
[2025-09-30T19:16:33.113+0000] {processor.py:153} INFO - Started process (PID=471) to work on /opt/airflow/dags/dag1.py
[2025-09-30T19:16:33.114+0000] {processor.py:743} INFO - Processing file /opt/airflow/dags/dag1.py for tasks to queue
[2025-09-30T19:16:33.114+0000] {logging_mixin.py:137} INFO - [2025-09-30T19:16:33.114+0000] {dagbag.py:538} INFO - Filling up the DagBag from /opt/airflow/dags/dag1.py
[2025-09-30T19:16:33.128+0000] {processor.py:753} INFO - DAG(s) dict_keys(['dag1']) retrieved from /opt/airflow/dags/dag1.py
[2025-09-30T19:16:33.153+0000] {logging_mixin.py:137} INFO - [2025-09-30T19:16:33.152+0000] {dag.py:2676} INFO - Sync 1 DAGs
[2025-09-30T19:16:33.168+0000] {logging_mixin.py:137} INFO - [2025-09-30T19:16:33.168+0000] {dag.py:3427} INFO - Setting next_dagrun for dag1 to 2025-09-29T00:00:00+00:00, run_after=2025-09-30T00:00:00+00:00
[2025-09-30T19:16:33.184+0000] {processor.py:175} INFO - Processing /opt/airflow/dags/dag1.py took 0.073 seconds
