[2025-09-30T19:10:12.006+0000] {processor.py:153} INFO - Started process (PID=244) to work on /opt/airflow/dags/dag2.py
[2025-09-30T19:10:12.007+0000] {processor.py:743} INFO - Processing file /opt/airflow/dags/dag2.py for tasks to queue
[2025-09-30T19:10:12.008+0000] {logging_mixin.py:137} INFO - [2025-09-30T19:10:12.008+0000] {dagbag.py:538} INFO - Filling up the DagBag from /opt/airflow/dags/dag2.py
[2025-09-30T19:10:12.027+0000] {processor.py:753} INFO - DAG(s) dict_keys(['dag2']) retrieved from /opt/airflow/dags/dag2.py
[2025-09-30T19:10:12.052+0000] {logging_mixin.py:137} INFO - [2025-09-30T19:10:12.052+0000] {dag.py:2676} INFO - Sync 1 DAGs
[2025-09-30T19:10:12.076+0000] {logging_mixin.py:137} INFO - [2025-09-30T19:10:12.075+0000] {dag.py:3427} INFO - Setting next_dagrun for dag2 to 2023-01-01T00:00:00+00:00, run_after=2023-01-02T00:00:00+00:00
[2025-09-30T19:10:12.098+0000] {processor.py:175} INFO - Processing /opt/airflow/dags/dag2.py took 0.096 seconds
[2025-09-30T19:10:55.176+0000] {processor.py:153} INFO - Started process (PID=244) to work on /opt/airflow/dags/dag2.py
[2025-09-30T19:10:55.178+0000] {processor.py:743} INFO - Processing file /opt/airflow/dags/dag2.py for tasks to queue
[2025-09-30T19:10:55.178+0000] {logging_mixin.py:137} INFO - [2025-09-30T19:10:55.178+0000] {dagbag.py:538} INFO - Filling up the DagBag from /opt/airflow/dags/dag2.py
[2025-09-30T19:10:55.199+0000] {processor.py:753} INFO - DAG(s) dict_keys(['dag2']) retrieved from /opt/airflow/dags/dag2.py
[2025-09-30T19:10:55.221+0000] {logging_mixin.py:137} INFO - [2025-09-30T19:10:55.221+0000] {dag.py:2676} INFO - Sync 1 DAGs
[2025-09-30T19:10:55.244+0000] {logging_mixin.py:137} INFO - [2025-09-30T19:10:55.244+0000] {dag.py:3427} INFO - Setting next_dagrun for dag2 to 2023-01-01T00:00:00+00:00, run_after=2023-01-02T00:00:00+00:00
[2025-09-30T19:10:55.269+0000] {processor.py:175} INFO - Processing /opt/airflow/dags/dag2.py took 0.096 seconds
[2025-09-30T19:11:26.094+0000] {processor.py:153} INFO - Started process (PID=264) to work on /opt/airflow/dags/dag2.py
[2025-09-30T19:11:26.094+0000] {processor.py:743} INFO - Processing file /opt/airflow/dags/dag2.py for tasks to queue
[2025-09-30T19:11:26.095+0000] {logging_mixin.py:137} INFO - [2025-09-30T19:11:26.095+0000] {dagbag.py:538} INFO - Filling up the DagBag from /opt/airflow/dags/dag2.py
[2025-09-30T19:11:26.113+0000] {processor.py:753} INFO - DAG(s) dict_keys(['dag2']) retrieved from /opt/airflow/dags/dag2.py
[2025-09-30T19:11:26.136+0000] {logging_mixin.py:137} INFO - [2025-09-30T19:11:26.136+0000] {dag.py:2676} INFO - Sync 1 DAGs
[2025-09-30T19:11:26.156+0000] {logging_mixin.py:137} INFO - [2025-09-30T19:11:26.156+0000] {dag.py:3427} INFO - Setting next_dagrun for dag2 to 2023-01-01T00:00:00+00:00, run_after=2023-01-02T00:00:00+00:00
[2025-09-30T19:11:26.177+0000] {processor.py:175} INFO - Processing /opt/airflow/dags/dag2.py took 0.087 seconds
[2025-09-30T19:11:56.465+0000] {processor.py:153} INFO - Started process (PID=284) to work on /opt/airflow/dags/dag2.py
[2025-09-30T19:11:56.466+0000] {processor.py:743} INFO - Processing file /opt/airflow/dags/dag2.py for tasks to queue
[2025-09-30T19:11:56.466+0000] {logging_mixin.py:137} INFO - [2025-09-30T19:11:56.466+0000] {dagbag.py:538} INFO - Filling up the DagBag from /opt/airflow/dags/dag2.py
[2025-09-30T19:11:56.480+0000] {processor.py:753} INFO - DAG(s) dict_keys(['dag2']) retrieved from /opt/airflow/dags/dag2.py
[2025-09-30T19:11:56.508+0000] {logging_mixin.py:137} INFO - [2025-09-30T19:11:56.508+0000] {dag.py:2676} INFO - Sync 1 DAGs
[2025-09-30T19:11:56.526+0000] {logging_mixin.py:137} INFO - [2025-09-30T19:11:56.526+0000] {dag.py:3427} INFO - Setting next_dagrun for dag2 to 2023-01-01T00:00:00+00:00, run_after=2023-01-02T00:00:00+00:00
[2025-09-30T19:11:56.545+0000] {processor.py:175} INFO - Processing /opt/airflow/dags/dag2.py took 0.082 seconds
[2025-09-30T19:12:27.204+0000] {processor.py:153} INFO - Started process (PID=304) to work on /opt/airflow/dags/dag2.py
[2025-09-30T19:12:27.205+0000] {processor.py:743} INFO - Processing file /opt/airflow/dags/dag2.py for tasks to queue
[2025-09-30T19:12:27.206+0000] {logging_mixin.py:137} INFO - [2025-09-30T19:12:27.206+0000] {dagbag.py:538} INFO - Filling up the DagBag from /opt/airflow/dags/dag2.py
[2025-09-30T19:12:27.219+0000] {processor.py:753} INFO - DAG(s) dict_keys(['dag2']) retrieved from /opt/airflow/dags/dag2.py
[2025-09-30T19:12:27.246+0000] {logging_mixin.py:137} INFO - [2025-09-30T19:12:27.245+0000] {dag.py:2676} INFO - Sync 1 DAGs
[2025-09-30T19:12:27.264+0000] {logging_mixin.py:137} INFO - [2025-09-30T19:12:27.263+0000] {dag.py:3427} INFO - Setting next_dagrun for dag2 to 2023-01-01T00:00:00+00:00, run_after=2023-01-02T00:00:00+00:00
[2025-09-30T19:12:27.285+0000] {processor.py:175} INFO - Processing /opt/airflow/dags/dag2.py took 0.083 seconds
[2025-09-30T19:12:58.121+0000] {processor.py:153} INFO - Started process (PID=324) to work on /opt/airflow/dags/dag2.py
[2025-09-30T19:12:58.122+0000] {processor.py:743} INFO - Processing file /opt/airflow/dags/dag2.py for tasks to queue
[2025-09-30T19:12:58.122+0000] {logging_mixin.py:137} INFO - [2025-09-30T19:12:58.122+0000] {dagbag.py:538} INFO - Filling up the DagBag from /opt/airflow/dags/dag2.py
[2025-09-30T19:12:58.134+0000] {processor.py:753} INFO - DAG(s) dict_keys(['dag2']) retrieved from /opt/airflow/dags/dag2.py
[2025-09-30T19:12:58.157+0000] {logging_mixin.py:137} INFO - [2025-09-30T19:12:58.157+0000] {dag.py:2676} INFO - Sync 1 DAGs
[2025-09-30T19:12:58.173+0000] {logging_mixin.py:137} INFO - [2025-09-30T19:12:58.173+0000] {dag.py:3427} INFO - Setting next_dagrun for dag2 to 2023-01-01T00:00:00+00:00, run_after=2023-01-02T00:00:00+00:00
[2025-09-30T19:12:58.192+0000] {processor.py:175} INFO - Processing /opt/airflow/dags/dag2.py took 0.073 seconds
[2025-09-30T19:13:28.890+0000] {processor.py:153} INFO - Started process (PID=344) to work on /opt/airflow/dags/dag2.py
[2025-09-30T19:13:28.891+0000] {processor.py:743} INFO - Processing file /opt/airflow/dags/dag2.py for tasks to queue
[2025-09-30T19:13:28.892+0000] {logging_mixin.py:137} INFO - [2025-09-30T19:13:28.892+0000] {dagbag.py:538} INFO - Filling up the DagBag from /opt/airflow/dags/dag2.py
[2025-09-30T19:13:28.911+0000] {processor.py:753} INFO - DAG(s) dict_keys(['dag2']) retrieved from /opt/airflow/dags/dag2.py
[2025-09-30T19:13:28.943+0000] {logging_mixin.py:137} INFO - [2025-09-30T19:13:28.942+0000] {dag.py:2676} INFO - Sync 1 DAGs
[2025-09-30T19:13:28.963+0000] {logging_mixin.py:137} INFO - [2025-09-30T19:13:28.962+0000] {dag.py:3427} INFO - Setting next_dagrun for dag2 to 2023-01-01T00:00:00+00:00, run_after=2023-01-02T00:00:00+00:00
[2025-09-30T19:13:28.983+0000] {processor.py:175} INFO - Processing /opt/airflow/dags/dag2.py took 0.096 seconds
[2025-09-30T19:13:59.693+0000] {processor.py:153} INFO - Started process (PID=364) to work on /opt/airflow/dags/dag2.py
[2025-09-30T19:13:59.693+0000] {processor.py:743} INFO - Processing file /opt/airflow/dags/dag2.py for tasks to queue
[2025-09-30T19:13:59.694+0000] {logging_mixin.py:137} INFO - [2025-09-30T19:13:59.694+0000] {dagbag.py:538} INFO - Filling up the DagBag from /opt/airflow/dags/dag2.py
[2025-09-30T19:13:59.707+0000] {processor.py:753} INFO - DAG(s) dict_keys(['dag2']) retrieved from /opt/airflow/dags/dag2.py
[2025-09-30T19:13:59.731+0000] {logging_mixin.py:137} INFO - [2025-09-30T19:13:59.731+0000] {dag.py:2676} INFO - Sync 1 DAGs
[2025-09-30T19:13:59.747+0000] {logging_mixin.py:137} INFO - [2025-09-30T19:13:59.747+0000] {dag.py:3427} INFO - Setting next_dagrun for dag2 to 2023-01-01T00:00:00+00:00, run_after=2023-01-02T00:00:00+00:00
[2025-09-30T19:13:59.768+0000] {processor.py:175} INFO - Processing /opt/airflow/dags/dag2.py took 0.078 seconds
[2025-09-30T19:14:30.422+0000] {processor.py:153} INFO - Started process (PID=384) to work on /opt/airflow/dags/dag2.py
[2025-09-30T19:14:30.423+0000] {processor.py:743} INFO - Processing file /opt/airflow/dags/dag2.py for tasks to queue
[2025-09-30T19:14:30.424+0000] {logging_mixin.py:137} INFO - [2025-09-30T19:14:30.424+0000] {dagbag.py:538} INFO - Filling up the DagBag from /opt/airflow/dags/dag2.py
[2025-09-30T19:14:30.437+0000] {processor.py:753} INFO - DAG(s) dict_keys(['dag2']) retrieved from /opt/airflow/dags/dag2.py
[2025-09-30T19:14:30.463+0000] {logging_mixin.py:137} INFO - [2025-09-30T19:14:30.463+0000] {dag.py:2676} INFO - Sync 1 DAGs
[2025-09-30T19:14:30.481+0000] {logging_mixin.py:137} INFO - [2025-09-30T19:14:30.481+0000] {dag.py:3427} INFO - Setting next_dagrun for dag2 to 2023-01-01T00:00:00+00:00, run_after=2023-01-02T00:00:00+00:00
[2025-09-30T19:14:30.502+0000] {processor.py:175} INFO - Processing /opt/airflow/dags/dag2.py took 0.082 seconds
[2025-09-30T19:15:01.200+0000] {processor.py:153} INFO - Started process (PID=404) to work on /opt/airflow/dags/dag2.py
[2025-09-30T19:15:01.200+0000] {processor.py:743} INFO - Processing file /opt/airflow/dags/dag2.py for tasks to queue
[2025-09-30T19:15:01.201+0000] {logging_mixin.py:137} INFO - [2025-09-30T19:15:01.201+0000] {dagbag.py:538} INFO - Filling up the DagBag from /opt/airflow/dags/dag2.py
[2025-09-30T19:15:01.215+0000] {processor.py:753} INFO - DAG(s) dict_keys(['dag2']) retrieved from /opt/airflow/dags/dag2.py
[2025-09-30T19:15:01.238+0000] {logging_mixin.py:137} INFO - [2025-09-30T19:15:01.238+0000] {dag.py:2676} INFO - Sync 1 DAGs
[2025-09-30T19:15:01.255+0000] {logging_mixin.py:137} INFO - [2025-09-30T19:15:01.255+0000] {dag.py:3427} INFO - Setting next_dagrun for dag2 to 2023-01-01T00:00:00+00:00, run_after=2023-01-02T00:00:00+00:00
[2025-09-30T19:15:01.274+0000] {processor.py:175} INFO - Processing /opt/airflow/dags/dag2.py took 0.077 seconds
[2025-09-30T19:15:31.917+0000] {processor.py:153} INFO - Started process (PID=424) to work on /opt/airflow/dags/dag2.py
[2025-09-30T19:15:31.918+0000] {processor.py:743} INFO - Processing file /opt/airflow/dags/dag2.py for tasks to queue
[2025-09-30T19:15:31.919+0000] {logging_mixin.py:137} INFO - [2025-09-30T19:15:31.919+0000] {dagbag.py:538} INFO - Filling up the DagBag from /opt/airflow/dags/dag2.py
[2025-09-30T19:15:31.931+0000] {processor.py:753} INFO - DAG(s) dict_keys(['dag2']) retrieved from /opt/airflow/dags/dag2.py
[2025-09-30T19:15:31.956+0000] {logging_mixin.py:137} INFO - [2025-09-30T19:15:31.956+0000] {dag.py:2676} INFO - Sync 1 DAGs
[2025-09-30T19:15:31.973+0000] {logging_mixin.py:137} INFO - [2025-09-30T19:15:31.973+0000] {dag.py:3427} INFO - Setting next_dagrun for dag2 to 2023-01-01T00:00:00+00:00, run_after=2023-01-02T00:00:00+00:00
[2025-09-30T19:15:31.990+0000] {processor.py:175} INFO - Processing /opt/airflow/dags/dag2.py took 0.076 seconds
[2025-09-30T19:16:02.431+0000] {processor.py:153} INFO - Started process (PID=444) to work on /opt/airflow/dags/dag2.py
[2025-09-30T19:16:02.432+0000] {processor.py:743} INFO - Processing file /opt/airflow/dags/dag2.py for tasks to queue
[2025-09-30T19:16:02.432+0000] {logging_mixin.py:137} INFO - [2025-09-30T19:16:02.432+0000] {dagbag.py:538} INFO - Filling up the DagBag from /opt/airflow/dags/dag2.py
[2025-09-30T19:16:02.445+0000] {processor.py:753} INFO - DAG(s) dict_keys(['dag2']) retrieved from /opt/airflow/dags/dag2.py
[2025-09-30T19:16:02.470+0000] {logging_mixin.py:137} INFO - [2025-09-30T19:16:02.470+0000] {dag.py:2676} INFO - Sync 1 DAGs
[2025-09-30T19:16:02.492+0000] {logging_mixin.py:137} INFO - [2025-09-30T19:16:02.492+0000] {dag.py:3427} INFO - Setting next_dagrun for dag2 to 2023-01-01T00:00:00+00:00, run_after=2023-01-02T00:00:00+00:00
[2025-09-30T19:16:02.516+0000] {processor.py:175} INFO - Processing /opt/airflow/dags/dag2.py took 0.088 seconds
[2025-09-30T19:16:33.018+0000] {processor.py:153} INFO - Started process (PID=464) to work on /opt/airflow/dags/dag2.py
[2025-09-30T19:16:33.019+0000] {processor.py:743} INFO - Processing file /opt/airflow/dags/dag2.py for tasks to queue
[2025-09-30T19:16:33.020+0000] {logging_mixin.py:137} INFO - [2025-09-30T19:16:33.019+0000] {dagbag.py:538} INFO - Filling up the DagBag from /opt/airflow/dags/dag2.py
[2025-09-30T19:16:33.033+0000] {processor.py:753} INFO - DAG(s) dict_keys(['dag2']) retrieved from /opt/airflow/dags/dag2.py
[2025-09-30T19:16:33.057+0000] {logging_mixin.py:137} INFO - [2025-09-30T19:16:33.057+0000] {dag.py:2676} INFO - Sync 1 DAGs
[2025-09-30T19:16:33.074+0000] {logging_mixin.py:137} INFO - [2025-09-30T19:16:33.074+0000] {dag.py:3427} INFO - Setting next_dagrun for dag2 to 2023-01-01T00:00:00+00:00, run_after=2023-01-02T00:00:00+00:00
[2025-09-30T19:16:33.093+0000] {processor.py:175} INFO - Processing /opt/airflow/dags/dag2.py took 0.078 seconds
