[2025-09-30T19:10:12.002+0000] {processor.py:153} INFO - Started process (PID=241) to work on /opt/airflow/dags/dag3.py
[2025-09-30T19:10:12.004+0000] {processor.py:743} INFO - Processing file /opt/airflow/dags/dag3.py for tasks to queue
[2025-09-30T19:10:12.005+0000] {logging_mixin.py:137} INFO - [2025-09-30T19:10:12.004+0000] {dagbag.py:538} INFO - Filling up the DagBag from /opt/airflow/dags/dag3.py
[2025-09-30T19:10:12.027+0000] {processor.py:753} INFO - DAG(s) dict_keys(['dag3']) retrieved from /opt/airflow/dags/dag3.py
[2025-09-30T19:10:12.052+0000] {logging_mixin.py:137} INFO - [2025-09-30T19:10:12.052+0000] {dag.py:2676} INFO - Sync 1 DAGs
[2025-09-30T19:10:12.076+0000] {logging_mixin.py:137} INFO - [2025-09-30T19:10:12.076+0000] {dag.py:3427} INFO - Setting next_dagrun for dag3 to 2023-01-01T00:00:00+00:00, run_after=2023-01-02T00:00:00+00:00
[2025-09-30T19:10:12.100+0000] {processor.py:175} INFO - Processing /opt/airflow/dags/dag3.py took 0.103 seconds
[2025-09-30T19:10:55.169+0000] {processor.py:153} INFO - Started process (PID=241) to work on /opt/airflow/dags/dag3.py
[2025-09-30T19:10:55.171+0000] {processor.py:743} INFO - Processing file /opt/airflow/dags/dag3.py for tasks to queue
[2025-09-30T19:10:55.172+0000] {logging_mixin.py:137} INFO - [2025-09-30T19:10:55.172+0000] {dagbag.py:538} INFO - Filling up the DagBag from /opt/airflow/dags/dag3.py
[2025-09-30T19:10:55.194+0000] {processor.py:753} INFO - DAG(s) dict_keys(['dag3']) retrieved from /opt/airflow/dags/dag3.py
[2025-09-30T19:10:55.221+0000] {logging_mixin.py:137} INFO - [2025-09-30T19:10:55.221+0000] {dag.py:2676} INFO - Sync 1 DAGs
[2025-09-30T19:10:55.247+0000] {logging_mixin.py:137} INFO - [2025-09-30T19:10:55.247+0000] {dag.py:3427} INFO - Setting next_dagrun for dag3 to 2023-01-01T00:00:00+00:00, run_after=2023-01-02T00:00:00+00:00
[2025-09-30T19:10:55.271+0000] {processor.py:175} INFO - Processing /opt/airflow/dags/dag3.py took 0.106 seconds
[2025-09-30T19:11:26.092+0000] {processor.py:153} INFO - Started process (PID=261) to work on /opt/airflow/dags/dag3.py
[2025-09-30T19:11:26.093+0000] {processor.py:743} INFO - Processing file /opt/airflow/dags/dag3.py for tasks to queue
[2025-09-30T19:11:26.094+0000] {logging_mixin.py:137} INFO - [2025-09-30T19:11:26.093+0000] {dagbag.py:538} INFO - Filling up the DagBag from /opt/airflow/dags/dag3.py
[2025-09-30T19:11:26.113+0000] {processor.py:753} INFO - DAG(s) dict_keys(['dag3']) retrieved from /opt/airflow/dags/dag3.py
[2025-09-30T19:11:26.136+0000] {logging_mixin.py:137} INFO - [2025-09-30T19:11:26.136+0000] {dag.py:2676} INFO - Sync 1 DAGs
[2025-09-30T19:11:26.157+0000] {logging_mixin.py:137} INFO - [2025-09-30T19:11:26.157+0000] {dag.py:3427} INFO - Setting next_dagrun for dag3 to 2023-01-01T00:00:00+00:00, run_after=2023-01-02T00:00:00+00:00
[2025-09-30T19:11:26.176+0000] {processor.py:175} INFO - Processing /opt/airflow/dags/dag3.py took 0.090 seconds
[2025-09-30T19:11:56.462+0000] {processor.py:153} INFO - Started process (PID=281) to work on /opt/airflow/dags/dag3.py
[2025-09-30T19:11:56.463+0000] {processor.py:743} INFO - Processing file /opt/airflow/dags/dag3.py for tasks to queue
[2025-09-30T19:11:56.463+0000] {logging_mixin.py:137} INFO - [2025-09-30T19:11:56.463+0000] {dagbag.py:538} INFO - Filling up the DagBag from /opt/airflow/dags/dag3.py
[2025-09-30T19:11:56.478+0000] {processor.py:753} INFO - DAG(s) dict_keys(['dag3']) retrieved from /opt/airflow/dags/dag3.py
[2025-09-30T19:11:56.508+0000] {logging_mixin.py:137} INFO - [2025-09-30T19:11:56.508+0000] {dag.py:2676} INFO - Sync 1 DAGs
[2025-09-30T19:11:56.526+0000] {logging_mixin.py:137} INFO - [2025-09-30T19:11:56.526+0000] {dag.py:3427} INFO - Setting next_dagrun for dag3 to 2023-01-01T00:00:00+00:00, run_after=2023-01-02T00:00:00+00:00
[2025-09-30T19:11:56.544+0000] {processor.py:175} INFO - Processing /opt/airflow/dags/dag3.py took 0.085 seconds
[2025-09-30T19:12:27.200+0000] {processor.py:153} INFO - Started process (PID=301) to work on /opt/airflow/dags/dag3.py
[2025-09-30T19:12:27.201+0000] {processor.py:743} INFO - Processing file /opt/airflow/dags/dag3.py for tasks to queue
[2025-09-30T19:12:27.202+0000] {logging_mixin.py:137} INFO - [2025-09-30T19:12:27.202+0000] {dagbag.py:538} INFO - Filling up the DagBag from /opt/airflow/dags/dag3.py
[2025-09-30T19:12:27.216+0000] {processor.py:753} INFO - DAG(s) dict_keys(['dag3']) retrieved from /opt/airflow/dags/dag3.py
[2025-09-30T19:12:27.246+0000] {logging_mixin.py:137} INFO - [2025-09-30T19:12:27.245+0000] {dag.py:2676} INFO - Sync 1 DAGs
[2025-09-30T19:12:27.264+0000] {logging_mixin.py:137} INFO - [2025-09-30T19:12:27.263+0000] {dag.py:3427} INFO - Setting next_dagrun for dag3 to 2023-01-01T00:00:00+00:00, run_after=2023-01-02T00:00:00+00:00
[2025-09-30T19:12:27.288+0000] {processor.py:175} INFO - Processing /opt/airflow/dags/dag3.py took 0.090 seconds
[2025-09-30T19:12:58.117+0000] {processor.py:153} INFO - Started process (PID=321) to work on /opt/airflow/dags/dag3.py
[2025-09-30T19:12:58.118+0000] {processor.py:743} INFO - Processing file /opt/airflow/dags/dag3.py for tasks to queue
[2025-09-30T19:12:58.118+0000] {logging_mixin.py:137} INFO - [2025-09-30T19:12:58.118+0000] {dagbag.py:538} INFO - Filling up the DagBag from /opt/airflow/dags/dag3.py
[2025-09-30T19:12:58.131+0000] {processor.py:753} INFO - DAG(s) dict_keys(['dag3']) retrieved from /opt/airflow/dags/dag3.py
[2025-09-30T19:12:58.158+0000] {logging_mixin.py:137} INFO - [2025-09-30T19:12:58.157+0000] {dag.py:2676} INFO - Sync 1 DAGs
[2025-09-30T19:12:58.173+0000] {logging_mixin.py:137} INFO - [2025-09-30T19:12:58.173+0000] {dag.py:3427} INFO - Setting next_dagrun for dag3 to 2023-01-01T00:00:00+00:00, run_after=2023-01-02T00:00:00+00:00
[2025-09-30T19:12:58.192+0000] {processor.py:175} INFO - Processing /opt/airflow/dags/dag3.py took 0.078 seconds
[2025-09-30T19:13:28.887+0000] {processor.py:153} INFO - Started process (PID=341) to work on /opt/airflow/dags/dag3.py
[2025-09-30T19:13:28.889+0000] {processor.py:743} INFO - Processing file /opt/airflow/dags/dag3.py for tasks to queue
[2025-09-30T19:13:28.889+0000] {logging_mixin.py:137} INFO - [2025-09-30T19:13:28.889+0000] {dagbag.py:538} INFO - Filling up the DagBag from /opt/airflow/dags/dag3.py
[2025-09-30T19:13:28.903+0000] {processor.py:753} INFO - DAG(s) dict_keys(['dag3']) retrieved from /opt/airflow/dags/dag3.py
[2025-09-30T19:13:28.929+0000] {logging_mixin.py:137} INFO - [2025-09-30T19:13:28.929+0000] {dag.py:2676} INFO - Sync 1 DAGs
[2025-09-30T19:13:28.947+0000] {logging_mixin.py:137} INFO - [2025-09-30T19:13:28.947+0000] {dag.py:3427} INFO - Setting next_dagrun for dag3 to 2023-01-01T00:00:00+00:00, run_after=2023-01-02T00:00:00+00:00
[2025-09-30T19:13:28.966+0000] {processor.py:175} INFO - Processing /opt/airflow/dags/dag3.py took 0.083 seconds
[2025-09-30T19:13:59.688+0000] {processor.py:153} INFO - Started process (PID=361) to work on /opt/airflow/dags/dag3.py
[2025-09-30T19:13:59.689+0000] {processor.py:743} INFO - Processing file /opt/airflow/dags/dag3.py for tasks to queue
[2025-09-30T19:13:59.690+0000] {logging_mixin.py:137} INFO - [2025-09-30T19:13:59.690+0000] {dagbag.py:538} INFO - Filling up the DagBag from /opt/airflow/dags/dag3.py
[2025-09-30T19:13:59.704+0000] {processor.py:753} INFO - DAG(s) dict_keys(['dag3']) retrieved from /opt/airflow/dags/dag3.py
[2025-09-30T19:13:59.731+0000] {logging_mixin.py:137} INFO - [2025-09-30T19:13:59.731+0000] {dag.py:2676} INFO - Sync 1 DAGs
[2025-09-30T19:13:59.747+0000] {logging_mixin.py:137} INFO - [2025-09-30T19:13:59.747+0000] {dag.py:3427} INFO - Setting next_dagrun for dag3 to 2023-01-01T00:00:00+00:00, run_after=2023-01-02T00:00:00+00:00
[2025-09-30T19:13:59.766+0000] {processor.py:175} INFO - Processing /opt/airflow/dags/dag3.py took 0.080 seconds
[2025-09-30T19:14:30.417+0000] {processor.py:153} INFO - Started process (PID=381) to work on /opt/airflow/dags/dag3.py
[2025-09-30T19:14:30.423+0000] {processor.py:743} INFO - Processing file /opt/airflow/dags/dag3.py for tasks to queue
[2025-09-30T19:14:30.423+0000] {logging_mixin.py:137} INFO - [2025-09-30T19:14:30.423+0000] {dagbag.py:538} INFO - Filling up the DagBag from /opt/airflow/dags/dag3.py
[2025-09-30T19:14:30.437+0000] {processor.py:753} INFO - DAG(s) dict_keys(['dag3']) retrieved from /opt/airflow/dags/dag3.py
[2025-09-30T19:14:30.463+0000] {logging_mixin.py:137} INFO - [2025-09-30T19:14:30.463+0000] {dag.py:2676} INFO - Sync 1 DAGs
[2025-09-30T19:14:30.481+0000] {logging_mixin.py:137} INFO - [2025-09-30T19:14:30.481+0000] {dag.py:3427} INFO - Setting next_dagrun for dag3 to 2023-01-01T00:00:00+00:00, run_after=2023-01-02T00:00:00+00:00
[2025-09-30T19:14:30.503+0000] {processor.py:175} INFO - Processing /opt/airflow/dags/dag3.py took 0.088 seconds
[2025-09-30T19:15:01.195+0000] {processor.py:153} INFO - Started process (PID=401) to work on /opt/airflow/dags/dag3.py
[2025-09-30T19:15:01.196+0000] {processor.py:743} INFO - Processing file /opt/airflow/dags/dag3.py for tasks to queue
[2025-09-30T19:15:01.197+0000] {logging_mixin.py:137} INFO - [2025-09-30T19:15:01.196+0000] {dagbag.py:538} INFO - Filling up the DagBag from /opt/airflow/dags/dag3.py
[2025-09-30T19:15:01.210+0000] {processor.py:753} INFO - DAG(s) dict_keys(['dag3']) retrieved from /opt/airflow/dags/dag3.py
[2025-09-30T19:15:01.236+0000] {logging_mixin.py:137} INFO - [2025-09-30T19:15:01.236+0000] {dag.py:2676} INFO - Sync 1 DAGs
[2025-09-30T19:15:01.253+0000] {logging_mixin.py:137} INFO - [2025-09-30T19:15:01.253+0000] {dag.py:3427} INFO - Setting next_dagrun for dag3 to 2023-01-01T00:00:00+00:00, run_after=2023-01-02T00:00:00+00:00
[2025-09-30T19:15:01.271+0000] {processor.py:175} INFO - Processing /opt/airflow/dags/dag3.py took 0.079 seconds
[2025-09-30T19:15:31.913+0000] {processor.py:153} INFO - Started process (PID=421) to work on /opt/airflow/dags/dag3.py
[2025-09-30T19:15:31.916+0000] {processor.py:743} INFO - Processing file /opt/airflow/dags/dag3.py for tasks to queue
[2025-09-30T19:15:31.916+0000] {logging_mixin.py:137} INFO - [2025-09-30T19:15:31.916+0000] {dagbag.py:538} INFO - Filling up the DagBag from /opt/airflow/dags/dag3.py
[2025-09-30T19:15:31.930+0000] {processor.py:753} INFO - DAG(s) dict_keys(['dag3']) retrieved from /opt/airflow/dags/dag3.py
[2025-09-30T19:15:31.956+0000] {logging_mixin.py:137} INFO - [2025-09-30T19:15:31.956+0000] {dag.py:2676} INFO - Sync 1 DAGs
[2025-09-30T19:15:31.973+0000] {logging_mixin.py:137} INFO - [2025-09-30T19:15:31.973+0000] {dag.py:3427} INFO - Setting next_dagrun for dag3 to 2023-01-01T00:00:00+00:00, run_after=2023-01-02T00:00:00+00:00
[2025-09-30T19:15:31.990+0000] {processor.py:175} INFO - Processing /opt/airflow/dags/dag3.py took 0.080 seconds
[2025-09-30T19:16:02.426+0000] {processor.py:153} INFO - Started process (PID=441) to work on /opt/airflow/dags/dag3.py
[2025-09-30T19:16:02.427+0000] {processor.py:743} INFO - Processing file /opt/airflow/dags/dag3.py for tasks to queue
[2025-09-30T19:16:02.428+0000] {logging_mixin.py:137} INFO - [2025-09-30T19:16:02.428+0000] {dagbag.py:538} INFO - Filling up the DagBag from /opt/airflow/dags/dag3.py
[2025-09-30T19:16:02.441+0000] {processor.py:753} INFO - DAG(s) dict_keys(['dag3']) retrieved from /opt/airflow/dags/dag3.py
[2025-09-30T19:16:02.467+0000] {logging_mixin.py:137} INFO - [2025-09-30T19:16:02.467+0000] {dag.py:2676} INFO - Sync 1 DAGs
[2025-09-30T19:16:02.485+0000] {logging_mixin.py:137} INFO - [2025-09-30T19:16:02.484+0000] {dag.py:3427} INFO - Setting next_dagrun for dag3 to 2023-01-01T00:00:00+00:00, run_after=2023-01-02T00:00:00+00:00
[2025-09-30T19:16:02.503+0000] {processor.py:175} INFO - Processing /opt/airflow/dags/dag3.py took 0.079 seconds
[2025-09-30T19:16:33.011+0000] {processor.py:153} INFO - Started process (PID=461) to work on /opt/airflow/dags/dag3.py
[2025-09-30T19:16:33.012+0000] {processor.py:743} INFO - Processing file /opt/airflow/dags/dag3.py for tasks to queue
[2025-09-30T19:16:33.013+0000] {logging_mixin.py:137} INFO - [2025-09-30T19:16:33.013+0000] {dagbag.py:538} INFO - Filling up the DagBag from /opt/airflow/dags/dag3.py
[2025-09-30T19:16:33.029+0000] {processor.py:753} INFO - DAG(s) dict_keys(['dag3']) retrieved from /opt/airflow/dags/dag3.py
[2025-09-30T19:16:33.054+0000] {logging_mixin.py:137} INFO - [2025-09-30T19:16:33.054+0000] {dag.py:2676} INFO - Sync 1 DAGs
[2025-09-30T19:16:33.071+0000] {logging_mixin.py:137} INFO - [2025-09-30T19:16:33.071+0000] {dag.py:3427} INFO - Setting next_dagrun for dag3 to 2023-01-01T00:00:00+00:00, run_after=2023-01-02T00:00:00+00:00
[2025-09-30T19:16:33.090+0000] {processor.py:175} INFO - Processing /opt/airflow/dags/dag3.py took 0.081 seconds
